---------------------------------------------------------------------------------------
                    RDMA_Read BW Test
 Dual-port       : OFF		Device         : mlx5_0
 Number of qps   : 34		Transport type : IB
 Connection type : RC		Using SRQ      : OFF
 PCIe relax order: ON
 ibv_wr* API     : ON
 TX depth        : 128
 CQ Moderation   : 100
 Mtu             : 1024[B]
 Link type       : Ethernet
 GID index       : 3
 Outstand reads  : 16
 rdma_cm QPs	 : OFF
 Data ex. method : Ethernet
---------------------------------------------------------------------------------------
 local address: LID 0000 QPN 0x0a9c PSN 0x77dfde OUT 0x10 RKey 0x001976 VAddr 0x007f8e5a8e3000
 GID: 00:00:00:00:00:00:00:00:00:00:255:255:192:168:00:02
 local address: LID 0000 QPN 0x0a9d PSN 0x9b2f70 OUT 0x10 RKey 0x001976 VAddr 0x007f8e5a8e4000
 GID: 00:00:00:00:00:00:00:00:00:00:255:255:192:168:00:02
 local address: LID 0000 QPN 0x0a9e PSN 0x6353fa OUT 0x10 RKey 0x001976 VAddr 0x007f8e5a8e5000
 GID: 00:00:00:00:00:00:00:00:00:00:255:255:192:168:00:02
 local address: LID 0000 QPN 0x0a9f PSN 0x5bfcc1 OUT 0x10 RKey 0x001976 VAddr 0x007f8e5a8e6000
 GID: 00:00:00:00:00:00:00:00:00:00:255:255:192:168:00:02
 local address: LID 0000 QPN 0x0aa0 PSN 0x9dba40 OUT 0x10 RKey 0x001976 VAddr 0x007f8e5a8e7000
 GID: 00:00:00:00:00:00:00:00:00:00:255:255:192:168:00:02
 local address: LID 0000 QPN 0x0aa1 PSN 0x1622a2 OUT 0x10 RKey 0x001976 VAddr 0x007f8e5a8e8000
 GID: 00:00:00:00:00:00:00:00:00:00:255:255:192:168:00:02
 local address: LID 0000 QPN 0x0aa2 PSN 0xcc0c59 OUT 0x10 RKey 0x001976 VAddr 0x007f8e5a8e9000
 GID: 00:00:00:00:00:00:00:00:00:00:255:255:192:168:00:02
 local address: LID 0000 QPN 0x0aa3 PSN 0xca73de OUT 0x10 RKey 0x001976 VAddr 0x007f8e5a8ea000
 GID: 00:00:00:00:00:00:00:00:00:00:255:255:192:168:00:02
 local address: LID 0000 QPN 0x0aa4 PSN 0xc3a32a OUT 0x10 RKey 0x001976 VAddr 0x007f8e5a8eb000
 GID: 00:00:00:00:00:00:00:00:00:00:255:255:192:168:00:02
 local address: LID 0000 QPN 0x0aa5 PSN 0x62b264 OUT 0x10 RKey 0x001976 VAddr 0x007f8e5a8ec000
 GID: 00:00:00:00:00:00:00:00:00:00:255:255:192:168:00:02
 local address: LID 0000 QPN 0x0aa6 PSN 0x8d0238 OUT 0x10 RKey 0x001976 VAddr 0x007f8e5a8ed000
 GID: 00:00:00:00:00:00:00:00:00:00:255:255:192:168:00:02
 local address: LID 0000 QPN 0x0aa7 PSN 0xe3026b OUT 0x10 RKey 0x001976 VAddr 0x007f8e5a8ee000
 GID: 00:00:00:00:00:00:00:00:00:00:255:255:192:168:00:02
 local address: LID 0000 QPN 0x0aa8 PSN 0x81177b OUT 0x10 RKey 0x001976 VAddr 0x007f8e5a8ef000
 GID: 00:00:00:00:00:00:00:00:00:00:255:255:192:168:00:02
 local address: LID 0000 QPN 0x0aa9 PSN 0xbf6b0c OUT 0x10 RKey 0x001976 VAddr 0x007f8e5a8f0000
 GID: 00:00:00:00:00:00:00:00:00:00:255:255:192:168:00:02
 local address: LID 0000 QPN 0x0aaa PSN 0x3ce0da OUT 0x10 RKey 0x001976 VAddr 0x007f8e5a8f1000
 GID: 00:00:00:00:00:00:00:00:00:00:255:255:192:168:00:02
 local address: LID 0000 QPN 0x0aab PSN 0x316896 OUT 0x10 RKey 0x001976 VAddr 0x007f8e5a8f2000
 GID: 00:00:00:00:00:00:00:00:00:00:255:255:192:168:00:02
 local address: LID 0000 QPN 0x0aac PSN 0x6cc6f3 OUT 0x10 RKey 0x001976 VAddr 0x007f8e5a8f3000
 GID: 00:00:00:00:00:00:00:00:00:00:255:255:192:168:00:02
 local address: LID 0000 QPN 0x0aad PSN 0x769f31 OUT 0x10 RKey 0x001976 VAddr 0x007f8e5a8f4000
 GID: 00:00:00:00:00:00:00:00:00:00:255:255:192:168:00:02
 local address: LID 0000 QPN 0x0aae PSN 0x970cb8 OUT 0x10 RKey 0x001976 VAddr 0x007f8e5a8f5000
 GID: 00:00:00:00:00:00:00:00:00:00:255:255:192:168:00:02
 local address: LID 0000 QPN 0x0aaf PSN 0xa02345 OUT 0x10 RKey 0x001976 VAddr 0x007f8e5a8f6000
 GID: 00:00:00:00:00:00:00:00:00:00:255:255:192:168:00:02
 local address: LID 0000 QPN 0x0ab0 PSN 0x455bc2 OUT 0x10 RKey 0x001976 VAddr 0x007f8e5a8f7000
 GID: 00:00:00:00:00:00:00:00:00:00:255:255:192:168:00:02
 local address: LID 0000 QPN 0x0ab1 PSN 0xb95969 OUT 0x10 RKey 0x001976 VAddr 0x007f8e5a8f8000
 GID: 00:00:00:00:00:00:00:00:00:00:255:255:192:168:00:02
 local address: LID 0000 QPN 0x0ab2 PSN 0xc0df19 OUT 0x10 RKey 0x001976 VAddr 0x007f8e5a8f9000
 GID: 00:00:00:00:00:00:00:00:00:00:255:255:192:168:00:02
 local address: LID 0000 QPN 0x0ab3 PSN 0x7728ad OUT 0x10 RKey 0x001976 VAddr 0x007f8e5a8fa000
 GID: 00:00:00:00:00:00:00:00:00:00:255:255:192:168:00:02
 local address: LID 0000 QPN 0x0ab4 PSN 0x6af0aa OUT 0x10 RKey 0x001976 VAddr 0x007f8e5a8fb000
 GID: 00:00:00:00:00:00:00:00:00:00:255:255:192:168:00:02
 local address: LID 0000 QPN 0x0ab5 PSN 0x38682d OUT 0x10 RKey 0x001976 VAddr 0x007f8e5a8fc000
 GID: 00:00:00:00:00:00:00:00:00:00:255:255:192:168:00:02
 local address: LID 0000 QPN 0x0ab6 PSN 0x78c14a OUT 0x10 RKey 0x001976 VAddr 0x007f8e5a8fd000
 GID: 00:00:00:00:00:00:00:00:00:00:255:255:192:168:00:02
 local address: LID 0000 QPN 0x0ab7 PSN 0x589c04 OUT 0x10 RKey 0x001976 VAddr 0x007f8e5a8fe000
 GID: 00:00:00:00:00:00:00:00:00:00:255:255:192:168:00:02
 local address: LID 0000 QPN 0x0ab8 PSN 0x17fd3 OUT 0x10 RKey 0x001976 VAddr 0x007f8e5a8ff000
 GID: 00:00:00:00:00:00:00:00:00:00:255:255:192:168:00:02
 local address: LID 0000 QPN 0x0ab9 PSN 0x8f05d9 OUT 0x10 RKey 0x001976 VAddr 0x007f8e5a900000
 GID: 00:00:00:00:00:00:00:00:00:00:255:255:192:168:00:02
 local address: LID 0000 QPN 0x0aba PSN 0x49817b OUT 0x10 RKey 0x001976 VAddr 0x007f8e5a901000
 GID: 00:00:00:00:00:00:00:00:00:00:255:255:192:168:00:02
 local address: LID 0000 QPN 0x0abb PSN 0x4fca4e OUT 0x10 RKey 0x001976 VAddr 0x007f8e5a902000
 GID: 00:00:00:00:00:00:00:00:00:00:255:255:192:168:00:02
 local address: LID 0000 QPN 0x0abc PSN 0xf342b OUT 0x10 RKey 0x001976 VAddr 0x007f8e5a903000
 GID: 00:00:00:00:00:00:00:00:00:00:255:255:192:168:00:02
 local address: LID 0000 QPN 0x0abd PSN 0x8bed0 OUT 0x10 RKey 0x001976 VAddr 0x007f8e5a904000
 GID: 00:00:00:00:00:00:00:00:00:00:255:255:192:168:00:02
 remote address: LID 0000 QPN 0x0a9e PSN 0x9b5cec OUT 0x10 RKey 0x001a9b VAddr 0x007f81b5f30000
 GID: 00:00:00:00:00:00:00:00:00:00:255:255:192:168:00:01
 remote address: LID 0000 QPN 0x0a9f PSN 0xfa0266 OUT 0x10 RKey 0x001a9b VAddr 0x007f81b5f31000
 GID: 00:00:00:00:00:00:00:00:00:00:255:255:192:168:00:01
 remote address: LID 0000 QPN 0x0aa0 PSN 0x142ab8 OUT 0x10 RKey 0x001a9b VAddr 0x007f81b5f32000
 GID: 00:00:00:00:00:00:00:00:00:00:255:255:192:168:00:01
 remote address: LID 0000 QPN 0x0aa1 PSN 0xbe1fa7 OUT 0x10 RKey 0x001a9b VAddr 0x007f81b5f33000
 GID: 00:00:00:00:00:00:00:00:00:00:255:255:192:168:00:01
 remote address: LID 0000 QPN 0x0aa2 PSN 0xc93a2e OUT 0x10 RKey 0x001a9b VAddr 0x007f81b5f34000
 GID: 00:00:00:00:00:00:00:00:00:00:255:255:192:168:00:01
 remote address: LID 0000 QPN 0x0aa3 PSN 0xf36ef8 OUT 0x10 RKey 0x001a9b VAddr 0x007f81b5f35000
 GID: 00:00:00:00:00:00:00:00:00:00:255:255:192:168:00:01
 remote address: LID 0000 QPN 0x0aa4 PSN 0xe2d0f7 OUT 0x10 RKey 0x001a9b VAddr 0x007f81b5f36000
 GID: 00:00:00:00:00:00:00:00:00:00:255:255:192:168:00:01
 remote address: LID 0000 QPN 0x0aa5 PSN 0xca1f24 OUT 0x10 RKey 0x001a9b VAddr 0x007f81b5f37000
 GID: 00:00:00:00:00:00:00:00:00:00:255:255:192:168:00:01
 remote address: LID 0000 QPN 0x0aa6 PSN 0x873f8 OUT 0x10 RKey 0x001a9b VAddr 0x007f81b5f38000
 GID: 00:00:00:00:00:00:00:00:00:00:255:255:192:168:00:01
 remote address: LID 0000 QPN 0x0aa7 PSN 0x30ae1a OUT 0x10 RKey 0x001a9b VAddr 0x007f81b5f39000
 GID: 00:00:00:00:00:00:00:00:00:00:255:255:192:168:00:01
 remote address: LID 0000 QPN 0x0aa8 PSN 0x2eb2b6 OUT 0x10 RKey 0x001a9b VAddr 0x007f81b5f3a000
 GID: 00:00:00:00:00:00:00:00:00:00:255:255:192:168:00:01
 remote address: LID 0000 QPN 0x0aa9 PSN 0x745c11 OUT 0x10 RKey 0x001a9b VAddr 0x007f81b5f3b000
 GID: 00:00:00:00:00:00:00:00:00:00:255:255:192:168:00:01
 remote address: LID 0000 QPN 0x0aaa PSN 0xf76729 OUT 0x10 RKey 0x001a9b VAddr 0x007f81b5f3c000
 GID: 00:00:00:00:00:00:00:00:00:00:255:255:192:168:00:01
 remote address: LID 0000 QPN 0x0aab PSN 0x1dac22 OUT 0x10 RKey 0x001a9b VAddr 0x007f81b5f3d000
 GID: 00:00:00:00:00:00:00:00:00:00:255:255:192:168:00:01
 remote address: LID 0000 QPN 0x0aac PSN 0x205b38 OUT 0x10 RKey 0x001a9b VAddr 0x007f81b5f3e000
 GID: 00:00:00:00:00:00:00:00:00:00:255:255:192:168:00:01
 remote address: LID 0000 QPN 0x0aad PSN 0xa4f69c OUT 0x10 RKey 0x001a9b VAddr 0x007f81b5f3f000
 GID: 00:00:00:00:00:00:00:00:00:00:255:255:192:168:00:01
 remote address: LID 0000 QPN 0x0aae PSN 0xc1a381 OUT 0x10 RKey 0x001a9b VAddr 0x007f81b5f40000
 GID: 00:00:00:00:00:00:00:00:00:00:255:255:192:168:00:01
 remote address: LID 0000 QPN 0x0aaf PSN 0xa81ba7 OUT 0x10 RKey 0x001a9b VAddr 0x007f81b5f41000
 GID: 00:00:00:00:00:00:00:00:00:00:255:255:192:168:00:01
 remote address: LID 0000 QPN 0x0ab0 PSN 0x430ef6 OUT 0x10 RKey 0x001a9b VAddr 0x007f81b5f42000
 GID: 00:00:00:00:00:00:00:00:00:00:255:255:192:168:00:01
 remote address: LID 0000 QPN 0x0ab1 PSN 0x8cbab OUT 0x10 RKey 0x001a9b VAddr 0x007f81b5f43000
 GID: 00:00:00:00:00:00:00:00:00:00:255:255:192:168:00:01
 remote address: LID 0000 QPN 0x0ab2 PSN 0x28b330 OUT 0x10 RKey 0x001a9b VAddr 0x007f81b5f44000
 GID: 00:00:00:00:00:00:00:00:00:00:255:255:192:168:00:01
 remote address: LID 0000 QPN 0x0ab3 PSN 0x7a673f OUT 0x10 RKey 0x001a9b VAddr 0x007f81b5f45000
 GID: 00:00:00:00:00:00:00:00:00:00:255:255:192:168:00:01
 remote address: LID 0000 QPN 0x0ab4 PSN 0xaa0737 OUT 0x10 RKey 0x001a9b VAddr 0x007f81b5f46000
 GID: 00:00:00:00:00:00:00:00:00:00:255:255:192:168:00:01
 remote address: LID 0000 QPN 0x0ab5 PSN 0x703173 OUT 0x10 RKey 0x001a9b VAddr 0x007f81b5f47000
 GID: 00:00:00:00:00:00:00:00:00:00:255:255:192:168:00:01
 remote address: LID 0000 QPN 0x0ab6 PSN 0xdd90f8 OUT 0x10 RKey 0x001a9b VAddr 0x007f81b5f48000
 GID: 00:00:00:00:00:00:00:00:00:00:255:255:192:168:00:01
 remote address: LID 0000 QPN 0x0ab7 PSN 0xf4bd63 OUT 0x10 RKey 0x001a9b VAddr 0x007f81b5f49000
 GID: 00:00:00:00:00:00:00:00:00:00:255:255:192:168:00:01
 remote address: LID 0000 QPN 0x0ab8 PSN 0xff8d48 OUT 0x10 RKey 0x001a9b VAddr 0x007f81b5f4a000
 GID: 00:00:00:00:00:00:00:00:00:00:255:255:192:168:00:01
 remote address: LID 0000 QPN 0x0ab9 PSN 0x2bab2a OUT 0x10 RKey 0x001a9b VAddr 0x007f81b5f4b000
 GID: 00:00:00:00:00:00:00:00:00:00:255:255:192:168:00:01
 remote address: LID 0000 QPN 0x0aba PSN 0x831701 OUT 0x10 RKey 0x001a9b VAddr 0x007f81b5f4c000
 GID: 00:00:00:00:00:00:00:00:00:00:255:255:192:168:00:01
 remote address: LID 0000 QPN 0x0abb PSN 0xf7b86f OUT 0x10 RKey 0x001a9b VAddr 0x007f81b5f4d000
 GID: 00:00:00:00:00:00:00:00:00:00:255:255:192:168:00:01
 remote address: LID 0000 QPN 0x0abc PSN 0x984f59 OUT 0x10 RKey 0x001a9b VAddr 0x007f81b5f4e000
 GID: 00:00:00:00:00:00:00:00:00:00:255:255:192:168:00:01
 remote address: LID 0000 QPN 0x0abd PSN 0x7ae5d4 OUT 0x10 RKey 0x001a9b VAddr 0x007f81b5f4f000
 GID: 00:00:00:00:00:00:00:00:00:00:255:255:192:168:00:01
 remote address: LID 0000 QPN 0x0abe PSN 0xac5039 OUT 0x10 RKey 0x001a9b VAddr 0x007f81b5f50000
 GID: 00:00:00:00:00:00:00:00:00:00:255:255:192:168:00:01
 remote address: LID 0000 QPN 0x0abf PSN 0xa44c6 OUT 0x10 RKey 0x001a9b VAddr 0x007f81b5f51000
 GID: 00:00:00:00:00:00:00:00:00:00:255:255:192:168:00:01
---------------------------------------------------------------------------------------
 #bytes     #iterations    BW peak[MB/sec]    BW average[MB/sec]   MsgRate[Mpps]
 4096       34000            13095.01            12907.08		   3.304213
---------------------------------------------------------------------------------------
