---------------------------------------------------------------------------------------
                    RDMA_Read BW Test
 Dual-port       : OFF		Device         : mlx5_0
 Number of qps   : 36		Transport type : IB
 Connection type : RC		Using SRQ      : OFF
 PCIe relax order: ON
 ibv_wr* API     : ON
 TX depth        : 128
 CQ Moderation   : 100
 Mtu             : 1024[B]
 Link type       : Ethernet
 GID index       : 3
 Outstand reads  : 16
 rdma_cm QPs	 : OFF
 Data ex. method : Ethernet
---------------------------------------------------------------------------------------
 local address: LID 0000 QPN 0x0abe PSN 0x62cd0b OUT 0x10 RKey 0x001977 VAddr 0x007f9c1526b000
 GID: 00:00:00:00:00:00:00:00:00:00:255:255:192:168:00:02
 local address: LID 0000 QPN 0x0abf PSN 0x349999 OUT 0x10 RKey 0x001977 VAddr 0x007f9c1526c000
 GID: 00:00:00:00:00:00:00:00:00:00:255:255:192:168:00:02
 local address: LID 0000 QPN 0x0ac0 PSN 0xe25d6f OUT 0x10 RKey 0x001977 VAddr 0x007f9c1526d000
 GID: 00:00:00:00:00:00:00:00:00:00:255:255:192:168:00:02
 local address: LID 0000 QPN 0x0ac1 PSN 0xce2192 OUT 0x10 RKey 0x001977 VAddr 0x007f9c1526e000
 GID: 00:00:00:00:00:00:00:00:00:00:255:255:192:168:00:02
 local address: LID 0000 QPN 0x0ac2 PSN 0xf72d3d OUT 0x10 RKey 0x001977 VAddr 0x007f9c1526f000
 GID: 00:00:00:00:00:00:00:00:00:00:255:255:192:168:00:02
 local address: LID 0000 QPN 0x0ac3 PSN 0xb7665b OUT 0x10 RKey 0x001977 VAddr 0x007f9c15270000
 GID: 00:00:00:00:00:00:00:00:00:00:255:255:192:168:00:02
 local address: LID 0000 QPN 0x0ac4 PSN 0xda181e OUT 0x10 RKey 0x001977 VAddr 0x007f9c15271000
 GID: 00:00:00:00:00:00:00:00:00:00:255:255:192:168:00:02
 local address: LID 0000 QPN 0x0ac5 PSN 0xf474bf OUT 0x10 RKey 0x001977 VAddr 0x007f9c15272000
 GID: 00:00:00:00:00:00:00:00:00:00:255:255:192:168:00:02
 local address: LID 0000 QPN 0x0ac6 PSN 0xdc28f7 OUT 0x10 RKey 0x001977 VAddr 0x007f9c15273000
 GID: 00:00:00:00:00:00:00:00:00:00:255:255:192:168:00:02
 local address: LID 0000 QPN 0x0ac7 PSN 0x5d8ad OUT 0x10 RKey 0x001977 VAddr 0x007f9c15274000
 GID: 00:00:00:00:00:00:00:00:00:00:255:255:192:168:00:02
 local address: LID 0000 QPN 0x0ac8 PSN 0xb5e54d OUT 0x10 RKey 0x001977 VAddr 0x007f9c15275000
 GID: 00:00:00:00:00:00:00:00:00:00:255:255:192:168:00:02
 local address: LID 0000 QPN 0x0ac9 PSN 0xac905c OUT 0x10 RKey 0x001977 VAddr 0x007f9c15276000
 GID: 00:00:00:00:00:00:00:00:00:00:255:255:192:168:00:02
 local address: LID 0000 QPN 0x0aca PSN 0x50d18 OUT 0x10 RKey 0x001977 VAddr 0x007f9c15277000
 GID: 00:00:00:00:00:00:00:00:00:00:255:255:192:168:00:02
 local address: LID 0000 QPN 0x0acb PSN 0x560ce5 OUT 0x10 RKey 0x001977 VAddr 0x007f9c15278000
 GID: 00:00:00:00:00:00:00:00:00:00:255:255:192:168:00:02
 local address: LID 0000 QPN 0x0acc PSN 0xd4c03f OUT 0x10 RKey 0x001977 VAddr 0x007f9c15279000
 GID: 00:00:00:00:00:00:00:00:00:00:255:255:192:168:00:02
 local address: LID 0000 QPN 0x0acd PSN 0xac4497 OUT 0x10 RKey 0x001977 VAddr 0x007f9c1527a000
 GID: 00:00:00:00:00:00:00:00:00:00:255:255:192:168:00:02
 local address: LID 0000 QPN 0x0ace PSN 0x515960 OUT 0x10 RKey 0x001977 VAddr 0x007f9c1527b000
 GID: 00:00:00:00:00:00:00:00:00:00:255:255:192:168:00:02
 local address: LID 0000 QPN 0x0acf PSN 0xd2e59a OUT 0x10 RKey 0x001977 VAddr 0x007f9c1527c000
 GID: 00:00:00:00:00:00:00:00:00:00:255:255:192:168:00:02
 local address: LID 0000 QPN 0x0ad0 PSN 0xef5d6d OUT 0x10 RKey 0x001977 VAddr 0x007f9c1527d000
 GID: 00:00:00:00:00:00:00:00:00:00:255:255:192:168:00:02
 local address: LID 0000 QPN 0x0ad1 PSN 0x991e56 OUT 0x10 RKey 0x001977 VAddr 0x007f9c1527e000
 GID: 00:00:00:00:00:00:00:00:00:00:255:255:192:168:00:02
 local address: LID 0000 QPN 0x0ad2 PSN 0x8587ff OUT 0x10 RKey 0x001977 VAddr 0x007f9c1527f000
 GID: 00:00:00:00:00:00:00:00:00:00:255:255:192:168:00:02
 local address: LID 0000 QPN 0x0ad3 PSN 0x6fd62 OUT 0x10 RKey 0x001977 VAddr 0x007f9c15280000
 GID: 00:00:00:00:00:00:00:00:00:00:255:255:192:168:00:02
 local address: LID 0000 QPN 0x0ad4 PSN 0xad661e OUT 0x10 RKey 0x001977 VAddr 0x007f9c15281000
 GID: 00:00:00:00:00:00:00:00:00:00:255:255:192:168:00:02
 local address: LID 0000 QPN 0x0ad5 PSN 0x1723ce OUT 0x10 RKey 0x001977 VAddr 0x007f9c15282000
 GID: 00:00:00:00:00:00:00:00:00:00:255:255:192:168:00:02
 local address: LID 0000 QPN 0x0ad6 PSN 0x9483b7 OUT 0x10 RKey 0x001977 VAddr 0x007f9c15283000
 GID: 00:00:00:00:00:00:00:00:00:00:255:255:192:168:00:02
 local address: LID 0000 QPN 0x0ad7 PSN 0x5b2b6 OUT 0x10 RKey 0x001977 VAddr 0x007f9c15284000
 GID: 00:00:00:00:00:00:00:00:00:00:255:255:192:168:00:02
 local address: LID 0000 QPN 0x0ad8 PSN 0x24939f OUT 0x10 RKey 0x001977 VAddr 0x007f9c15285000
 GID: 00:00:00:00:00:00:00:00:00:00:255:255:192:168:00:02
 local address: LID 0000 QPN 0x0ad9 PSN 0xd58835 OUT 0x10 RKey 0x001977 VAddr 0x007f9c15286000
 GID: 00:00:00:00:00:00:00:00:00:00:255:255:192:168:00:02
 local address: LID 0000 QPN 0x0ada PSN 0x9216b0 OUT 0x10 RKey 0x001977 VAddr 0x007f9c15287000
 GID: 00:00:00:00:00:00:00:00:00:00:255:255:192:168:00:02
 local address: LID 0000 QPN 0x0adb PSN 0x65cff2 OUT 0x10 RKey 0x001977 VAddr 0x007f9c15288000
 GID: 00:00:00:00:00:00:00:00:00:00:255:255:192:168:00:02
 local address: LID 0000 QPN 0x0adc PSN 0x5c0420 OUT 0x10 RKey 0x001977 VAddr 0x007f9c15289000
 GID: 00:00:00:00:00:00:00:00:00:00:255:255:192:168:00:02
 local address: LID 0000 QPN 0x0add PSN 0xada88f OUT 0x10 RKey 0x001977 VAddr 0x007f9c1528a000
 GID: 00:00:00:00:00:00:00:00:00:00:255:255:192:168:00:02
 local address: LID 0000 QPN 0x0ade PSN 0xa13bd8 OUT 0x10 RKey 0x001977 VAddr 0x007f9c1528b000
 GID: 00:00:00:00:00:00:00:00:00:00:255:255:192:168:00:02
 local address: LID 0000 QPN 0x0adf PSN 0x977179 OUT 0x10 RKey 0x001977 VAddr 0x007f9c1528c000
 GID: 00:00:00:00:00:00:00:00:00:00:255:255:192:168:00:02
 local address: LID 0000 QPN 0x0ae0 PSN 0xf9c32b OUT 0x10 RKey 0x001977 VAddr 0x007f9c1528d000
 GID: 00:00:00:00:00:00:00:00:00:00:255:255:192:168:00:02
 local address: LID 0000 QPN 0x0ae1 PSN 0x9bc3a5 OUT 0x10 RKey 0x001977 VAddr 0x007f9c1528e000
 GID: 00:00:00:00:00:00:00:00:00:00:255:255:192:168:00:02
 remote address: LID 0000 QPN 0x0ac0 PSN 0xeb0ed8 OUT 0x10 RKey 0x001a9c VAddr 0x007f8001a67000
 GID: 00:00:00:00:00:00:00:00:00:00:255:255:192:168:00:01
 remote address: LID 0000 QPN 0x0ac1 PSN 0xc93f19 OUT 0x10 RKey 0x001a9c VAddr 0x007f8001a68000
 GID: 00:00:00:00:00:00:00:00:00:00:255:255:192:168:00:01
 remote address: LID 0000 QPN 0x0ac2 PSN 0x6761b9 OUT 0x10 RKey 0x001a9c VAddr 0x007f8001a69000
 GID: 00:00:00:00:00:00:00:00:00:00:255:255:192:168:00:01
 remote address: LID 0000 QPN 0x0ac3 PSN 0xcfddd OUT 0x10 RKey 0x001a9c VAddr 0x007f8001a6a000
 GID: 00:00:00:00:00:00:00:00:00:00:255:255:192:168:00:01
 remote address: LID 0000 QPN 0x0ac4 PSN 0x40ce63 OUT 0x10 RKey 0x001a9c VAddr 0x007f8001a6b000
 GID: 00:00:00:00:00:00:00:00:00:00:255:255:192:168:00:01
 remote address: LID 0000 QPN 0x0ac5 PSN 0x6ab453 OUT 0x10 RKey 0x001a9c VAddr 0x007f8001a6c000
 GID: 00:00:00:00:00:00:00:00:00:00:255:255:192:168:00:01
 remote address: LID 0000 QPN 0x0ac6 PSN 0x68a780 OUT 0x10 RKey 0x001a9c VAddr 0x007f8001a6d000
 GID: 00:00:00:00:00:00:00:00:00:00:255:255:192:168:00:01
 remote address: LID 0000 QPN 0x0ac7 PSN 0x5b1a43 OUT 0x10 RKey 0x001a9c VAddr 0x007f8001a6e000
 GID: 00:00:00:00:00:00:00:00:00:00:255:255:192:168:00:01
 remote address: LID 0000 QPN 0x0ac8 PSN 0x7ec6f5 OUT 0x10 RKey 0x001a9c VAddr 0x007f8001a6f000
 GID: 00:00:00:00:00:00:00:00:00:00:255:255:192:168:00:01
 remote address: LID 0000 QPN 0x0ac9 PSN 0xe6de9c OUT 0x10 RKey 0x001a9c VAddr 0x007f8001a70000
 GID: 00:00:00:00:00:00:00:00:00:00:255:255:192:168:00:01
 remote address: LID 0000 QPN 0x0aca PSN 0xa49946 OUT 0x10 RKey 0x001a9c VAddr 0x007f8001a71000
 GID: 00:00:00:00:00:00:00:00:00:00:255:255:192:168:00:01
 remote address: LID 0000 QPN 0x0acb PSN 0x35a98 OUT 0x10 RKey 0x001a9c VAddr 0x007f8001a72000
 GID: 00:00:00:00:00:00:00:00:00:00:255:255:192:168:00:01
 remote address: LID 0000 QPN 0x0acc PSN 0x849d6e OUT 0x10 RKey 0x001a9c VAddr 0x007f8001a73000
 GID: 00:00:00:00:00:00:00:00:00:00:255:255:192:168:00:01
 remote address: LID 0000 QPN 0x0acd PSN 0x25524c OUT 0x10 RKey 0x001a9c VAddr 0x007f8001a74000
 GID: 00:00:00:00:00:00:00:00:00:00:255:255:192:168:00:01
 remote address: LID 0000 QPN 0x0ace PSN 0xda4a50 OUT 0x10 RKey 0x001a9c VAddr 0x007f8001a75000
 GID: 00:00:00:00:00:00:00:00:00:00:255:255:192:168:00:01
 remote address: LID 0000 QPN 0x0acf PSN 0x35c70a OUT 0x10 RKey 0x001a9c VAddr 0x007f8001a76000
 GID: 00:00:00:00:00:00:00:00:00:00:255:255:192:168:00:01
 remote address: LID 0000 QPN 0x0ad0 PSN 0x8ba98e OUT 0x10 RKey 0x001a9c VAddr 0x007f8001a77000
 GID: 00:00:00:00:00:00:00:00:00:00:255:255:192:168:00:01
 remote address: LID 0000 QPN 0x0ad1 PSN 0xa1e9f9 OUT 0x10 RKey 0x001a9c VAddr 0x007f8001a78000
 GID: 00:00:00:00:00:00:00:00:00:00:255:255:192:168:00:01
 remote address: LID 0000 QPN 0x0ad2 PSN 0xc0717 OUT 0x10 RKey 0x001a9c VAddr 0x007f8001a79000
 GID: 00:00:00:00:00:00:00:00:00:00:255:255:192:168:00:01
 remote address: LID 0000 QPN 0x0ad3 PSN 0x7da481 OUT 0x10 RKey 0x001a9c VAddr 0x007f8001a7a000
 GID: 00:00:00:00:00:00:00:00:00:00:255:255:192:168:00:01
 remote address: LID 0000 QPN 0x0ad4 PSN 0x77bd84 OUT 0x10 RKey 0x001a9c VAddr 0x007f8001a7b000
 GID: 00:00:00:00:00:00:00:00:00:00:255:255:192:168:00:01
 remote address: LID 0000 QPN 0x0ad5 PSN 0x4fb83a OUT 0x10 RKey 0x001a9c VAddr 0x007f8001a7c000
 GID: 00:00:00:00:00:00:00:00:00:00:255:255:192:168:00:01
 remote address: LID 0000 QPN 0x0ad6 PSN 0x2c90e0 OUT 0x10 RKey 0x001a9c VAddr 0x007f8001a7d000
 GID: 00:00:00:00:00:00:00:00:00:00:255:255:192:168:00:01
 remote address: LID 0000 QPN 0x0ad7 PSN 0x83132 OUT 0x10 RKey 0x001a9c VAddr 0x007f8001a7e000
 GID: 00:00:00:00:00:00:00:00:00:00:255:255:192:168:00:01
 remote address: LID 0000 QPN 0x0ad8 PSN 0xf89c15 OUT 0x10 RKey 0x001a9c VAddr 0x007f8001a7f000
 GID: 00:00:00:00:00:00:00:00:00:00:255:255:192:168:00:01
 remote address: LID 0000 QPN 0x0ad9 PSN 0xba1386 OUT 0x10 RKey 0x001a9c VAddr 0x007f8001a80000
 GID: 00:00:00:00:00:00:00:00:00:00:255:255:192:168:00:01
 remote address: LID 0000 QPN 0x0ada PSN 0x3638f9 OUT 0x10 RKey 0x001a9c VAddr 0x007f8001a81000
 GID: 00:00:00:00:00:00:00:00:00:00:255:255:192:168:00:01
 remote address: LID 0000 QPN 0x0adb PSN 0x695851 OUT 0x10 RKey 0x001a9c VAddr 0x007f8001a82000
 GID: 00:00:00:00:00:00:00:00:00:00:255:255:192:168:00:01
 remote address: LID 0000 QPN 0x0adc PSN 0xd46765 OUT 0x10 RKey 0x001a9c VAddr 0x007f8001a83000
 GID: 00:00:00:00:00:00:00:00:00:00:255:255:192:168:00:01
 remote address: LID 0000 QPN 0x0add PSN 0x773e3a OUT 0x10 RKey 0x001a9c VAddr 0x007f8001a84000
 GID: 00:00:00:00:00:00:00:00:00:00:255:255:192:168:00:01
 remote address: LID 0000 QPN 0x0ade PSN 0xc63591 OUT 0x10 RKey 0x001a9c VAddr 0x007f8001a85000
 GID: 00:00:00:00:00:00:00:00:00:00:255:255:192:168:00:01
 remote address: LID 0000 QPN 0x0adf PSN 0xf2aee3 OUT 0x10 RKey 0x001a9c VAddr 0x007f8001a86000
 GID: 00:00:00:00:00:00:00:00:00:00:255:255:192:168:00:01
 remote address: LID 0000 QPN 0x0ae0 PSN 0xadf266 OUT 0x10 RKey 0x001a9c VAddr 0x007f8001a87000
 GID: 00:00:00:00:00:00:00:00:00:00:255:255:192:168:00:01
 remote address: LID 0000 QPN 0x0ae1 PSN 0x764cb9 OUT 0x10 RKey 0x001a9c VAddr 0x007f8001a88000
 GID: 00:00:00:00:00:00:00:00:00:00:255:255:192:168:00:01
 remote address: LID 0000 QPN 0x0ae2 PSN 0x622a35 OUT 0x10 RKey 0x001a9c VAddr 0x007f8001a89000
 GID: 00:00:00:00:00:00:00:00:00:00:255:255:192:168:00:01
 remote address: LID 0000 QPN 0x0ae3 PSN 0x642bb1 OUT 0x10 RKey 0x001a9c VAddr 0x007f8001a8a000
 GID: 00:00:00:00:00:00:00:00:00:00:255:255:192:168:00:01
---------------------------------------------------------------------------------------
 #bytes     #iterations    BW peak[MB/sec]    BW average[MB/sec]   MsgRate[Mpps]
 4096       36000            13112.66            12944.77		   3.313860
---------------------------------------------------------------------------------------
