---------------------------------------------------------------------------------------
                    RDMA_Read BW Test
 Dual-port       : OFF		Device         : mlx5_0
 Number of qps   : 30		Transport type : IB
 Connection type : RC		Using SRQ      : OFF
 PCIe relax order: ON
 ibv_wr* API     : ON
 TX depth        : 128
 CQ Moderation   : 100
 Mtu             : 1024[B]
 Link type       : Ethernet
 GID index       : 3
 Outstand reads  : 16
 rdma_cm QPs	 : OFF
 Data ex. method : Ethernet
---------------------------------------------------------------------------------------
 local address: LID 0000 QPN 0x0a5e PSN 0xbe6c98 OUT 0x10 RKey 0x001974 VAddr 0x007fe40bbd2000
 GID: 00:00:00:00:00:00:00:00:00:00:255:255:192:168:00:02
 local address: LID 0000 QPN 0x0a5f PSN 0x8c36a2 OUT 0x10 RKey 0x001974 VAddr 0x007fe40bbd3000
 GID: 00:00:00:00:00:00:00:00:00:00:255:255:192:168:00:02
 local address: LID 0000 QPN 0x0a60 PSN 0x925044 OUT 0x10 RKey 0x001974 VAddr 0x007fe40bbd4000
 GID: 00:00:00:00:00:00:00:00:00:00:255:255:192:168:00:02
 local address: LID 0000 QPN 0x0a61 PSN 0x3fe443 OUT 0x10 RKey 0x001974 VAddr 0x007fe40bbd5000
 GID: 00:00:00:00:00:00:00:00:00:00:255:255:192:168:00:02
 local address: LID 0000 QPN 0x0a62 PSN 0x7e189a OUT 0x10 RKey 0x001974 VAddr 0x007fe40bbd6000
 GID: 00:00:00:00:00:00:00:00:00:00:255:255:192:168:00:02
 local address: LID 0000 QPN 0x0a63 PSN 0x5b2af4 OUT 0x10 RKey 0x001974 VAddr 0x007fe40bbd7000
 GID: 00:00:00:00:00:00:00:00:00:00:255:255:192:168:00:02
 local address: LID 0000 QPN 0x0a64 PSN 0x424343 OUT 0x10 RKey 0x001974 VAddr 0x007fe40bbd8000
 GID: 00:00:00:00:00:00:00:00:00:00:255:255:192:168:00:02
 local address: LID 0000 QPN 0x0a65 PSN 0x2e1180 OUT 0x10 RKey 0x001974 VAddr 0x007fe40bbd9000
 GID: 00:00:00:00:00:00:00:00:00:00:255:255:192:168:00:02
 local address: LID 0000 QPN 0x0a66 PSN 0x254d24 OUT 0x10 RKey 0x001974 VAddr 0x007fe40bbda000
 GID: 00:00:00:00:00:00:00:00:00:00:255:255:192:168:00:02
 local address: LID 0000 QPN 0x0a67 PSN 0x26add6 OUT 0x10 RKey 0x001974 VAddr 0x007fe40bbdb000
 GID: 00:00:00:00:00:00:00:00:00:00:255:255:192:168:00:02
 local address: LID 0000 QPN 0x0a68 PSN 0xff7dc2 OUT 0x10 RKey 0x001974 VAddr 0x007fe40bbdc000
 GID: 00:00:00:00:00:00:00:00:00:00:255:255:192:168:00:02
 local address: LID 0000 QPN 0x0a69 PSN 0xd7982d OUT 0x10 RKey 0x001974 VAddr 0x007fe40bbdd000
 GID: 00:00:00:00:00:00:00:00:00:00:255:255:192:168:00:02
 local address: LID 0000 QPN 0x0a6a PSN 0x92715 OUT 0x10 RKey 0x001974 VAddr 0x007fe40bbde000
 GID: 00:00:00:00:00:00:00:00:00:00:255:255:192:168:00:02
 local address: LID 0000 QPN 0x0a6b PSN 0xaa6b9e OUT 0x10 RKey 0x001974 VAddr 0x007fe40bbdf000
 GID: 00:00:00:00:00:00:00:00:00:00:255:255:192:168:00:02
 local address: LID 0000 QPN 0x0a6c PSN 0x674b04 OUT 0x10 RKey 0x001974 VAddr 0x007fe40bbe0000
 GID: 00:00:00:00:00:00:00:00:00:00:255:255:192:168:00:02
 local address: LID 0000 QPN 0x0a6d PSN 0x5a5878 OUT 0x10 RKey 0x001974 VAddr 0x007fe40bbe1000
 GID: 00:00:00:00:00:00:00:00:00:00:255:255:192:168:00:02
 local address: LID 0000 QPN 0x0a6e PSN 0xb7f62d OUT 0x10 RKey 0x001974 VAddr 0x007fe40bbe2000
 GID: 00:00:00:00:00:00:00:00:00:00:255:255:192:168:00:02
 local address: LID 0000 QPN 0x0a6f PSN 0x5fd6e3 OUT 0x10 RKey 0x001974 VAddr 0x007fe40bbe3000
 GID: 00:00:00:00:00:00:00:00:00:00:255:255:192:168:00:02
 local address: LID 0000 QPN 0x0a70 PSN 0x5af82 OUT 0x10 RKey 0x001974 VAddr 0x007fe40bbe4000
 GID: 00:00:00:00:00:00:00:00:00:00:255:255:192:168:00:02
 local address: LID 0000 QPN 0x0a71 PSN 0x34ef47 OUT 0x10 RKey 0x001974 VAddr 0x007fe40bbe5000
 GID: 00:00:00:00:00:00:00:00:00:00:255:255:192:168:00:02
 local address: LID 0000 QPN 0x0a72 PSN 0xc2049c OUT 0x10 RKey 0x001974 VAddr 0x007fe40bbe6000
 GID: 00:00:00:00:00:00:00:00:00:00:255:255:192:168:00:02
 local address: LID 0000 QPN 0x0a73 PSN 0x791a3b OUT 0x10 RKey 0x001974 VAddr 0x007fe40bbe7000
 GID: 00:00:00:00:00:00:00:00:00:00:255:255:192:168:00:02
 local address: LID 0000 QPN 0x0a74 PSN 0x3aa483 OUT 0x10 RKey 0x001974 VAddr 0x007fe40bbe8000
 GID: 00:00:00:00:00:00:00:00:00:00:255:255:192:168:00:02
 local address: LID 0000 QPN 0x0a75 PSN 0x6572cf OUT 0x10 RKey 0x001974 VAddr 0x007fe40bbe9000
 GID: 00:00:00:00:00:00:00:00:00:00:255:255:192:168:00:02
 local address: LID 0000 QPN 0x0a76 PSN 0xd30d24 OUT 0x10 RKey 0x001974 VAddr 0x007fe40bbea000
 GID: 00:00:00:00:00:00:00:00:00:00:255:255:192:168:00:02
 local address: LID 0000 QPN 0x0a77 PSN 0x9a241f OUT 0x10 RKey 0x001974 VAddr 0x007fe40bbeb000
 GID: 00:00:00:00:00:00:00:00:00:00:255:255:192:168:00:02
 local address: LID 0000 QPN 0x0a78 PSN 0x93354 OUT 0x10 RKey 0x001974 VAddr 0x007fe40bbec000
 GID: 00:00:00:00:00:00:00:00:00:00:255:255:192:168:00:02
 local address: LID 0000 QPN 0x0a79 PSN 0x862646 OUT 0x10 RKey 0x001974 VAddr 0x007fe40bbed000
 GID: 00:00:00:00:00:00:00:00:00:00:255:255:192:168:00:02
 local address: LID 0000 QPN 0x0a7a PSN 0x74a9ed OUT 0x10 RKey 0x001974 VAddr 0x007fe40bbee000
 GID: 00:00:00:00:00:00:00:00:00:00:255:255:192:168:00:02
 local address: LID 0000 QPN 0x0a7b PSN 0x634eeb OUT 0x10 RKey 0x001974 VAddr 0x007fe40bbef000
 GID: 00:00:00:00:00:00:00:00:00:00:255:255:192:168:00:02
 remote address: LID 0000 QPN 0x0a60 PSN 0xfb2ae5 OUT 0x10 RKey 0x001a99 VAddr 0x007f246b89c000
 GID: 00:00:00:00:00:00:00:00:00:00:255:255:192:168:00:01
 remote address: LID 0000 QPN 0x0a61 PSN 0x5e6b6b OUT 0x10 RKey 0x001a99 VAddr 0x007f246b89d000
 GID: 00:00:00:00:00:00:00:00:00:00:255:255:192:168:00:01
 remote address: LID 0000 QPN 0x0a62 PSN 0xcb5fd9 OUT 0x10 RKey 0x001a99 VAddr 0x007f246b89e000
 GID: 00:00:00:00:00:00:00:00:00:00:255:255:192:168:00:01
 remote address: LID 0000 QPN 0x0a63 PSN 0xe764b4 OUT 0x10 RKey 0x001a99 VAddr 0x007f246b89f000
 GID: 00:00:00:00:00:00:00:00:00:00:255:255:192:168:00:01
 remote address: LID 0000 QPN 0x0a64 PSN 0x614eb7 OUT 0x10 RKey 0x001a99 VAddr 0x007f246b8a0000
 GID: 00:00:00:00:00:00:00:00:00:00:255:255:192:168:00:01
 remote address: LID 0000 QPN 0x0a65 PSN 0x73434d OUT 0x10 RKey 0x001a99 VAddr 0x007f246b8a1000
 GID: 00:00:00:00:00:00:00:00:00:00:255:255:192:168:00:01
 remote address: LID 0000 QPN 0x0a66 PSN 0x709728 OUT 0x10 RKey 0x001a99 VAddr 0x007f246b8a2000
 GID: 00:00:00:00:00:00:00:00:00:00:255:255:192:168:00:01
 remote address: LID 0000 QPN 0x0a67 PSN 0x638801 OUT 0x10 RKey 0x001a99 VAddr 0x007f246b8a3000
 GID: 00:00:00:00:00:00:00:00:00:00:255:255:192:168:00:01
 remote address: LID 0000 QPN 0x0a68 PSN 0x4ca811 OUT 0x10 RKey 0x001a99 VAddr 0x007f246b8a4000
 GID: 00:00:00:00:00:00:00:00:00:00:255:255:192:168:00:01
 remote address: LID 0000 QPN 0x0a69 PSN 0x1552bf OUT 0x10 RKey 0x001a99 VAddr 0x007f246b8a5000
 GID: 00:00:00:00:00:00:00:00:00:00:255:255:192:168:00:01
 remote address: LID 0000 QPN 0x0a6a PSN 0x910af7 OUT 0x10 RKey 0x001a99 VAddr 0x007f246b8a6000
 GID: 00:00:00:00:00:00:00:00:00:00:255:255:192:168:00:01
 remote address: LID 0000 QPN 0x0a6b PSN 0x8a55be OUT 0x10 RKey 0x001a99 VAddr 0x007f246b8a7000
 GID: 00:00:00:00:00:00:00:00:00:00:255:255:192:168:00:01
 remote address: LID 0000 QPN 0x0a6c PSN 0x2023d2 OUT 0x10 RKey 0x001a99 VAddr 0x007f246b8a8000
 GID: 00:00:00:00:00:00:00:00:00:00:255:255:192:168:00:01
 remote address: LID 0000 QPN 0x0a6d PSN 0xc1d617 OUT 0x10 RKey 0x001a99 VAddr 0x007f246b8a9000
 GID: 00:00:00:00:00:00:00:00:00:00:255:255:192:168:00:01
 remote address: LID 0000 QPN 0x0a6e PSN 0x945689 OUT 0x10 RKey 0x001a99 VAddr 0x007f246b8aa000
 GID: 00:00:00:00:00:00:00:00:00:00:255:255:192:168:00:01
 remote address: LID 0000 QPN 0x0a6f PSN 0x7dbe19 OUT 0x10 RKey 0x001a99 VAddr 0x007f246b8ab000
 GID: 00:00:00:00:00:00:00:00:00:00:255:255:192:168:00:01
 remote address: LID 0000 QPN 0x0a70 PSN 0x84e1ba OUT 0x10 RKey 0x001a99 VAddr 0x007f246b8ac000
 GID: 00:00:00:00:00:00:00:00:00:00:255:255:192:168:00:01
 remote address: LID 0000 QPN 0x0a71 PSN 0x3ccfec OUT 0x10 RKey 0x001a99 VAddr 0x007f246b8ad000
 GID: 00:00:00:00:00:00:00:00:00:00:255:255:192:168:00:01
 remote address: LID 0000 QPN 0x0a72 PSN 0x25ce57 OUT 0x10 RKey 0x001a99 VAddr 0x007f246b8ae000
 GID: 00:00:00:00:00:00:00:00:00:00:255:255:192:168:00:01
 remote address: LID 0000 QPN 0x0a73 PSN 0xf16df8 OUT 0x10 RKey 0x001a99 VAddr 0x007f246b8af000
 GID: 00:00:00:00:00:00:00:00:00:00:255:255:192:168:00:01
 remote address: LID 0000 QPN 0x0a74 PSN 0x2fbf9 OUT 0x10 RKey 0x001a99 VAddr 0x007f246b8b0000
 GID: 00:00:00:00:00:00:00:00:00:00:255:255:192:168:00:01
 remote address: LID 0000 QPN 0x0a75 PSN 0x1bfad4 OUT 0x10 RKey 0x001a99 VAddr 0x007f246b8b1000
 GID: 00:00:00:00:00:00:00:00:00:00:255:255:192:168:00:01
 remote address: LID 0000 QPN 0x0a76 PSN 0x69bba8 OUT 0x10 RKey 0x001a99 VAddr 0x007f246b8b2000
 GID: 00:00:00:00:00:00:00:00:00:00:255:255:192:168:00:01
 remote address: LID 0000 QPN 0x0a77 PSN 0x598b90 OUT 0x10 RKey 0x001a99 VAddr 0x007f246b8b3000
 GID: 00:00:00:00:00:00:00:00:00:00:255:255:192:168:00:01
 remote address: LID 0000 QPN 0x0a78 PSN 0xeafd51 OUT 0x10 RKey 0x001a99 VAddr 0x007f246b8b4000
 GID: 00:00:00:00:00:00:00:00:00:00:255:255:192:168:00:01
 remote address: LID 0000 QPN 0x0a79 PSN 0xfd548 OUT 0x10 RKey 0x001a99 VAddr 0x007f246b8b5000
 GID: 00:00:00:00:00:00:00:00:00:00:255:255:192:168:00:01
 remote address: LID 0000 QPN 0x0a7a PSN 0x1c77c9 OUT 0x10 RKey 0x001a99 VAddr 0x007f246b8b6000
 GID: 00:00:00:00:00:00:00:00:00:00:255:255:192:168:00:01
 remote address: LID 0000 QPN 0x0a7b PSN 0x176a17 OUT 0x10 RKey 0x001a99 VAddr 0x007f246b8b7000
 GID: 00:00:00:00:00:00:00:00:00:00:255:255:192:168:00:01
 remote address: LID 0000 QPN 0x0a7c PSN 0xe84fea OUT 0x10 RKey 0x001a99 VAddr 0x007f246b8b8000
 GID: 00:00:00:00:00:00:00:00:00:00:255:255:192:168:00:01
 remote address: LID 0000 QPN 0x0a7d PSN 0xfe49a4 OUT 0x10 RKey 0x001a99 VAddr 0x007f246b8b9000
 GID: 00:00:00:00:00:00:00:00:00:00:255:255:192:168:00:01
---------------------------------------------------------------------------------------
 #bytes     #iterations    BW peak[MB/sec]    BW average[MB/sec]   MsgRate[Mpps]
 4096       30000            13130.27            12843.66		   3.287977
---------------------------------------------------------------------------------------
