---------------------------------------------------------------------------------------
                    RDMA_Read BW Test
 Dual-port       : OFF		Device         : mlx5_0
 Number of qps   : 28		Transport type : IB
 Connection type : RC		Using SRQ      : OFF
 PCIe relax order: ON
 ibv_wr* API     : ON
 TX depth        : 128
 CQ Moderation   : 100
 Mtu             : 1024[B]
 Link type       : Ethernet
 GID index       : 3
 Outstand reads  : 16
 rdma_cm QPs	 : OFF
 Data ex. method : Ethernet
---------------------------------------------------------------------------------------
 local address: LID 0000 QPN 0x0a42 PSN 0xa2b10b OUT 0x10 RKey 0x001973 VAddr 0x007f5ffe31f000
 GID: 00:00:00:00:00:00:00:00:00:00:255:255:192:168:00:02
 local address: LID 0000 QPN 0x0a43 PSN 0x40ad99 OUT 0x10 RKey 0x001973 VAddr 0x007f5ffe320000
 GID: 00:00:00:00:00:00:00:00:00:00:255:255:192:168:00:02
 local address: LID 0000 QPN 0x0a44 PSN 0xfee16f OUT 0x10 RKey 0x001973 VAddr 0x007f5ffe321000
 GID: 00:00:00:00:00:00:00:00:00:00:255:255:192:168:00:02
 local address: LID 0000 QPN 0x0a45 PSN 0x8a5592 OUT 0x10 RKey 0x001973 VAddr 0x007f5ffe322000
 GID: 00:00:00:00:00:00:00:00:00:00:255:255:192:168:00:02
 local address: LID 0000 QPN 0x0a46 PSN 0xd1513d OUT 0x10 RKey 0x001973 VAddr 0x007f5ffe323000
 GID: 00:00:00:00:00:00:00:00:00:00:255:255:192:168:00:02
 local address: LID 0000 QPN 0x0a47 PSN 0xf0ba5b OUT 0x10 RKey 0x001973 VAddr 0x007f5ffe324000
 GID: 00:00:00:00:00:00:00:00:00:00:255:255:192:168:00:02
 local address: LID 0000 QPN 0x0a48 PSN 0xbadc1e OUT 0x10 RKey 0x001973 VAddr 0x007f5ffe325000
 GID: 00:00:00:00:00:00:00:00:00:00:255:255:192:168:00:02
 local address: LID 0000 QPN 0x0a49 PSN 0xbfe8bf OUT 0x10 RKey 0x001973 VAddr 0x007f5ffe326000
 GID: 00:00:00:00:00:00:00:00:00:00:255:255:192:168:00:02
 local address: LID 0000 QPN 0x0a4a PSN 0xb48cf7 OUT 0x10 RKey 0x001973 VAddr 0x007f5ffe327000
 GID: 00:00:00:00:00:00:00:00:00:00:255:255:192:168:00:02
 local address: LID 0000 QPN 0x0a4b PSN 0x6cad OUT 0x10 RKey 0x001973 VAddr 0x007f5ffe328000
 GID: 00:00:00:00:00:00:00:00:00:00:255:255:192:168:00:02
 local address: LID 0000 QPN 0x0a4c PSN 0x5ee94d OUT 0x10 RKey 0x001973 VAddr 0x007f5ffe329000
 GID: 00:00:00:00:00:00:00:00:00:00:255:255:192:168:00:02
 local address: LID 0000 QPN 0x0a4d PSN 0x3b445c OUT 0x10 RKey 0x001973 VAddr 0x007f5ffe32a000
 GID: 00:00:00:00:00:00:00:00:00:00:255:255:192:168:00:02
 local address: LID 0000 QPN 0x0a4e PSN 0x7fb118 OUT 0x10 RKey 0x001973 VAddr 0x007f5ffe32b000
 GID: 00:00:00:00:00:00:00:00:00:00:255:255:192:168:00:02
 local address: LID 0000 QPN 0x0a4f PSN 0xe5e0e5 OUT 0x10 RKey 0x001973 VAddr 0x007f5ffe32c000
 GID: 00:00:00:00:00:00:00:00:00:00:255:255:192:168:00:02
 local address: LID 0000 QPN 0x0a50 PSN 0x8a043f OUT 0x10 RKey 0x001973 VAddr 0x007f5ffe32d000
 GID: 00:00:00:00:00:00:00:00:00:00:255:255:192:168:00:02
 local address: LID 0000 QPN 0x0a51 PSN 0xf23897 OUT 0x10 RKey 0x001973 VAddr 0x007f5ffe32e000
 GID: 00:00:00:00:00:00:00:00:00:00:255:255:192:168:00:02
 local address: LID 0000 QPN 0x0a52 PSN 0x523d60 OUT 0x10 RKey 0x001973 VAddr 0x007f5ffe32f000
 GID: 00:00:00:00:00:00:00:00:00:00:255:255:192:168:00:02
 local address: LID 0000 QPN 0x0a53 PSN 0xbf99a OUT 0x10 RKey 0x001973 VAddr 0x007f5ffe330000
 GID: 00:00:00:00:00:00:00:00:00:00:255:255:192:168:00:02
 local address: LID 0000 QPN 0x0a54 PSN 0x34e16d OUT 0x10 RKey 0x001973 VAddr 0x007f5ffe331000
 GID: 00:00:00:00:00:00:00:00:00:00:255:255:192:168:00:02
 local address: LID 0000 QPN 0x0a55 PSN 0xca5256 OUT 0x10 RKey 0x001973 VAddr 0x007f5ffe332000
 GID: 00:00:00:00:00:00:00:00:00:00:255:255:192:168:00:02
 local address: LID 0000 QPN 0x0a56 PSN 0x30abff OUT 0x10 RKey 0x001973 VAddr 0x007f5ffe333000
 GID: 00:00:00:00:00:00:00:00:00:00:255:255:192:168:00:02
 local address: LID 0000 QPN 0x0a57 PSN 0x3d5162 OUT 0x10 RKey 0x001973 VAddr 0x007f5ffe334000
 GID: 00:00:00:00:00:00:00:00:00:00:255:255:192:168:00:02
 local address: LID 0000 QPN 0x0a58 PSN 0x472a1e OUT 0x10 RKey 0x001973 VAddr 0x007f5ffe335000
 GID: 00:00:00:00:00:00:00:00:00:00:255:255:192:168:00:02
 local address: LID 0000 QPN 0x0a59 PSN 0xa797ce OUT 0x10 RKey 0x001973 VAddr 0x007f5ffe336000
 GID: 00:00:00:00:00:00:00:00:00:00:255:255:192:168:00:02
 local address: LID 0000 QPN 0x0a5a PSN 0x4de7b7 OUT 0x10 RKey 0x001973 VAddr 0x007f5ffe337000
 GID: 00:00:00:00:00:00:00:00:00:00:255:255:192:168:00:02
 local address: LID 0000 QPN 0x0a5b PSN 0xcd46b6 OUT 0x10 RKey 0x001973 VAddr 0x007f5ffe338000
 GID: 00:00:00:00:00:00:00:00:00:00:255:255:192:168:00:02
 local address: LID 0000 QPN 0x0a5c PSN 0x16979f OUT 0x10 RKey 0x001973 VAddr 0x007f5ffe339000
 GID: 00:00:00:00:00:00:00:00:00:00:255:255:192:168:00:02
 local address: LID 0000 QPN 0x0a5d PSN 0x793c35 OUT 0x10 RKey 0x001973 VAddr 0x007f5ffe33a000
 GID: 00:00:00:00:00:00:00:00:00:00:255:255:192:168:00:02
 remote address: LID 0000 QPN 0x0a44 PSN 0x5bc472 OUT 0x10 RKey 0x001a98 VAddr 0x007f07eaa40000
 GID: 00:00:00:00:00:00:00:00:00:00:255:255:192:168:00:01
 remote address: LID 0000 QPN 0x0a45 PSN 0x707a74 OUT 0x10 RKey 0x001a98 VAddr 0x007f07eaa41000
 GID: 00:00:00:00:00:00:00:00:00:00:255:255:192:168:00:01
 remote address: LID 0000 QPN 0x0a46 PSN 0x49dcae OUT 0x10 RKey 0x001a98 VAddr 0x007f07eaa42000
 GID: 00:00:00:00:00:00:00:00:00:00:255:255:192:168:00:01
 remote address: LID 0000 QPN 0x0a47 PSN 0x45e965 OUT 0x10 RKey 0x001a98 VAddr 0x007f07eaa43000
 GID: 00:00:00:00:00:00:00:00:00:00:255:255:192:168:00:01
 remote address: LID 0000 QPN 0x0a48 PSN 0x2d414 OUT 0x10 RKey 0x001a98 VAddr 0x007f07eaa44000
 GID: 00:00:00:00:00:00:00:00:00:00:255:255:192:168:00:01
 remote address: LID 0000 QPN 0x0a49 PSN 0xc699e6 OUT 0x10 RKey 0x001a98 VAddr 0x007f07eaa45000
 GID: 00:00:00:00:00:00:00:00:00:00:255:255:192:168:00:01
 remote address: LID 0000 QPN 0x0a4a PSN 0xc5ec4d OUT 0x10 RKey 0x001a98 VAddr 0x007f07eaa46000
 GID: 00:00:00:00:00:00:00:00:00:00:255:255:192:168:00:01
 remote address: LID 0000 QPN 0x0a4b PSN 0x5406c2 OUT 0x10 RKey 0x001a98 VAddr 0x007f07eaa47000
 GID: 00:00:00:00:00:00:00:00:00:00:255:255:192:168:00:01
 remote address: LID 0000 QPN 0x0a4c PSN 0x80063e OUT 0x10 RKey 0x001a98 VAddr 0x007f07eaa48000
 GID: 00:00:00:00:00:00:00:00:00:00:255:255:192:168:00:01
 remote address: LID 0000 QPN 0x0a4d PSN 0xcd9e8 OUT 0x10 RKey 0x001a98 VAddr 0x007f07eaa49000
 GID: 00:00:00:00:00:00:00:00:00:00:255:255:192:168:00:01
 remote address: LID 0000 QPN 0x0a4e PSN 0x306d6c OUT 0x10 RKey 0x001a98 VAddr 0x007f07eaa4a000
 GID: 00:00:00:00:00:00:00:00:00:00:255:255:192:168:00:01
 remote address: LID 0000 QPN 0x0a4f PSN 0xb85f8f OUT 0x10 RKey 0x001a98 VAddr 0x007f07eaa4b000
 GID: 00:00:00:00:00:00:00:00:00:00:255:255:192:168:00:01
 remote address: LID 0000 QPN 0x0a50 PSN 0x3817cf OUT 0x10 RKey 0x001a98 VAddr 0x007f07eaa4c000
 GID: 00:00:00:00:00:00:00:00:00:00:255:255:192:168:00:01
 remote address: LID 0000 QPN 0x0a51 PSN 0x6606d0 OUT 0x10 RKey 0x001a98 VAddr 0x007f07eaa4d000
 GID: 00:00:00:00:00:00:00:00:00:00:255:255:192:168:00:01
 remote address: LID 0000 QPN 0x0a52 PSN 0xcf4b4e OUT 0x10 RKey 0x001a98 VAddr 0x007f07eaa4e000
 GID: 00:00:00:00:00:00:00:00:00:00:255:255:192:168:00:01
 remote address: LID 0000 QPN 0x0a53 PSN 0x1cf3fa OUT 0x10 RKey 0x001a98 VAddr 0x007f07eaa4f000
 GID: 00:00:00:00:00:00:00:00:00:00:255:255:192:168:00:01
 remote address: LID 0000 QPN 0x0a54 PSN 0x22f887 OUT 0x10 RKey 0x001a98 VAddr 0x007f07eaa50000
 GID: 00:00:00:00:00:00:00:00:00:00:255:255:192:168:00:01
 remote address: LID 0000 QPN 0x0a55 PSN 0x4b335 OUT 0x10 RKey 0x001a98 VAddr 0x007f07eaa51000
 GID: 00:00:00:00:00:00:00:00:00:00:255:255:192:168:00:01
 remote address: LID 0000 QPN 0x0a56 PSN 0xc12a6c OUT 0x10 RKey 0x001a98 VAddr 0x007f07eaa52000
 GID: 00:00:00:00:00:00:00:00:00:00:255:255:192:168:00:01
 remote address: LID 0000 QPN 0x0a57 PSN 0x2e80e9 OUT 0x10 RKey 0x001a98 VAddr 0x007f07eaa53000
 GID: 00:00:00:00:00:00:00:00:00:00:255:255:192:168:00:01
 remote address: LID 0000 QPN 0x0a58 PSN 0x349296 OUT 0x10 RKey 0x001a98 VAddr 0x007f07eaa54000
 GID: 00:00:00:00:00:00:00:00:00:00:255:255:192:168:00:01
 remote address: LID 0000 QPN 0x0a59 PSN 0x4629ad OUT 0x10 RKey 0x001a98 VAddr 0x007f07eaa55000
 GID: 00:00:00:00:00:00:00:00:00:00:255:255:192:168:00:01
 remote address: LID 0000 QPN 0x0a5a PSN 0x82a40d OUT 0x10 RKey 0x001a98 VAddr 0x007f07eaa56000
 GID: 00:00:00:00:00:00:00:00:00:00:255:255:192:168:00:01
 remote address: LID 0000 QPN 0x0a5b PSN 0xdb3c91 OUT 0x10 RKey 0x001a98 VAddr 0x007f07eaa57000
 GID: 00:00:00:00:00:00:00:00:00:00:255:255:192:168:00:01
 remote address: LID 0000 QPN 0x0a5c PSN 0x1640be OUT 0x10 RKey 0x001a98 VAddr 0x007f07eaa58000
 GID: 00:00:00:00:00:00:00:00:00:00:255:255:192:168:00:01
 remote address: LID 0000 QPN 0x0a5d PSN 0x8b78b1 OUT 0x10 RKey 0x001a98 VAddr 0x007f07eaa59000
 GID: 00:00:00:00:00:00:00:00:00:00:255:255:192:168:00:01
 remote address: LID 0000 QPN 0x0a5e PSN 0x5d617e OUT 0x10 RKey 0x001a98 VAddr 0x007f07eaa5a000
 GID: 00:00:00:00:00:00:00:00:00:00:255:255:192:168:00:01
 remote address: LID 0000 QPN 0x0a5f PSN 0x8f8a28 OUT 0x10 RKey 0x001a98 VAddr 0x007f07eaa5b000
 GID: 00:00:00:00:00:00:00:00:00:00:255:255:192:168:00:01
---------------------------------------------------------------------------------------
 #bytes     #iterations    BW peak[MB/sec]    BW average[MB/sec]   MsgRate[Mpps]
 4096       28000            13077.28            12776.22		   3.270712
---------------------------------------------------------------------------------------
