---------------------------------------------------------------------------------------
                    RDMA_Read BW Test
 Dual-port       : OFF		Device         : mlx5_0
 Number of qps   : 18		Transport type : IB
 Connection type : RC		Using SRQ      : OFF
 PCIe relax order: ON
 ibv_wr* API     : ON
 TX depth        : 128
 CQ Moderation   : 100
 Mtu             : 1024[B]
 Link type       : Ethernet
 GID index       : 3
 Outstand reads  : 16
 rdma_cm QPs	 : OFF
 Data ex. method : Ethernet
---------------------------------------------------------------------------------------
 local address: LID 0000 QPN 0x09d4 PSN 0xd33d5f OUT 0x10 RKey 0x00196e VAddr 0x007f24486bf000
 GID: 00:00:00:00:00:00:00:00:00:00:255:255:192:168:00:02
 local address: LID 0000 QPN 0x09d5 PSN 0x6fe55d OUT 0x10 RKey 0x00196e VAddr 0x007f24486c0000
 GID: 00:00:00:00:00:00:00:00:00:00:255:255:192:168:00:02
 local address: LID 0000 QPN 0x09d6 PSN 0xe3b7e3 OUT 0x10 RKey 0x00196e VAddr 0x007f24486c1000
 GID: 00:00:00:00:00:00:00:00:00:00:255:255:192:168:00:02
 local address: LID 0000 QPN 0x09d7 PSN 0x95dcf6 OUT 0x10 RKey 0x00196e VAddr 0x007f24486c2000
 GID: 00:00:00:00:00:00:00:00:00:00:255:255:192:168:00:02
 local address: LID 0000 QPN 0x09d8 PSN 0x8dced1 OUT 0x10 RKey 0x00196e VAddr 0x007f24486c3000
 GID: 00:00:00:00:00:00:00:00:00:00:255:255:192:168:00:02
 local address: LID 0000 QPN 0x09d9 PSN 0x752a5f OUT 0x10 RKey 0x00196e VAddr 0x007f24486c4000
 GID: 00:00:00:00:00:00:00:00:00:00:255:255:192:168:00:02
 local address: LID 0000 QPN 0x09da PSN 0x7225d2 OUT 0x10 RKey 0x00196e VAddr 0x007f24486c5000
 GID: 00:00:00:00:00:00:00:00:00:00:255:255:192:168:00:02
 local address: LID 0000 QPN 0x09db PSN 0xf20263 OUT 0x10 RKey 0x00196e VAddr 0x007f24486c6000
 GID: 00:00:00:00:00:00:00:00:00:00:255:255:192:168:00:02
 local address: LID 0000 QPN 0x09dc PSN 0x42cfcb OUT 0x10 RKey 0x00196e VAddr 0x007f24486c7000
 GID: 00:00:00:00:00:00:00:00:00:00:255:255:192:168:00:02
 local address: LID 0000 QPN 0x09dd PSN 0xd58f1 OUT 0x10 RKey 0x00196e VAddr 0x007f24486c8000
 GID: 00:00:00:00:00:00:00:00:00:00:255:255:192:168:00:02
 local address: LID 0000 QPN 0x09de PSN 0xd49a41 OUT 0x10 RKey 0x00196e VAddr 0x007f24486c9000
 GID: 00:00:00:00:00:00:00:00:00:00:255:255:192:168:00:02
 local address: LID 0000 QPN 0x09df PSN 0x42d440 OUT 0x10 RKey 0x00196e VAddr 0x007f24486ca000
 GID: 00:00:00:00:00:00:00:00:00:00:255:255:192:168:00:02
 local address: LID 0000 QPN 0x09e0 PSN 0x2ecd2c OUT 0x10 RKey 0x00196e VAddr 0x007f24486cb000
 GID: 00:00:00:00:00:00:00:00:00:00:255:255:192:168:00:02
 local address: LID 0000 QPN 0x09e1 PSN 0x1ecd69 OUT 0x10 RKey 0x00196e VAddr 0x007f24486cc000
 GID: 00:00:00:00:00:00:00:00:00:00:255:255:192:168:00:02
 local address: LID 0000 QPN 0x09e2 PSN 0xf55073 OUT 0x10 RKey 0x00196e VAddr 0x007f24486cd000
 GID: 00:00:00:00:00:00:00:00:00:00:255:255:192:168:00:02
 local address: LID 0000 QPN 0x09e3 PSN 0x862bb OUT 0x10 RKey 0x00196e VAddr 0x007f24486ce000
 GID: 00:00:00:00:00:00:00:00:00:00:255:255:192:168:00:02
 local address: LID 0000 QPN 0x09e4 PSN 0xce86b4 OUT 0x10 RKey 0x00196e VAddr 0x007f24486cf000
 GID: 00:00:00:00:00:00:00:00:00:00:255:255:192:168:00:02
 local address: LID 0000 QPN 0x09e5 PSN 0x48aa5e OUT 0x10 RKey 0x00196e VAddr 0x007f24486d0000
 GID: 00:00:00:00:00:00:00:00:00:00:255:255:192:168:00:02
 remote address: LID 0000 QPN 0x09d6 PSN 0x34b508 OUT 0x10 RKey 0x001a93 VAddr 0x007fcac9818000
 GID: 00:00:00:00:00:00:00:00:00:00:255:255:192:168:00:01
 remote address: LID 0000 QPN 0x09d7 PSN 0xb42189 OUT 0x10 RKey 0x001a93 VAddr 0x007fcac9819000
 GID: 00:00:00:00:00:00:00:00:00:00:255:255:192:168:00:01
 remote address: LID 0000 QPN 0x09d8 PSN 0x1a6b69 OUT 0x10 RKey 0x001a93 VAddr 0x007fcac981a000
 GID: 00:00:00:00:00:00:00:00:00:00:255:255:192:168:00:01
 remote address: LID 0000 QPN 0x09d9 PSN 0x3c3dcd OUT 0x10 RKey 0x001a93 VAddr 0x007fcac981b000
 GID: 00:00:00:00:00:00:00:00:00:00:255:255:192:168:00:01
 remote address: LID 0000 QPN 0x09da PSN 0x10a793 OUT 0x10 RKey 0x001a93 VAddr 0x007fcac981c000
 GID: 00:00:00:00:00:00:00:00:00:00:255:255:192:168:00:01
 remote address: LID 0000 QPN 0x09db PSN 0x4b4dc3 OUT 0x10 RKey 0x001a93 VAddr 0x007fcac981d000
 GID: 00:00:00:00:00:00:00:00:00:00:255:255:192:168:00:01
 remote address: LID 0000 QPN 0x09dc PSN 0x249c30 OUT 0x10 RKey 0x001a93 VAddr 0x007fcac981e000
 GID: 00:00:00:00:00:00:00:00:00:00:255:255:192:168:00:01
 remote address: LID 0000 QPN 0x09dd PSN 0x786933 OUT 0x10 RKey 0x001a93 VAddr 0x007fcac981f000
 GID: 00:00:00:00:00:00:00:00:00:00:255:255:192:168:00:01
 remote address: LID 0000 QPN 0x09de PSN 0x250325 OUT 0x10 RKey 0x001a93 VAddr 0x007fcac9820000
 GID: 00:00:00:00:00:00:00:00:00:00:255:255:192:168:00:01
 remote address: LID 0000 QPN 0x09df PSN 0x19f0c OUT 0x10 RKey 0x001a93 VAddr 0x007fcac9821000
 GID: 00:00:00:00:00:00:00:00:00:00:255:255:192:168:00:01
 remote address: LID 0000 QPN 0x09e0 PSN 0x2d28f6 OUT 0x10 RKey 0x001a93 VAddr 0x007fcac9822000
 GID: 00:00:00:00:00:00:00:00:00:00:255:255:192:168:00:01
 remote address: LID 0000 QPN 0x09e1 PSN 0x80a888 OUT 0x10 RKey 0x001a93 VAddr 0x007fcac9823000
 GID: 00:00:00:00:00:00:00:00:00:00:255:255:192:168:00:01
 remote address: LID 0000 QPN 0x09e2 PSN 0x246c9e OUT 0x10 RKey 0x001a93 VAddr 0x007fcac9824000
 GID: 00:00:00:00:00:00:00:00:00:00:255:255:192:168:00:01
 remote address: LID 0000 QPN 0x09e3 PSN 0x95a9bc OUT 0x10 RKey 0x001a93 VAddr 0x007fcac9825000
 GID: 00:00:00:00:00:00:00:00:00:00:255:255:192:168:00:01
 remote address: LID 0000 QPN 0x09e4 PSN 0x7e2500 OUT 0x10 RKey 0x001a93 VAddr 0x007fcac9826000
 GID: 00:00:00:00:00:00:00:00:00:00:255:255:192:168:00:01
 remote address: LID 0000 QPN 0x09e5 PSN 0xb403fa OUT 0x10 RKey 0x001a93 VAddr 0x007fcac9827000
 GID: 00:00:00:00:00:00:00:00:00:00:255:255:192:168:00:01
 remote address: LID 0000 QPN 0x09e6 PSN 0x4b3bbe OUT 0x10 RKey 0x001a93 VAddr 0x007fcac9828000
 GID: 00:00:00:00:00:00:00:00:00:00:255:255:192:168:00:01
 remote address: LID 0000 QPN 0x09e7 PSN 0xca4869 OUT 0x10 RKey 0x001a93 VAddr 0x007fcac9829000
 GID: 00:00:00:00:00:00:00:00:00:00:255:255:192:168:00:01
---------------------------------------------------------------------------------------
 #bytes     #iterations    BW peak[MB/sec]    BW average[MB/sec]   MsgRate[Mpps]
 4096       18000            13059.87            12702.45		   3.251828
---------------------------------------------------------------------------------------
