
************************************
* Waiting for client to connect... *
************************************
---------------------------------------------------------------------------------------
                    RDMA_Read BW Test
 Dual-port       : OFF		Device         : mlx5_0
 Number of qps   : 32		Transport type : IB
 Connection type : RC		Using SRQ      : OFF
 PCIe relax order: ON
 ibv_wr* API     : ON
 CQ Moderation   : 100
 Mtu             : 1024[B]
 Link type       : Ethernet
 GID index       : 3
 Outstand reads  : 16
 rdma_cm QPs	 : OFF
 Data ex. method : Ethernet
---------------------------------------------------------------------------------------
 local address: LID 0000 QPN 0x0a7e PSN 0x9d17d5 OUT 0x10 RKey 0x001a9a VAddr 0x007f312322b000
 GID: 00:00:00:00:00:00:00:00:00:00:255:255:192:168:00:01
 local address: LID 0000 QPN 0x0a7f PSN 0x6fed9b OUT 0x10 RKey 0x001a9a VAddr 0x007f312322c000
 GID: 00:00:00:00:00:00:00:00:00:00:255:255:192:168:00:01
 local address: LID 0000 QPN 0x0a80 PSN 0x76ee49 OUT 0x10 RKey 0x001a9a VAddr 0x007f312322d000
 GID: 00:00:00:00:00:00:00:00:00:00:255:255:192:168:00:01
 local address: LID 0000 QPN 0x0a81 PSN 0x2baa64 OUT 0x10 RKey 0x001a9a VAddr 0x007f312322e000
 GID: 00:00:00:00:00:00:00:00:00:00:255:255:192:168:00:01
 local address: LID 0000 QPN 0x0a82 PSN 0x4f1aa7 OUT 0x10 RKey 0x001a9a VAddr 0x007f312322f000
 GID: 00:00:00:00:00:00:00:00:00:00:255:255:192:168:00:01
 local address: LID 0000 QPN 0x0a83 PSN 0x2cb87d OUT 0x10 RKey 0x001a9a VAddr 0x007f3123230000
 GID: 00:00:00:00:00:00:00:00:00:00:255:255:192:168:00:01
 local address: LID 0000 QPN 0x0a84 PSN 0xf09c98 OUT 0x10 RKey 0x001a9a VAddr 0x007f3123231000
 GID: 00:00:00:00:00:00:00:00:00:00:255:255:192:168:00:01
 local address: LID 0000 QPN 0x0a85 PSN 0x878b1 OUT 0x10 RKey 0x001a9a VAddr 0x007f3123232000
 GID: 00:00:00:00:00:00:00:00:00:00:255:255:192:168:00:01
 local address: LID 0000 QPN 0x0a86 PSN 0x54301 OUT 0x10 RKey 0x001a9a VAddr 0x007f3123233000
 GID: 00:00:00:00:00:00:00:00:00:00:255:255:192:168:00:01
 local address: LID 0000 QPN 0x0a87 PSN 0x22eaef OUT 0x10 RKey 0x001a9a VAddr 0x007f3123234000
 GID: 00:00:00:00:00:00:00:00:00:00:255:255:192:168:00:01
 local address: LID 0000 QPN 0x0a88 PSN 0x55f767 OUT 0x10 RKey 0x001a9a VAddr 0x007f3123235000
 GID: 00:00:00:00:00:00:00:00:00:00:255:255:192:168:00:01
 local address: LID 0000 QPN 0x0a89 PSN 0xfa16e OUT 0x10 RKey 0x001a9a VAddr 0x007f3123236000
 GID: 00:00:00:00:00:00:00:00:00:00:255:255:192:168:00:01
 local address: LID 0000 QPN 0x0a8a PSN 0x217dc2 OUT 0x10 RKey 0x001a9a VAddr 0x007f3123237000
 GID: 00:00:00:00:00:00:00:00:00:00:255:255:192:168:00:01
 local address: LID 0000 QPN 0x0a8b PSN 0x62c147 OUT 0x10 RKey 0x001a9a VAddr 0x007f3123238000
 GID: 00:00:00:00:00:00:00:00:00:00:255:255:192:168:00:01
 local address: LID 0000 QPN 0x0a8c PSN 0xa599f9 OUT 0x10 RKey 0x001a9a VAddr 0x007f3123239000
 GID: 00:00:00:00:00:00:00:00:00:00:255:255:192:168:00:01
 local address: LID 0000 QPN 0x0a8d PSN 0xae14c9 OUT 0x10 RKey 0x001a9a VAddr 0x007f312323a000
 GID: 00:00:00:00:00:00:00:00:00:00:255:255:192:168:00:01
 local address: LID 0000 QPN 0x0a8e PSN 0x3beaaa OUT 0x10 RKey 0x001a9a VAddr 0x007f312323b000
 GID: 00:00:00:00:00:00:00:00:00:00:255:255:192:168:00:01
 local address: LID 0000 QPN 0x0a8f PSN 0x733e1c OUT 0x10 RKey 0x001a9a VAddr 0x007f312323c000
 GID: 00:00:00:00:00:00:00:00:00:00:255:255:192:168:00:01
 local address: LID 0000 QPN 0x0a90 PSN 0x91d8c7 OUT 0x10 RKey 0x001a9a VAddr 0x007f312323d000
 GID: 00:00:00:00:00:00:00:00:00:00:255:255:192:168:00:01
 local address: LID 0000 QPN 0x0a91 PSN 0x927fa8 OUT 0x10 RKey 0x001a9a VAddr 0x007f312323e000
 GID: 00:00:00:00:00:00:00:00:00:00:255:255:192:168:00:01
 local address: LID 0000 QPN 0x0a92 PSN 0xbba3e9 OUT 0x10 RKey 0x001a9a VAddr 0x007f312323f000
 GID: 00:00:00:00:00:00:00:00:00:00:255:255:192:168:00:01
 local address: LID 0000 QPN 0x0a93 PSN 0xdd1c04 OUT 0x10 RKey 0x001a9a VAddr 0x007f3123240000
 GID: 00:00:00:00:00:00:00:00:00:00:255:255:192:168:00:01
 local address: LID 0000 QPN 0x0a94 PSN 0xb5fd18 OUT 0x10 RKey 0x001a9a VAddr 0x007f3123241000
 GID: 00:00:00:00:00:00:00:00:00:00:255:255:192:168:00:01
 local address: LID 0000 QPN 0x0a95 PSN 0xdc0840 OUT 0x10 RKey 0x001a9a VAddr 0x007f3123242000
 GID: 00:00:00:00:00:00:00:00:00:00:255:255:192:168:00:01
 local address: LID 0000 QPN 0x0a96 PSN 0xc03441 OUT 0x10 RKey 0x001a9a VAddr 0x007f3123243000
 GID: 00:00:00:00:00:00:00:00:00:00:255:255:192:168:00:01
 local address: LID 0000 QPN 0x0a97 PSN 0x73d978 OUT 0x10 RKey 0x001a9a VAddr 0x007f3123244000
 GID: 00:00:00:00:00:00:00:00:00:00:255:255:192:168:00:01
 local address: LID 0000 QPN 0x0a98 PSN 0xb56039 OUT 0x10 RKey 0x001a9a VAddr 0x007f3123245000
 GID: 00:00:00:00:00:00:00:00:00:00:255:255:192:168:00:01
 local address: LID 0000 QPN 0x0a99 PSN 0x4701c7 OUT 0x10 RKey 0x001a9a VAddr 0x007f3123246000
 GID: 00:00:00:00:00:00:00:00:00:00:255:255:192:168:00:01
 local address: LID 0000 QPN 0x0a9a PSN 0xb405da OUT 0x10 RKey 0x001a9a VAddr 0x007f3123247000
 GID: 00:00:00:00:00:00:00:00:00:00:255:255:192:168:00:01
 local address: LID 0000 QPN 0x0a9b PSN 0x7060d4 OUT 0x10 RKey 0x001a9a VAddr 0x007f3123248000
 GID: 00:00:00:00:00:00:00:00:00:00:255:255:192:168:00:01
 local address: LID 0000 QPN 0x0a9c PSN 0x5ec05a OUT 0x10 RKey 0x001a9a VAddr 0x007f3123249000
 GID: 00:00:00:00:00:00:00:00:00:00:255:255:192:168:00:01
 local address: LID 0000 QPN 0x0a9d PSN 0x6be941 OUT 0x10 RKey 0x001a9a VAddr 0x007f312324a000
 GID: 00:00:00:00:00:00:00:00:00:00:255:255:192:168:00:01
 remote address: LID 0000 QPN 0x0a7c PSN 0xd4e8a9 OUT 0x10 RKey 0x001975 VAddr 0x007fc78ac5f000
 GID: 00:00:00:00:00:00:00:00:00:00:255:255:192:168:00:02
 remote address: LID 0000 QPN 0x0a7d PSN 0x424fdf OUT 0x10 RKey 0x001975 VAddr 0x007fc78ac60000
 GID: 00:00:00:00:00:00:00:00:00:00:255:255:192:168:00:02
 remote address: LID 0000 QPN 0x0a7e PSN 0x3dd3d OUT 0x10 RKey 0x001975 VAddr 0x007fc78ac61000
 GID: 00:00:00:00:00:00:00:00:00:00:255:255:192:168:00:02
 remote address: LID 0000 QPN 0x0a7f PSN 0xcca048 OUT 0x10 RKey 0x001975 VAddr 0x007fc78ac62000
 GID: 00:00:00:00:00:00:00:00:00:00:255:255:192:168:00:02
 remote address: LID 0000 QPN 0x0a80 PSN 0xf2a4bb OUT 0x10 RKey 0x001975 VAddr 0x007fc78ac63000
 GID: 00:00:00:00:00:00:00:00:00:00:255:255:192:168:00:02
 remote address: LID 0000 QPN 0x0a81 PSN 0x4c7b01 OUT 0x10 RKey 0x001975 VAddr 0x007fc78ac64000
 GID: 00:00:00:00:00:00:00:00:00:00:255:255:192:168:00:02
 remote address: LID 0000 QPN 0x0a82 PSN 0xe906cc OUT 0x10 RKey 0x001975 VAddr 0x007fc78ac65000
 GID: 00:00:00:00:00:00:00:00:00:00:255:255:192:168:00:02
 remote address: LID 0000 QPN 0x0a83 PSN 0x2868d5 OUT 0x10 RKey 0x001975 VAddr 0x007fc78ac66000
 GID: 00:00:00:00:00:00:00:00:00:00:255:255:192:168:00:02
 remote address: LID 0000 QPN 0x0a84 PSN 0x8eda55 OUT 0x10 RKey 0x001975 VAddr 0x007fc78ac67000
 GID: 00:00:00:00:00:00:00:00:00:00:255:255:192:168:00:02
 remote address: LID 0000 QPN 0x0a85 PSN 0x1dd1b3 OUT 0x10 RKey 0x001975 VAddr 0x007fc78ac68000
 GID: 00:00:00:00:00:00:00:00:00:00:255:255:192:168:00:02
 remote address: LID 0000 QPN 0x0a86 PSN 0x2e50db OUT 0x10 RKey 0x001975 VAddr 0x007fc78ac69000
 GID: 00:00:00:00:00:00:00:00:00:00:255:255:192:168:00:02
 remote address: LID 0000 QPN 0x0a87 PSN 0x7befd2 OUT 0x10 RKey 0x001975 VAddr 0x007fc78ac6a000
 GID: 00:00:00:00:00:00:00:00:00:00:255:255:192:168:00:02
 remote address: LID 0000 QPN 0x0a88 PSN 0xdcb656 OUT 0x10 RKey 0x001975 VAddr 0x007fc78ac6b000
 GID: 00:00:00:00:00:00:00:00:00:00:255:255:192:168:00:02
 remote address: LID 0000 QPN 0x0a89 PSN 0x5ed04b OUT 0x10 RKey 0x001975 VAddr 0x007fc78ac6c000
 GID: 00:00:00:00:00:00:00:00:00:00:255:255:192:168:00:02
 remote address: LID 0000 QPN 0x0a8a PSN 0x2596ad OUT 0x10 RKey 0x001975 VAddr 0x007fc78ac6d000
 GID: 00:00:00:00:00:00:00:00:00:00:255:255:192:168:00:02
 remote address: LID 0000 QPN 0x0a8b PSN 0x26656d OUT 0x10 RKey 0x001975 VAddr 0x007fc78ac6e000
 GID: 00:00:00:00:00:00:00:00:00:00:255:255:192:168:00:02
 remote address: LID 0000 QPN 0x0a8c PSN 0x19987e OUT 0x10 RKey 0x001975 VAddr 0x007fc78ac6f000
 GID: 00:00:00:00:00:00:00:00:00:00:255:255:192:168:00:02
 remote address: LID 0000 QPN 0x0a8d PSN 0x72b960 OUT 0x10 RKey 0x001975 VAddr 0x007fc78ac70000
 GID: 00:00:00:00:00:00:00:00:00:00:255:255:192:168:00:02
 remote address: LID 0000 QPN 0x0a8e PSN 0xc86cbb OUT 0x10 RKey 0x001975 VAddr 0x007fc78ac71000
 GID: 00:00:00:00:00:00:00:00:00:00:255:255:192:168:00:02
 remote address: LID 0000 QPN 0x0a8f PSN 0xacb68c OUT 0x10 RKey 0x001975 VAddr 0x007fc78ac72000
 GID: 00:00:00:00:00:00:00:00:00:00:255:255:192:168:00:02
 remote address: LID 0000 QPN 0x0a90 PSN 0x65dafd OUT 0x10 RKey 0x001975 VAddr 0x007fc78ac73000
 GID: 00:00:00:00:00:00:00:00:00:00:255:255:192:168:00:02
 remote address: LID 0000 QPN 0x0a91 PSN 0x428788 OUT 0x10 RKey 0x001975 VAddr 0x007fc78ac74000
 GID: 00:00:00:00:00:00:00:00:00:00:255:255:192:168:00:02
 remote address: LID 0000 QPN 0x0a92 PSN 0x2d5c4c OUT 0x10 RKey 0x001975 VAddr 0x007fc78ac75000
 GID: 00:00:00:00:00:00:00:00:00:00:255:255:192:168:00:02
 remote address: LID 0000 QPN 0x0a93 PSN 0x284964 OUT 0x10 RKey 0x001975 VAddr 0x007fc78ac76000
 GID: 00:00:00:00:00:00:00:00:00:00:255:255:192:168:00:02
 remote address: LID 0000 QPN 0x0a94 PSN 0xee4895 OUT 0x10 RKey 0x001975 VAddr 0x007fc78ac77000
 GID: 00:00:00:00:00:00:00:00:00:00:255:255:192:168:00:02
 remote address: LID 0000 QPN 0x0a95 PSN 0xc5f93c OUT 0x10 RKey 0x001975 VAddr 0x007fc78ac78000
 GID: 00:00:00:00:00:00:00:00:00:00:255:255:192:168:00:02
 remote address: LID 0000 QPN 0x0a96 PSN 0xe6fead OUT 0x10 RKey 0x001975 VAddr 0x007fc78ac79000
 GID: 00:00:00:00:00:00:00:00:00:00:255:255:192:168:00:02
 remote address: LID 0000 QPN 0x0a97 PSN 0xb3b12b OUT 0x10 RKey 0x001975 VAddr 0x007fc78ac7a000
 GID: 00:00:00:00:00:00:00:00:00:00:255:255:192:168:00:02
 remote address: LID 0000 QPN 0x0a98 PSN 0xbe8b6e OUT 0x10 RKey 0x001975 VAddr 0x007fc78ac7b000
 GID: 00:00:00:00:00:00:00:00:00:00:255:255:192:168:00:02
 remote address: LID 0000 QPN 0x0a99 PSN 0x5e38d8 OUT 0x10 RKey 0x001975 VAddr 0x007fc78ac7c000
 GID: 00:00:00:00:00:00:00:00:00:00:255:255:192:168:00:02
 remote address: LID 0000 QPN 0x0a9a PSN 0x67520e OUT 0x10 RKey 0x001975 VAddr 0x007fc78ac7d000
 GID: 00:00:00:00:00:00:00:00:00:00:255:255:192:168:00:02
 remote address: LID 0000 QPN 0x0a9b PSN 0xe9aae5 OUT 0x10 RKey 0x001975 VAddr 0x007fc78ac7e000
 GID: 00:00:00:00:00:00:00:00:00:00:255:255:192:168:00:02
---------------------------------------------------------------------------------------
 #bytes     #iterations    BW peak[MB/sec]    BW average[MB/sec]   MsgRate[Mpps]
 4096       32000            13112.48            12986.48		   3.324538
---------------------------------------------------------------------------------------
