
************************************
* Waiting for client to connect... *
************************************
---------------------------------------------------------------------------------------
                    RDMA_Read BW Test
 Dual-port       : OFF		Device         : mlx5_0
 Number of qps   : 26		Transport type : IB
 Connection type : RC		Using SRQ      : OFF
 PCIe relax order: ON
 ibv_wr* API     : ON
 CQ Moderation   : 100
 Mtu             : 1024[B]
 Link type       : Ethernet
 GID index       : 3
 Outstand reads  : 16
 rdma_cm QPs	 : OFF
 Data ex. method : Ethernet
---------------------------------------------------------------------------------------
 local address: LID 0000 QPN 0x0a2a PSN 0x6169f1 OUT 0x10 RKey 0x001a97 VAddr 0x007f1a6099e000
 GID: 00:00:00:00:00:00:00:00:00:00:255:255:192:168:00:01
 local address: LID 0000 QPN 0x0a2b PSN 0x9c0b87 OUT 0x10 RKey 0x001a97 VAddr 0x007f1a6099f000
 GID: 00:00:00:00:00:00:00:00:00:00:255:255:192:168:00:01
 local address: LID 0000 QPN 0x0a2c PSN 0xb1b3c5 OUT 0x10 RKey 0x001a97 VAddr 0x007f1a609a0000
 GID: 00:00:00:00:00:00:00:00:00:00:255:255:192:168:00:01
 local address: LID 0000 QPN 0x0a2d PSN 0xef2830 OUT 0x10 RKey 0x001a97 VAddr 0x007f1a609a1000
 GID: 00:00:00:00:00:00:00:00:00:00:255:255:192:168:00:01
 local address: LID 0000 QPN 0x0a2e PSN 0xa0f283 OUT 0x10 RKey 0x001a97 VAddr 0x007f1a609a2000
 GID: 00:00:00:00:00:00:00:00:00:00:255:255:192:168:00:01
 local address: LID 0000 QPN 0x0a2f PSN 0xc54929 OUT 0x10 RKey 0x001a97 VAddr 0x007f1a609a3000
 GID: 00:00:00:00:00:00:00:00:00:00:255:255:192:168:00:01
 local address: LID 0000 QPN 0x0a30 PSN 0x70bdd4 OUT 0x10 RKey 0x001a97 VAddr 0x007f1a609a4000
 GID: 00:00:00:00:00:00:00:00:00:00:255:255:192:168:00:01
 local address: LID 0000 QPN 0x0a31 PSN 0xc2873d OUT 0x10 RKey 0x001a97 VAddr 0x007f1a609a5000
 GID: 00:00:00:00:00:00:00:00:00:00:255:255:192:168:00:01
 local address: LID 0000 QPN 0x0a32 PSN 0x5f3c9d OUT 0x10 RKey 0x001a97 VAddr 0x007f1a609a6000
 GID: 00:00:00:00:00:00:00:00:00:00:255:255:192:168:00:01
 local address: LID 0000 QPN 0x0a33 PSN 0x845a5b OUT 0x10 RKey 0x001a97 VAddr 0x007f1a609a7000
 GID: 00:00:00:00:00:00:00:00:00:00:255:255:192:168:00:01
 local address: LID 0000 QPN 0x0a34 PSN 0x7d7063 OUT 0x10 RKey 0x001a97 VAddr 0x007f1a609a8000
 GID: 00:00:00:00:00:00:00:00:00:00:255:255:192:168:00:01
 local address: LID 0000 QPN 0x0a35 PSN 0xe08cba OUT 0x10 RKey 0x001a97 VAddr 0x007f1a609a9000
 GID: 00:00:00:00:00:00:00:00:00:00:255:255:192:168:00:01
 local address: LID 0000 QPN 0x0a36 PSN 0x8bf51e OUT 0x10 RKey 0x001a97 VAddr 0x007f1a609aa000
 GID: 00:00:00:00:00:00:00:00:00:00:255:255:192:168:00:01
 local address: LID 0000 QPN 0x0a37 PSN 0xc43b73 OUT 0x10 RKey 0x001a97 VAddr 0x007f1a609ab000
 GID: 00:00:00:00:00:00:00:00:00:00:255:255:192:168:00:01
 local address: LID 0000 QPN 0x0a38 PSN 0x7a26b5 OUT 0x10 RKey 0x001a97 VAddr 0x007f1a609ac000
 GID: 00:00:00:00:00:00:00:00:00:00:255:255:192:168:00:01
 local address: LID 0000 QPN 0x0a39 PSN 0xeee8d5 OUT 0x10 RKey 0x001a97 VAddr 0x007f1a609ad000
 GID: 00:00:00:00:00:00:00:00:00:00:255:255:192:168:00:01
 local address: LID 0000 QPN 0x0a3a PSN 0x68fbc6 OUT 0x10 RKey 0x001a97 VAddr 0x007f1a609ae000
 GID: 00:00:00:00:00:00:00:00:00:00:255:255:192:168:00:01
 local address: LID 0000 QPN 0x0a3b PSN 0xd2af08 OUT 0x10 RKey 0x001a97 VAddr 0x007f1a609af000
 GID: 00:00:00:00:00:00:00:00:00:00:255:255:192:168:00:01
 local address: LID 0000 QPN 0x0a3c PSN 0x38f543 OUT 0x10 RKey 0x001a97 VAddr 0x007f1a609b0000
 GID: 00:00:00:00:00:00:00:00:00:00:255:255:192:168:00:01
 local address: LID 0000 QPN 0x0a3d PSN 0xa10874 OUT 0x10 RKey 0x001a97 VAddr 0x007f1a609b1000
 GID: 00:00:00:00:00:00:00:00:00:00:255:255:192:168:00:01
 local address: LID 0000 QPN 0x0a3e PSN 0xe32ac5 OUT 0x10 RKey 0x001a97 VAddr 0x007f1a609b2000
 GID: 00:00:00:00:00:00:00:00:00:00:255:255:192:168:00:01
 local address: LID 0000 QPN 0x0a3f PSN 0xab2fb0 OUT 0x10 RKey 0x001a97 VAddr 0x007f1a609b3000
 GID: 00:00:00:00:00:00:00:00:00:00:255:255:192:168:00:01
 local address: LID 0000 QPN 0x0a40 PSN 0xb0e554 OUT 0x10 RKey 0x001a97 VAddr 0x007f1a609b4000
 GID: 00:00:00:00:00:00:00:00:00:00:255:255:192:168:00:01
 local address: LID 0000 QPN 0x0a41 PSN 0xa6d1cc OUT 0x10 RKey 0x001a97 VAddr 0x007f1a609b5000
 GID: 00:00:00:00:00:00:00:00:00:00:255:255:192:168:00:01
 local address: LID 0000 QPN 0x0a42 PSN 0x3bccdd OUT 0x10 RKey 0x001a97 VAddr 0x007f1a609b6000
 GID: 00:00:00:00:00:00:00:00:00:00:255:255:192:168:00:01
 local address: LID 0000 QPN 0x0a43 PSN 0xfffbe4 OUT 0x10 RKey 0x001a97 VAddr 0x007f1a609b7000
 GID: 00:00:00:00:00:00:00:00:00:00:255:255:192:168:00:01
 remote address: LID 0000 QPN 0x0a28 PSN 0x42821e OUT 0x10 RKey 0x001972 VAddr 0x007f0babf13000
 GID: 00:00:00:00:00:00:00:00:00:00:255:255:192:168:00:02
 remote address: LID 0000 QPN 0x0a29 PSN 0xa7c4b0 OUT 0x10 RKey 0x001972 VAddr 0x007f0babf14000
 GID: 00:00:00:00:00:00:00:00:00:00:255:255:192:168:00:02
 remote address: LID 0000 QPN 0x0a2a PSN 0xd6603a OUT 0x10 RKey 0x001972 VAddr 0x007f0babf15000
 GID: 00:00:00:00:00:00:00:00:00:00:255:255:192:168:00:02
 remote address: LID 0000 QPN 0x0a2b PSN 0x59b401 OUT 0x10 RKey 0x001972 VAddr 0x007f0babf16000
 GID: 00:00:00:00:00:00:00:00:00:00:255:255:192:168:00:02
 remote address: LID 0000 QPN 0x0a2c PSN 0x484080 OUT 0x10 RKey 0x001972 VAddr 0x007f0babf17000
 GID: 00:00:00:00:00:00:00:00:00:00:255:255:192:168:00:02
 remote address: LID 0000 QPN 0x0a2d PSN 0x4ecbe2 OUT 0x10 RKey 0x001972 VAddr 0x007f0babf18000
 GID: 00:00:00:00:00:00:00:00:00:00:255:255:192:168:00:02
 remote address: LID 0000 QPN 0x0a2e PSN 0xfb9c99 OUT 0x10 RKey 0x001972 VAddr 0x007f0babf19000
 GID: 00:00:00:00:00:00:00:00:00:00:255:255:192:168:00:02
 remote address: LID 0000 QPN 0x0a2f PSN 0xa45f1e OUT 0x10 RKey 0x001972 VAddr 0x007f0babf1a000
 GID: 00:00:00:00:00:00:00:00:00:00:255:255:192:168:00:02
 remote address: LID 0000 QPN 0x0a30 PSN 0xe84d6a OUT 0x10 RKey 0x001972 VAddr 0x007f0babf1b000
 GID: 00:00:00:00:00:00:00:00:00:00:255:255:192:168:00:02
 remote address: LID 0000 QPN 0x0a31 PSN 0xf4afa4 OUT 0x10 RKey 0x001972 VAddr 0x007f0babf1c000
 GID: 00:00:00:00:00:00:00:00:00:00:255:255:192:168:00:02
 remote address: LID 0000 QPN 0x0a32 PSN 0x3d5678 OUT 0x10 RKey 0x001972 VAddr 0x007f0babf1d000
 GID: 00:00:00:00:00:00:00:00:00:00:255:255:192:168:00:02
 remote address: LID 0000 QPN 0x0a33 PSN 0xa861ab OUT 0x10 RKey 0x001972 VAddr 0x007f0babf1e000
 GID: 00:00:00:00:00:00:00:00:00:00:255:255:192:168:00:02
 remote address: LID 0000 QPN 0x0a34 PSN 0x1e25bb OUT 0x10 RKey 0x001972 VAddr 0x007f0babf1f000
 GID: 00:00:00:00:00:00:00:00:00:00:255:255:192:168:00:02
 remote address: LID 0000 QPN 0x0a35 PSN 0x6bfc4c OUT 0x10 RKey 0x001972 VAddr 0x007f0babf20000
 GID: 00:00:00:00:00:00:00:00:00:00:255:255:192:168:00:02
 remote address: LID 0000 QPN 0x0a36 PSN 0x36391a OUT 0x10 RKey 0x001972 VAddr 0x007f0babf21000
 GID: 00:00:00:00:00:00:00:00:00:00:255:255:192:168:00:02
 remote address: LID 0000 QPN 0x0a37 PSN 0xa57bd6 OUT 0x10 RKey 0x001972 VAddr 0x007f0babf22000
 GID: 00:00:00:00:00:00:00:00:00:00:255:255:192:168:00:02
 remote address: LID 0000 QPN 0x0a38 PSN 0x247933 OUT 0x10 RKey 0x001972 VAddr 0x007f0babf23000
 GID: 00:00:00:00:00:00:00:00:00:00:255:255:192:168:00:02
 remote address: LID 0000 QPN 0x0a39 PSN 0xd30471 OUT 0x10 RKey 0x001972 VAddr 0x007f0babf24000
 GID: 00:00:00:00:00:00:00:00:00:00:255:255:192:168:00:02
 remote address: LID 0000 QPN 0x0a3a PSN 0xe5a8f8 OUT 0x10 RKey 0x001972 VAddr 0x007f0babf25000
 GID: 00:00:00:00:00:00:00:00:00:00:255:255:192:168:00:02
 remote address: LID 0000 QPN 0x0a3b PSN 0x7a2a85 OUT 0x10 RKey 0x001972 VAddr 0x007f0babf26000
 GID: 00:00:00:00:00:00:00:00:00:00:255:255:192:168:00:02
 remote address: LID 0000 QPN 0x0a3c PSN 0x9df202 OUT 0x10 RKey 0x001972 VAddr 0x007f0babf27000
 GID: 00:00:00:00:00:00:00:00:00:00:255:255:192:168:00:02
 remote address: LID 0000 QPN 0x0a3d PSN 0x6ed2a9 OUT 0x10 RKey 0x001972 VAddr 0x007f0babf28000
 GID: 00:00:00:00:00:00:00:00:00:00:255:255:192:168:00:02
 remote address: LID 0000 QPN 0x0a3e PSN 0xf4ff59 OUT 0x10 RKey 0x001972 VAddr 0x007f0babf29000
 GID: 00:00:00:00:00:00:00:00:00:00:255:255:192:168:00:02
 remote address: LID 0000 QPN 0x0a3f PSN 0xa263ed OUT 0x10 RKey 0x001972 VAddr 0x007f0babf2a000
 GID: 00:00:00:00:00:00:00:00:00:00:255:255:192:168:00:02
 remote address: LID 0000 QPN 0x0a40 PSN 0xeaaea OUT 0x10 RKey 0x001972 VAddr 0x007f0babf2b000
 GID: 00:00:00:00:00:00:00:00:00:00:255:255:192:168:00:02
 remote address: LID 0000 QPN 0x0a41 PSN 0x44356d OUT 0x10 RKey 0x001972 VAddr 0x007f0babf2c000
 GID: 00:00:00:00:00:00:00:00:00:00:255:255:192:168:00:02
---------------------------------------------------------------------------------------
 #bytes     #iterations    BW peak[MB/sec]    BW average[MB/sec]   MsgRate[Mpps]
 4096       26000            13007.58            12091.68		   3.095471
---------------------------------------------------------------------------------------
