
************************************
* Waiting for client to connect... *
************************************
---------------------------------------------------------------------------------------
                    RDMA_Read BW Test
 Dual-port       : OFF		Device         : mlx5_0
 Number of qps   : 22		Transport type : IB
 Connection type : RC		Using SRQ      : OFF
 PCIe relax order: ON
 ibv_wr* API     : ON
 CQ Moderation   : 100
 Mtu             : 1024[B]
 Link type       : Ethernet
 GID index       : 3
 Outstand reads  : 16
 rdma_cm QPs	 : OFF
 Data ex. method : Ethernet
---------------------------------------------------------------------------------------
 local address: LID 0000 QPN 0x09fc PSN 0xc1bb1a OUT 0x10 RKey 0x001a95 VAddr 0x007fe434155000
 GID: 00:00:00:00:00:00:00:00:00:00:255:255:192:168:00:01
 local address: LID 0000 QPN 0x09fd PSN 0x556ffc OUT 0x10 RKey 0x001a95 VAddr 0x007fe434156000
 GID: 00:00:00:00:00:00:00:00:00:00:255:255:192:168:00:01
 local address: LID 0000 QPN 0x09fe PSN 0xbe9796 OUT 0x10 RKey 0x001a95 VAddr 0x007fe434157000
 GID: 00:00:00:00:00:00:00:00:00:00:255:255:192:168:00:01
 local address: LID 0000 QPN 0x09ff PSN 0xc5ee2d OUT 0x10 RKey 0x001a95 VAddr 0x007fe434158000
 GID: 00:00:00:00:00:00:00:00:00:00:255:255:192:168:00:01
 local address: LID 0000 QPN 0x0a00 PSN 0x308d3c OUT 0x10 RKey 0x001a95 VAddr 0x007fe434159000
 GID: 00:00:00:00:00:00:00:00:00:00:255:255:192:168:00:01
 local address: LID 0000 QPN 0x0a01 PSN 0x785fee OUT 0x10 RKey 0x001a95 VAddr 0x007fe43415a000
 GID: 00:00:00:00:00:00:00:00:00:00:255:255:192:168:00:01
 local address: LID 0000 QPN 0x0a02 PSN 0xc26db5 OUT 0x10 RKey 0x001a95 VAddr 0x007fe43415b000
 GID: 00:00:00:00:00:00:00:00:00:00:255:255:192:168:00:01
 local address: LID 0000 QPN 0x0a03 PSN 0xfa900a OUT 0x10 RKey 0x001a95 VAddr 0x007fe43415c000
 GID: 00:00:00:00:00:00:00:00:00:00:255:255:192:168:00:01
 local address: LID 0000 QPN 0x0a04 PSN 0x1f29e6 OUT 0x10 RKey 0x001a95 VAddr 0x007fe43415d000
 GID: 00:00:00:00:00:00:00:00:00:00:255:255:192:168:00:01
 local address: LID 0000 QPN 0x0a05 PSN 0xb7f870 OUT 0x10 RKey 0x001a95 VAddr 0x007fe43415e000
 GID: 00:00:00:00:00:00:00:00:00:00:255:255:192:168:00:01
 local address: LID 0000 QPN 0x0a06 PSN 0xda9d54 OUT 0x10 RKey 0x001a95 VAddr 0x007fe43415f000
 GID: 00:00:00:00:00:00:00:00:00:00:255:255:192:168:00:01
 local address: LID 0000 QPN 0x0a07 PSN 0x193557 OUT 0x10 RKey 0x001a95 VAddr 0x007fe434160000
 GID: 00:00:00:00:00:00:00:00:00:00:255:255:192:168:00:01
 local address: LID 0000 QPN 0x0a08 PSN 0xe4cdf7 OUT 0x10 RKey 0x001a95 VAddr 0x007fe434161000
 GID: 00:00:00:00:00:00:00:00:00:00:255:255:192:168:00:01
 local address: LID 0000 QPN 0x0a09 PSN 0x7785d8 OUT 0x10 RKey 0x001a95 VAddr 0x007fe434162000
 GID: 00:00:00:00:00:00:00:00:00:00:255:255:192:168:00:01
 local address: LID 0000 QPN 0x0a0a PSN 0xc391b6 OUT 0x10 RKey 0x001a95 VAddr 0x007fe434163000
 GID: 00:00:00:00:00:00:00:00:00:00:255:255:192:168:00:01
 local address: LID 0000 QPN 0x0a0b PSN 0x405e42 OUT 0x10 RKey 0x001a95 VAddr 0x007fe434164000
 GID: 00:00:00:00:00:00:00:00:00:00:255:255:192:168:00:01
 local address: LID 0000 QPN 0x0a0c PSN 0x13e92f OUT 0x10 RKey 0x001a95 VAddr 0x007fe434165000
 GID: 00:00:00:00:00:00:00:00:00:00:255:255:192:168:00:01
 local address: LID 0000 QPN 0x0a0d PSN 0xb21abd OUT 0x10 RKey 0x001a95 VAddr 0x007fe434166000
 GID: 00:00:00:00:00:00:00:00:00:00:255:255:192:168:00:01
 local address: LID 0000 QPN 0x0a0e PSN 0xfa6f54 OUT 0x10 RKey 0x001a95 VAddr 0x007fe434167000
 GID: 00:00:00:00:00:00:00:00:00:00:255:255:192:168:00:01
 local address: LID 0000 QPN 0x0a0f PSN 0x5947b1 OUT 0x10 RKey 0x001a95 VAddr 0x007fe434168000
 GID: 00:00:00:00:00:00:00:00:00:00:255:255:192:168:00:01
 local address: LID 0000 QPN 0x0a10 PSN 0x62e5be OUT 0x10 RKey 0x001a95 VAddr 0x007fe434169000
 GID: 00:00:00:00:00:00:00:00:00:00:255:255:192:168:00:01
 local address: LID 0000 QPN 0x0a11 PSN 0x9581b5 OUT 0x10 RKey 0x001a95 VAddr 0x007fe43416a000
 GID: 00:00:00:00:00:00:00:00:00:00:255:255:192:168:00:01
 remote address: LID 0000 QPN 0x09fa PSN 0xf3206e OUT 0x10 RKey 0x001970 VAddr 0x007fc99a9aa000
 GID: 00:00:00:00:00:00:00:00:00:00:255:255:192:168:00:02
 remote address: LID 0000 QPN 0x09fb PSN 0xd70cc0 OUT 0x10 RKey 0x001970 VAddr 0x007fc99a9ab000
 GID: 00:00:00:00:00:00:00:00:00:00:255:255:192:168:00:02
 remote address: LID 0000 QPN 0x09fc PSN 0x766f0a OUT 0x10 RKey 0x001970 VAddr 0x007fc99a9ac000
 GID: 00:00:00:00:00:00:00:00:00:00:255:255:192:168:00:02
 remote address: LID 0000 QPN 0x09fd PSN 0x8ee291 OUT 0x10 RKey 0x001970 VAddr 0x007fc99a9ad000
 GID: 00:00:00:00:00:00:00:00:00:00:255:255:192:168:00:02
 remote address: LID 0000 QPN 0x09fe PSN 0x8273d0 OUT 0x10 RKey 0x001970 VAddr 0x007fc99a9ae000
 GID: 00:00:00:00:00:00:00:00:00:00:255:255:192:168:00:02
 remote address: LID 0000 QPN 0x09ff PSN 0xf084f2 OUT 0x10 RKey 0x001970 VAddr 0x007fc99a9af000
 GID: 00:00:00:00:00:00:00:00:00:00:255:255:192:168:00:02
 remote address: LID 0000 QPN 0x0a00 PSN 0xdbc869 OUT 0x10 RKey 0x001970 VAddr 0x007fc99a9b0000
 GID: 00:00:00:00:00:00:00:00:00:00:255:255:192:168:00:02
 remote address: LID 0000 QPN 0x0a01 PSN 0x33e6ae OUT 0x10 RKey 0x001970 VAddr 0x007fc99a9b1000
 GID: 00:00:00:00:00:00:00:00:00:00:255:255:192:168:00:02
 remote address: LID 0000 QPN 0x0a02 PSN 0x9065ba OUT 0x10 RKey 0x001970 VAddr 0x007fc99a9b2000
 GID: 00:00:00:00:00:00:00:00:00:00:255:255:192:168:00:02
 remote address: LID 0000 QPN 0x0a03 PSN 0x1ee9b4 OUT 0x10 RKey 0x001970 VAddr 0x007fc99a9b3000
 GID: 00:00:00:00:00:00:00:00:00:00:255:255:192:168:00:02
 remote address: LID 0000 QPN 0x0a04 PSN 0x226f48 OUT 0x10 RKey 0x001970 VAddr 0x007fc99a9b4000
 GID: 00:00:00:00:00:00:00:00:00:00:255:255:192:168:00:02
 remote address: LID 0000 QPN 0x0a05 PSN 0x3ed23b OUT 0x10 RKey 0x001970 VAddr 0x007fc99a9b5000
 GID: 00:00:00:00:00:00:00:00:00:00:255:255:192:168:00:02
 remote address: LID 0000 QPN 0x0a06 PSN 0xd730b OUT 0x10 RKey 0x001970 VAddr 0x007fc99a9b6000
 GID: 00:00:00:00:00:00:00:00:00:00:255:255:192:168:00:02
 remote address: LID 0000 QPN 0x0a07 PSN 0x85c75c OUT 0x10 RKey 0x001970 VAddr 0x007fc99a9b7000
 GID: 00:00:00:00:00:00:00:00:00:00:255:255:192:168:00:02
 remote address: LID 0000 QPN 0x0a08 PSN 0x620eea OUT 0x10 RKey 0x001970 VAddr 0x007fc99a9b8000
 GID: 00:00:00:00:00:00:00:00:00:00:255:255:192:168:00:02
 remote address: LID 0000 QPN 0x0a09 PSN 0x286566 OUT 0x10 RKey 0x001970 VAddr 0x007fc99a9b9000
 GID: 00:00:00:00:00:00:00:00:00:00:255:255:192:168:00:02
 remote address: LID 0000 QPN 0x0a0a PSN 0x794b83 OUT 0x10 RKey 0x001970 VAddr 0x007fc99a9ba000
 GID: 00:00:00:00:00:00:00:00:00:00:255:255:192:168:00:02
 remote address: LID 0000 QPN 0x0a0b PSN 0xa47081 OUT 0x10 RKey 0x001970 VAddr 0x007fc99a9bb000
 GID: 00:00:00:00:00:00:00:00:00:00:255:255:192:168:00:02
 remote address: LID 0000 QPN 0x0a0c PSN 0xe70bc8 OUT 0x10 RKey 0x001970 VAddr 0x007fc99a9bc000
 GID: 00:00:00:00:00:00:00:00:00:00:255:255:192:168:00:02
 remote address: LID 0000 QPN 0x0a0d PSN 0x981d15 OUT 0x10 RKey 0x001970 VAddr 0x007fc99a9bd000
 GID: 00:00:00:00:00:00:00:00:00:00:255:255:192:168:00:02
 remote address: LID 0000 QPN 0x0a0e PSN 0xb9952 OUT 0x10 RKey 0x001970 VAddr 0x007fc99a9be000
 GID: 00:00:00:00:00:00:00:00:00:00:255:255:192:168:00:02
 remote address: LID 0000 QPN 0x0a0f PSN 0x30efb9 OUT 0x10 RKey 0x001970 VAddr 0x007fc99a9bf000
 GID: 00:00:00:00:00:00:00:00:00:00:255:255:192:168:00:02
---------------------------------------------------------------------------------------
 #bytes     #iterations    BW peak[MB/sec]    BW average[MB/sec]   MsgRate[Mpps]
 4096       22000            13112.48            13091.22		   3.351352
---------------------------------------------------------------------------------------
