
************************************
* Waiting for client to connect... *
************************************
---------------------------------------------------------------------------------------
                    RDMA_Read BW Test
 Dual-port       : OFF		Device         : mlx5_0
 Number of qps   : 24		Transport type : IB
 Connection type : RC		Using SRQ      : OFF
 PCIe relax order: ON
 ibv_wr* API     : ON
 CQ Moderation   : 100
 Mtu             : 1024[B]
 Link type       : Ethernet
 GID index       : 3
 Outstand reads  : 16
 rdma_cm QPs	 : OFF
 Data ex. method : Ethernet
---------------------------------------------------------------------------------------
 local address: LID 0000 QPN 0x0a12 PSN 0xba46 OUT 0x10 RKey 0x001a96 VAddr 0x007f35616fe000
 GID: 00:00:00:00:00:00:00:00:00:00:255:255:192:168:00:01
 local address: LID 0000 QPN 0x0a13 PSN 0xf99db8 OUT 0x10 RKey 0x001a96 VAddr 0x007f35616ff000
 GID: 00:00:00:00:00:00:00:00:00:00:255:255:192:168:00:01
 local address: LID 0000 QPN 0x0a14 PSN 0xcf8a2 OUT 0x10 RKey 0x001a96 VAddr 0x007f3561700000
 GID: 00:00:00:00:00:00:00:00:00:00:255:255:192:168:00:01
 local address: LID 0000 QPN 0x0a15 PSN 0x660849 OUT 0x10 RKey 0x001a96 VAddr 0x007f3561701000
 GID: 00:00:00:00:00:00:00:00:00:00:255:255:192:168:00:01
 local address: LID 0000 QPN 0x0a16 PSN 0xa0d328 OUT 0x10 RKey 0x001a96 VAddr 0x007f3561702000
 GID: 00:00:00:00:00:00:00:00:00:00:255:255:192:168:00:01
 local address: LID 0000 QPN 0x0a17 PSN 0xa82d6a OUT 0x10 RKey 0x001a96 VAddr 0x007f3561703000
 GID: 00:00:00:00:00:00:00:00:00:00:255:255:192:168:00:01
 local address: LID 0000 QPN 0x0a18 PSN 0xa5381 OUT 0x10 RKey 0x001a96 VAddr 0x007f3561704000
 GID: 00:00:00:00:00:00:00:00:00:00:255:255:192:168:00:01
 local address: LID 0000 QPN 0x0a19 PSN 0x1cafe6 OUT 0x10 RKey 0x001a96 VAddr 0x007f3561705000
 GID: 00:00:00:00:00:00:00:00:00:00:255:255:192:168:00:01
 local address: LID 0000 QPN 0x0a1a PSN 0x166292 OUT 0x10 RKey 0x001a96 VAddr 0x007f3561706000
 GID: 00:00:00:00:00:00:00:00:00:00:255:255:192:168:00:01
 local address: LID 0000 QPN 0x0a1b PSN 0x75a1ac OUT 0x10 RKey 0x001a96 VAddr 0x007f3561707000
 GID: 00:00:00:00:00:00:00:00:00:00:255:255:192:168:00:01
 local address: LID 0000 QPN 0x0a1c PSN 0xf793e0 OUT 0x10 RKey 0x001a96 VAddr 0x007f3561708000
 GID: 00:00:00:00:00:00:00:00:00:00:255:255:192:168:00:01
 local address: LID 0000 QPN 0x0a1d PSN 0xfff6f3 OUT 0x10 RKey 0x001a96 VAddr 0x007f3561709000
 GID: 00:00:00:00:00:00:00:00:00:00:255:255:192:168:00:01
 local address: LID 0000 QPN 0x0a1e PSN 0xe76563 OUT 0x10 RKey 0x001a96 VAddr 0x007f356170a000
 GID: 00:00:00:00:00:00:00:00:00:00:255:255:192:168:00:01
 local address: LID 0000 QPN 0x0a1f PSN 0x2d06d4 OUT 0x10 RKey 0x001a96 VAddr 0x007f356170b000
 GID: 00:00:00:00:00:00:00:00:00:00:255:255:192:168:00:01
 local address: LID 0000 QPN 0x0a20 PSN 0x3de502 OUT 0x10 RKey 0x001a96 VAddr 0x007f356170c000
 GID: 00:00:00:00:00:00:00:00:00:00:255:255:192:168:00:01
 local address: LID 0000 QPN 0x0a21 PSN 0x3c1d9e OUT 0x10 RKey 0x001a96 VAddr 0x007f356170d000
 GID: 00:00:00:00:00:00:00:00:00:00:255:255:192:168:00:01
 local address: LID 0000 QPN 0x0a22 PSN 0x10b5b OUT 0x10 RKey 0x001a96 VAddr 0x007f356170e000
 GID: 00:00:00:00:00:00:00:00:00:00:255:255:192:168:00:01
 local address: LID 0000 QPN 0x0a23 PSN 0xed2f79 OUT 0x10 RKey 0x001a96 VAddr 0x007f356170f000
 GID: 00:00:00:00:00:00:00:00:00:00:255:255:192:168:00:01
 local address: LID 0000 QPN 0x0a24 PSN 0x132b60 OUT 0x10 RKey 0x001a96 VAddr 0x007f3561710000
 GID: 00:00:00:00:00:00:00:00:00:00:255:255:192:168:00:01
 local address: LID 0000 QPN 0x0a25 PSN 0xe420cd OUT 0x10 RKey 0x001a96 VAddr 0x007f3561711000
 GID: 00:00:00:00:00:00:00:00:00:00:255:255:192:168:00:01
 local address: LID 0000 QPN 0x0a26 PSN 0x607eaa OUT 0x10 RKey 0x001a96 VAddr 0x007f3561712000
 GID: 00:00:00:00:00:00:00:00:00:00:255:255:192:168:00:01
 local address: LID 0000 QPN 0x0a27 PSN 0x83a631 OUT 0x10 RKey 0x001a96 VAddr 0x007f3561713000
 GID: 00:00:00:00:00:00:00:00:00:00:255:255:192:168:00:01
 local address: LID 0000 QPN 0x0a28 PSN 0x3f4041 OUT 0x10 RKey 0x001a96 VAddr 0x007f3561714000
 GID: 00:00:00:00:00:00:00:00:00:00:255:255:192:168:00:01
 local address: LID 0000 QPN 0x0a29 PSN 0x7076b5 OUT 0x10 RKey 0x001a96 VAddr 0x007f3561715000
 GID: 00:00:00:00:00:00:00:00:00:00:255:255:192:168:00:01
 remote address: LID 0000 QPN 0x0a10 PSN 0x5aa50e OUT 0x10 RKey 0x001971 VAddr 0x007fdc3bde2000
 GID: 00:00:00:00:00:00:00:00:00:00:255:255:192:168:00:02
 remote address: LID 0000 QPN 0x0a11 PSN 0x9244e0 OUT 0x10 RKey 0x001971 VAddr 0x007fdc3bde3000
 GID: 00:00:00:00:00:00:00:00:00:00:255:255:192:168:00:02
 remote address: LID 0000 QPN 0x0a12 PSN 0x1a14aa OUT 0x10 RKey 0x001971 VAddr 0x007fdc3bde4000
 GID: 00:00:00:00:00:00:00:00:00:00:255:255:192:168:00:02
 remote address: LID 0000 QPN 0x0a13 PSN 0x8a27b1 OUT 0x10 RKey 0x001971 VAddr 0x007fdc3bde5000
 GID: 00:00:00:00:00:00:00:00:00:00:255:255:192:168:00:02
 remote address: LID 0000 QPN 0x0a14 PSN 0x19a270 OUT 0x10 RKey 0x001971 VAddr 0x007fdc3bde6000
 GID: 00:00:00:00:00:00:00:00:00:00:255:255:192:168:00:02
 remote address: LID 0000 QPN 0x0a15 PSN 0xb31f12 OUT 0x10 RKey 0x001971 VAddr 0x007fdc3bde7000
 GID: 00:00:00:00:00:00:00:00:00:00:255:255:192:168:00:02
 remote address: LID 0000 QPN 0x0a16 PSN 0xb02809 OUT 0x10 RKey 0x001971 VAddr 0x007fdc3bde8000
 GID: 00:00:00:00:00:00:00:00:00:00:255:255:192:168:00:02
 remote address: LID 0000 QPN 0x0a17 PSN 0xa5dce OUT 0x10 RKey 0x001971 VAddr 0x007fdc3bde9000
 GID: 00:00:00:00:00:00:00:00:00:00:255:255:192:168:00:02
 remote address: LID 0000 QPN 0x0a18 PSN 0x67de5a OUT 0x10 RKey 0x001971 VAddr 0x007fdc3bdea000
 GID: 00:00:00:00:00:00:00:00:00:00:255:255:192:168:00:02
 remote address: LID 0000 QPN 0x0a19 PSN 0xbd05d4 OUT 0x10 RKey 0x001971 VAddr 0x007fdc3bdeb000
 GID: 00:00:00:00:00:00:00:00:00:00:255:255:192:168:00:02
 remote address: LID 0000 QPN 0x0a1a PSN 0x3928e8 OUT 0x10 RKey 0x001971 VAddr 0x007fdc3bdec000
 GID: 00:00:00:00:00:00:00:00:00:00:255:255:192:168:00:02
 remote address: LID 0000 QPN 0x0a1b PSN 0x319b5b OUT 0x10 RKey 0x001971 VAddr 0x007fdc3bded000
 GID: 00:00:00:00:00:00:00:00:00:00:255:255:192:168:00:02
 remote address: LID 0000 QPN 0x0a1c PSN 0x9fd5ab OUT 0x10 RKey 0x001971 VAddr 0x007fdc3bdee000
 GID: 00:00:00:00:00:00:00:00:00:00:255:255:192:168:00:02
 remote address: LID 0000 QPN 0x0a1d PSN 0xf5857c OUT 0x10 RKey 0x001971 VAddr 0x007fdc3bdef000
 GID: 00:00:00:00:00:00:00:00:00:00:255:255:192:168:00:02
 remote address: LID 0000 QPN 0x0a1e PSN 0x46c28a OUT 0x10 RKey 0x001971 VAddr 0x007fdc3bdf0000
 GID: 00:00:00:00:00:00:00:00:00:00:255:255:192:168:00:02
 remote address: LID 0000 QPN 0x0a1f PSN 0x6aa086 OUT 0x10 RKey 0x001971 VAddr 0x007fdc3bdf1000
 GID: 00:00:00:00:00:00:00:00:00:00:255:255:192:168:00:02
 remote address: LID 0000 QPN 0x0a20 PSN 0x4b3823 OUT 0x10 RKey 0x001971 VAddr 0x007fdc3bdf2000
 GID: 00:00:00:00:00:00:00:00:00:00:255:255:192:168:00:02
 remote address: LID 0000 QPN 0x0a21 PSN 0x1df0a1 OUT 0x10 RKey 0x001971 VAddr 0x007fdc3bdf3000
 GID: 00:00:00:00:00:00:00:00:00:00:255:255:192:168:00:02
 remote address: LID 0000 QPN 0x0a22 PSN 0x3f5968 OUT 0x10 RKey 0x001971 VAddr 0x007fdc3bdf4000
 GID: 00:00:00:00:00:00:00:00:00:00:255:255:192:168:00:02
 remote address: LID 0000 QPN 0x0a23 PSN 0x6eea35 OUT 0x10 RKey 0x001971 VAddr 0x007fdc3bdf5000
 GID: 00:00:00:00:00:00:00:00:00:00:255:255:192:168:00:02
 remote address: LID 0000 QPN 0x0a24 PSN 0x4baff2 OUT 0x10 RKey 0x001971 VAddr 0x007fdc3bdf6000
 GID: 00:00:00:00:00:00:00:00:00:00:255:255:192:168:00:02
 remote address: LID 0000 QPN 0x0a25 PSN 0x4e51d9 OUT 0x10 RKey 0x001971 VAddr 0x007fdc3bdf7000
 GID: 00:00:00:00:00:00:00:00:00:00:255:255:192:168:00:02
 remote address: LID 0000 QPN 0x0a26 PSN 0xa346c9 OUT 0x10 RKey 0x001971 VAddr 0x007fdc3bdf8000
 GID: 00:00:00:00:00:00:00:00:00:00:255:255:192:168:00:02
 remote address: LID 0000 QPN 0x0a27 PSN 0x456e9d OUT 0x10 RKey 0x001971 VAddr 0x007fdc3bdf9000
 GID: 00:00:00:00:00:00:00:00:00:00:255:255:192:168:00:02
---------------------------------------------------------------------------------------
 #bytes     #iterations    BW peak[MB/sec]    BW average[MB/sec]   MsgRate[Mpps]
 4096       24000            13112.60            13058.34		   3.342934
---------------------------------------------------------------------------------------
