
************************************
* Waiting for client to connect... *
************************************
---------------------------------------------------------------------------------------
                    RDMA_Read BW Test
 Dual-port       : OFF		Device         : mlx5_0
 Number of qps   : 38		Transport type : IB
 Connection type : RC		Using SRQ      : OFF
 PCIe relax order: ON
 ibv_wr* API     : ON
 CQ Moderation   : 100
 Mtu             : 1024[B]
 Link type       : Ethernet
 GID index       : 3
 Outstand reads  : 16
 rdma_cm QPs	 : OFF
 Data ex. method : Ethernet
---------------------------------------------------------------------------------------
 local address: LID 0000 QPN 0x0ae4 PSN 0x420006 OUT 0x10 RKey 0x001a9d VAddr 0x007f474a376000
 GID: 00:00:00:00:00:00:00:00:00:00:255:255:192:168:00:01
 local address: LID 0000 QPN 0x0ae5 PSN 0x6ed078 OUT 0x10 RKey 0x001a9d VAddr 0x007f474a377000
 GID: 00:00:00:00:00:00:00:00:00:00:255:255:192:168:00:01
 local address: LID 0000 QPN 0x0ae6 PSN 0x8c1462 OUT 0x10 RKey 0x001a9d VAddr 0x007f474a378000
 GID: 00:00:00:00:00:00:00:00:00:00:255:255:192:168:00:01
 local address: LID 0000 QPN 0x0ae7 PSN 0x735909 OUT 0x10 RKey 0x001a9d VAddr 0x007f474a379000
 GID: 00:00:00:00:00:00:00:00:00:00:255:255:192:168:00:01
 local address: LID 0000 QPN 0x0ae8 PSN 0xd8b4e8 OUT 0x10 RKey 0x001a9d VAddr 0x007f474a37a000
 GID: 00:00:00:00:00:00:00:00:00:00:255:255:192:168:00:01
 local address: LID 0000 QPN 0x0ae9 PSN 0x45cc2a OUT 0x10 RKey 0x001a9d VAddr 0x007f474a37b000
 GID: 00:00:00:00:00:00:00:00:00:00:255:255:192:168:00:01
 local address: LID 0000 QPN 0x0aea PSN 0xc76b41 OUT 0x10 RKey 0x001a9d VAddr 0x007f474a37c000
 GID: 00:00:00:00:00:00:00:00:00:00:255:255:192:168:00:01
 local address: LID 0000 QPN 0x0aeb PSN 0xf64ca6 OUT 0x10 RKey 0x001a9d VAddr 0x007f474a37d000
 GID: 00:00:00:00:00:00:00:00:00:00:255:255:192:168:00:01
 local address: LID 0000 QPN 0x0aec PSN 0x92a052 OUT 0x10 RKey 0x001a9d VAddr 0x007f474a37e000
 GID: 00:00:00:00:00:00:00:00:00:00:255:255:192:168:00:01
 local address: LID 0000 QPN 0x0aed PSN 0xd66c6c OUT 0x10 RKey 0x001a9d VAddr 0x007f474a37f000
 GID: 00:00:00:00:00:00:00:00:00:00:255:255:192:168:00:01
 local address: LID 0000 QPN 0x0aee PSN 0x5667a0 OUT 0x10 RKey 0x001a9d VAddr 0x007f474a380000
 GID: 00:00:00:00:00:00:00:00:00:00:255:255:192:168:00:01
 local address: LID 0000 QPN 0x0aef PSN 0x9e9fb3 OUT 0x10 RKey 0x001a9d VAddr 0x007f474a381000
 GID: 00:00:00:00:00:00:00:00:00:00:255:255:192:168:00:01
 local address: LID 0000 QPN 0x0af0 PSN 0x11bf23 OUT 0x10 RKey 0x001a9d VAddr 0x007f474a382000
 GID: 00:00:00:00:00:00:00:00:00:00:255:255:192:168:00:01
 local address: LID 0000 QPN 0x0af1 PSN 0xd7bd94 OUT 0x10 RKey 0x001a9d VAddr 0x007f474a383000
 GID: 00:00:00:00:00:00:00:00:00:00:255:255:192:168:00:01
 local address: LID 0000 QPN 0x0af2 PSN 0x1e34c2 OUT 0x10 RKey 0x001a9d VAddr 0x007f474a384000
 GID: 00:00:00:00:00:00:00:00:00:00:255:255:192:168:00:01
 local address: LID 0000 QPN 0x0af3 PSN 0x64925e OUT 0x10 RKey 0x001a9d VAddr 0x007f474a385000
 GID: 00:00:00:00:00:00:00:00:00:00:255:255:192:168:00:01
 local address: LID 0000 QPN 0x0af4 PSN 0x1f411b OUT 0x10 RKey 0x001a9d VAddr 0x007f474a386000
 GID: 00:00:00:00:00:00:00:00:00:00:255:255:192:168:00:01
 local address: LID 0000 QPN 0x0af5 PSN 0x149239 OUT 0x10 RKey 0x001a9d VAddr 0x007f474a387000
 GID: 00:00:00:00:00:00:00:00:00:00:255:255:192:168:00:01
 local address: LID 0000 QPN 0x0af6 PSN 0x90b720 OUT 0x10 RKey 0x001a9d VAddr 0x007f474a388000
 GID: 00:00:00:00:00:00:00:00:00:00:255:255:192:168:00:01
 local address: LID 0000 QPN 0x0af7 PSN 0xe7218d OUT 0x10 RKey 0x001a9d VAddr 0x007f474a389000
 GID: 00:00:00:00:00:00:00:00:00:00:255:255:192:168:00:01
 local address: LID 0000 QPN 0x0af8 PSN 0x54506a OUT 0x10 RKey 0x001a9d VAddr 0x007f474a38a000
 GID: 00:00:00:00:00:00:00:00:00:00:255:255:192:168:00:01
 local address: LID 0000 QPN 0x0af9 PSN 0xc674f1 OUT 0x10 RKey 0x001a9d VAddr 0x007f474a38b000
 GID: 00:00:00:00:00:00:00:00:00:00:255:255:192:168:00:01
 local address: LID 0000 QPN 0x0afa PSN 0x71c801 OUT 0x10 RKey 0x001a9d VAddr 0x007f474a38c000
 GID: 00:00:00:00:00:00:00:00:00:00:255:255:192:168:00:01
 local address: LID 0000 QPN 0x0afb PSN 0xeac375 OUT 0x10 RKey 0x001a9d VAddr 0x007f474a38d000
 GID: 00:00:00:00:00:00:00:00:00:00:255:255:192:168:00:01
 local address: LID 0000 QPN 0x0afc PSN 0x1387d2 OUT 0x10 RKey 0x001a9d VAddr 0x007f474a38e000
 GID: 00:00:00:00:00:00:00:00:00:00:255:255:192:168:00:01
 local address: LID 0000 QPN 0x0afd PSN 0xaeb435 OUT 0x10 RKey 0x001a9d VAddr 0x007f474a38f000
 GID: 00:00:00:00:00:00:00:00:00:00:255:255:192:168:00:01
 local address: LID 0000 QPN 0x0afe PSN 0x8650b2 OUT 0x10 RKey 0x001a9d VAddr 0x007f474a390000
 GID: 00:00:00:00:00:00:00:00:00:00:255:255:192:168:00:01
 local address: LID 0000 QPN 0x0aff PSN 0xd61b4c OUT 0x10 RKey 0x001a9d VAddr 0x007f474a391000
 GID: 00:00:00:00:00:00:00:00:00:00:255:255:192:168:00:01
 local address: LID 0000 QPN 0x0b00 PSN 0x2b617b OUT 0x10 RKey 0x001a9d VAddr 0x007f474a392000
 GID: 00:00:00:00:00:00:00:00:00:00:255:255:192:168:00:01
 local address: LID 0000 QPN 0x0b01 PSN 0x10a61 OUT 0x10 RKey 0x001a9d VAddr 0x007f474a393000
 GID: 00:00:00:00:00:00:00:00:00:00:255:255:192:168:00:01
 local address: LID 0000 QPN 0x0b02 PSN 0x479f63 OUT 0x10 RKey 0x001a9d VAddr 0x007f474a394000
 GID: 00:00:00:00:00:00:00:00:00:00:255:255:192:168:00:01
 local address: LID 0000 QPN 0x0b03 PSN 0x40f616 OUT 0x10 RKey 0x001a9d VAddr 0x007f474a395000
 GID: 00:00:00:00:00:00:00:00:00:00:255:255:192:168:00:01
 local address: LID 0000 QPN 0x0b04 PSN 0x748853 OUT 0x10 RKey 0x001a9d VAddr 0x007f474a396000
 GID: 00:00:00:00:00:00:00:00:00:00:255:255:192:168:00:01
 local address: LID 0000 QPN 0x0b05 PSN 0xa983d8 OUT 0x10 RKey 0x001a9d VAddr 0x007f474a397000
 GID: 00:00:00:00:00:00:00:00:00:00:255:255:192:168:00:01
 local address: LID 0000 QPN 0x0b06 PSN 0xc0ef9e OUT 0x10 RKey 0x001a9d VAddr 0x007f474a398000
 GID: 00:00:00:00:00:00:00:00:00:00:255:255:192:168:00:01
 local address: LID 0000 QPN 0x0b07 PSN 0x5d029c OUT 0x10 RKey 0x001a9d VAddr 0x007f474a399000
 GID: 00:00:00:00:00:00:00:00:00:00:255:255:192:168:00:01
 local address: LID 0000 QPN 0x0b08 PSN 0xc3961f OUT 0x10 RKey 0x001a9d VAddr 0x007f474a39a000
 GID: 00:00:00:00:00:00:00:00:00:00:255:255:192:168:00:01
 local address: LID 0000 QPN 0x0b09 PSN 0x2f6545 OUT 0x10 RKey 0x001a9d VAddr 0x007f474a39b000
 GID: 00:00:00:00:00:00:00:00:00:00:255:255:192:168:00:01
 remote address: LID 0000 QPN 0x0ae2 PSN 0xd54590 OUT 0x10 RKey 0x001978 VAddr 0x007fd8530c4000
 GID: 00:00:00:00:00:00:00:00:00:00:255:255:192:168:00:02
 remote address: LID 0000 QPN 0x0ae3 PSN 0xd5683a OUT 0x10 RKey 0x001978 VAddr 0x007fd8530c5000
 GID: 00:00:00:00:00:00:00:00:00:00:255:255:192:168:00:02
 remote address: LID 0000 QPN 0x0ae4 PSN 0x6afdfc OUT 0x10 RKey 0x001978 VAddr 0x007fd8530c6000
 GID: 00:00:00:00:00:00:00:00:00:00:255:255:192:168:00:02
 remote address: LID 0000 QPN 0x0ae5 PSN 0x352b9b OUT 0x10 RKey 0x001978 VAddr 0x007fd8530c7000
 GID: 00:00:00:00:00:00:00:00:00:00:255:255:192:168:00:02
 remote address: LID 0000 QPN 0x0ae6 PSN 0x268912 OUT 0x10 RKey 0x001978 VAddr 0x007fd8530c8000
 GID: 00:00:00:00:00:00:00:00:00:00:255:255:192:168:00:02
 remote address: LID 0000 QPN 0x0ae7 PSN 0xbede0c OUT 0x10 RKey 0x001978 VAddr 0x007fd8530c9000
 GID: 00:00:00:00:00:00:00:00:00:00:255:255:192:168:00:02
 remote address: LID 0000 QPN 0x0ae8 PSN 0xbd147b OUT 0x10 RKey 0x001978 VAddr 0x007fd8530ca000
 GID: 00:00:00:00:00:00:00:00:00:00:255:255:192:168:00:02
 remote address: LID 0000 QPN 0x0ae9 PSN 0x117658 OUT 0x10 RKey 0x001978 VAddr 0x007fd8530cb000
 GID: 00:00:00:00:00:00:00:00:00:00:255:255:192:168:00:02
 remote address: LID 0000 QPN 0x0aea PSN 0xb14d1c OUT 0x10 RKey 0x001978 VAddr 0x007fd8530cc000
 GID: 00:00:00:00:00:00:00:00:00:00:255:255:192:168:00:02
 remote address: LID 0000 QPN 0x0aeb PSN 0x5b7a6e OUT 0x10 RKey 0x001978 VAddr 0x007fd8530cd000
 GID: 00:00:00:00:00:00:00:00:00:00:255:255:192:168:00:02
 remote address: LID 0000 QPN 0x0aec PSN 0x6b2a7a OUT 0x10 RKey 0x001978 VAddr 0x007fd8530ce000
 GID: 00:00:00:00:00:00:00:00:00:00:255:255:192:168:00:02
 remote address: LID 0000 QPN 0x0aed PSN 0x7d7285 OUT 0x10 RKey 0x001978 VAddr 0x007fd8530cf000
 GID: 00:00:00:00:00:00:00:00:00:00:255:255:192:168:00:02
 remote address: LID 0000 QPN 0x0aee PSN 0xf22e8d OUT 0x10 RKey 0x001978 VAddr 0x007fd8530d0000
 GID: 00:00:00:00:00:00:00:00:00:00:255:255:192:168:00:02
 remote address: LID 0000 QPN 0x0aef PSN 0x3869b6 OUT 0x10 RKey 0x001978 VAddr 0x007fd8530d1000
 GID: 00:00:00:00:00:00:00:00:00:00:255:255:192:168:00:02
 remote address: LID 0000 QPN 0x0af0 PSN 0x460b3c OUT 0x10 RKey 0x001978 VAddr 0x007fd8530d2000
 GID: 00:00:00:00:00:00:00:00:00:00:255:255:192:168:00:02
 remote address: LID 0000 QPN 0x0af1 PSN 0x848050 OUT 0x10 RKey 0x001978 VAddr 0x007fd8530d3000
 GID: 00:00:00:00:00:00:00:00:00:00:255:255:192:168:00:02
 remote address: LID 0000 QPN 0x0af2 PSN 0x96fd25 OUT 0x10 RKey 0x001978 VAddr 0x007fd8530d4000
 GID: 00:00:00:00:00:00:00:00:00:00:255:255:192:168:00:02
 remote address: LID 0000 QPN 0x0af3 PSN 0x389e7b OUT 0x10 RKey 0x001978 VAddr 0x007fd8530d5000
 GID: 00:00:00:00:00:00:00:00:00:00:255:255:192:168:00:02
 remote address: LID 0000 QPN 0x0af4 PSN 0xc53b3a OUT 0x10 RKey 0x001978 VAddr 0x007fd8530d6000
 GID: 00:00:00:00:00:00:00:00:00:00:255:255:192:168:00:02
 remote address: LID 0000 QPN 0x0af5 PSN 0xeabc9f OUT 0x10 RKey 0x001978 VAddr 0x007fd8530d7000
 GID: 00:00:00:00:00:00:00:00:00:00:255:255:192:168:00:02
 remote address: LID 0000 QPN 0x0af6 PSN 0xc78314 OUT 0x10 RKey 0x001978 VAddr 0x007fd8530d8000
 GID: 00:00:00:00:00:00:00:00:00:00:255:255:192:168:00:02
 remote address: LID 0000 QPN 0x0af7 PSN 0xfc353 OUT 0x10 RKey 0x001978 VAddr 0x007fd8530d9000
 GID: 00:00:00:00:00:00:00:00:00:00:255:255:192:168:00:02
 remote address: LID 0000 QPN 0x0af8 PSN 0x6c33bb OUT 0x10 RKey 0x001978 VAddr 0x007fd8530da000
 GID: 00:00:00:00:00:00:00:00:00:00:255:255:192:168:00:02
 remote address: LID 0000 QPN 0x0af9 PSN 0xcbbda7 OUT 0x10 RKey 0x001978 VAddr 0x007fd8530db000
 GID: 00:00:00:00:00:00:00:00:00:00:255:255:192:168:00:02
 remote address: LID 0000 QPN 0x0afa PSN 0xbefb1c OUT 0x10 RKey 0x001978 VAddr 0x007fd8530dc000
 GID: 00:00:00:00:00:00:00:00:00:00:255:255:192:168:00:02
 remote address: LID 0000 QPN 0x0afb PSN 0x7b46b7 OUT 0x10 RKey 0x001978 VAddr 0x007fd8530dd000
 GID: 00:00:00:00:00:00:00:00:00:00:255:255:192:168:00:02
 remote address: LID 0000 QPN 0x0afc PSN 0x197e0c OUT 0x10 RKey 0x001978 VAddr 0x007fd8530de000
 GID: 00:00:00:00:00:00:00:00:00:00:255:255:192:168:00:02
 remote address: LID 0000 QPN 0x0afd PSN 0x37469e OUT 0x10 RKey 0x001978 VAddr 0x007fd8530df000
 GID: 00:00:00:00:00:00:00:00:00:00:255:255:192:168:00:02
 remote address: LID 0000 QPN 0x0afe PSN 0xe7f65 OUT 0x10 RKey 0x001978 VAddr 0x007fd8530e0000
 GID: 00:00:00:00:00:00:00:00:00:00:255:255:192:168:00:02
 remote address: LID 0000 QPN 0x0aff PSN 0x4d0303 OUT 0x10 RKey 0x001978 VAddr 0x007fd8530e1000
 GID: 00:00:00:00:00:00:00:00:00:00:255:255:192:168:00:02
 remote address: LID 0000 QPN 0x0b00 PSN 0x5a085d OUT 0x10 RKey 0x001978 VAddr 0x007fd8530e2000
 GID: 00:00:00:00:00:00:00:00:00:00:255:255:192:168:00:02
 remote address: LID 0000 QPN 0x0b01 PSN 0xe04488 OUT 0x10 RKey 0x001978 VAddr 0x007fd8530e3000
 GID: 00:00:00:00:00:00:00:00:00:00:255:255:192:168:00:02
 remote address: LID 0000 QPN 0x0b02 PSN 0xdb5add OUT 0x10 RKey 0x001978 VAddr 0x007fd8530e4000
 GID: 00:00:00:00:00:00:00:00:00:00:255:255:192:168:00:02
 remote address: LID 0000 QPN 0x0b03 PSN 0xd1249a OUT 0x10 RKey 0x001978 VAddr 0x007fd8530e5000
 GID: 00:00:00:00:00:00:00:00:00:00:255:255:192:168:00:02
 remote address: LID 0000 QPN 0x0b04 PSN 0xe6ae38 OUT 0x10 RKey 0x001978 VAddr 0x007fd8530e6000
 GID: 00:00:00:00:00:00:00:00:00:00:255:255:192:168:00:02
 remote address: LID 0000 QPN 0x0b05 PSN 0xa5862e OUT 0x10 RKey 0x001978 VAddr 0x007fd8530e7000
 GID: 00:00:00:00:00:00:00:00:00:00:255:255:192:168:00:02
 remote address: LID 0000 QPN 0x0b06 PSN 0x70c749 OUT 0x10 RKey 0x001978 VAddr 0x007fd8530e8000
 GID: 00:00:00:00:00:00:00:00:00:00:255:255:192:168:00:02
 remote address: LID 0000 QPN 0x0b07 PSN 0xd11027 OUT 0x10 RKey 0x001978 VAddr 0x007fd8530e9000
 GID: 00:00:00:00:00:00:00:00:00:00:255:255:192:168:00:02
---------------------------------------------------------------------------------------
 #bytes     #iterations    BW peak[MB/sec]    BW average[MB/sec]   MsgRate[Mpps]
 4096       38000            13130.25            12938.54		   3.312266
---------------------------------------------------------------------------------------
