
************************************
* Waiting for client to connect... *
************************************
---------------------------------------------------------------------------------------
                    RDMA_Read BW Test
 Dual-port       : OFF		Device         : mlx5_0
 Number of qps   : 40		Transport type : IB
 Connection type : RC		Using SRQ      : OFF
 PCIe relax order: ON
 ibv_wr* API     : ON
 CQ Moderation   : 100
 Mtu             : 1024[B]
 Link type       : Ethernet
 GID index       : 3
 Outstand reads  : 16
 rdma_cm QPs	 : OFF
 Data ex. method : Ethernet
---------------------------------------------------------------------------------------
 local address: LID 0000 QPN 0x0b0a PSN 0xf0b7da OUT 0x10 RKey 0x001a9e VAddr 0x007ffb800a5000
 GID: 00:00:00:00:00:00:00:00:00:00:255:255:192:168:00:01
 local address: LID 0000 QPN 0x0b0b PSN 0x6b8dbc OUT 0x10 RKey 0x001a9e VAddr 0x007ffb800a6000
 GID: 00:00:00:00:00:00:00:00:00:00:255:255:192:168:00:01
 local address: LID 0000 QPN 0x0b0c PSN 0xe3c256 OUT 0x10 RKey 0x001a9e VAddr 0x007ffb800a7000
 GID: 00:00:00:00:00:00:00:00:00:00:255:255:192:168:00:01
 local address: LID 0000 QPN 0x0b0d PSN 0x1a1ed OUT 0x10 RKey 0x001a9e VAddr 0x007ffb800a8000
 GID: 00:00:00:00:00:00:00:00:00:00:255:255:192:168:00:01
 local address: LID 0000 QPN 0x0b0e PSN 0x1a95fc OUT 0x10 RKey 0x001a9e VAddr 0x007ffb800a9000
 GID: 00:00:00:00:00:00:00:00:00:00:255:255:192:168:00:01
 local address: LID 0000 QPN 0x0b0f PSN 0xfa99ae OUT 0x10 RKey 0x001a9e VAddr 0x007ffb800aa000
 GID: 00:00:00:00:00:00:00:00:00:00:255:255:192:168:00:01
 local address: LID 0000 QPN 0x0b10 PSN 0x178475 OUT 0x10 RKey 0x001a9e VAddr 0x007ffb800ab000
 GID: 00:00:00:00:00:00:00:00:00:00:255:255:192:168:00:01
 local address: LID 0000 QPN 0x0b11 PSN 0xa5bfca OUT 0x10 RKey 0x001a9e VAddr 0x007ffb800ac000
 GID: 00:00:00:00:00:00:00:00:00:00:255:255:192:168:00:01
 local address: LID 0000 QPN 0x0b12 PSN 0xe8fea6 OUT 0x10 RKey 0x001a9e VAddr 0x007ffb800ad000
 GID: 00:00:00:00:00:00:00:00:00:00:255:255:192:168:00:01
 local address: LID 0000 QPN 0x0b13 PSN 0xcc0e30 OUT 0x10 RKey 0x001a9e VAddr 0x007ffb800ae000
 GID: 00:00:00:00:00:00:00:00:00:00:255:255:192:168:00:01
 local address: LID 0000 QPN 0x0b14 PSN 0xf26014 OUT 0x10 RKey 0x001a9e VAddr 0x007ffb800af000
 GID: 00:00:00:00:00:00:00:00:00:00:255:255:192:168:00:01
 local address: LID 0000 QPN 0x0b15 PSN 0x2fa117 OUT 0x10 RKey 0x001a9e VAddr 0x007ffb800b0000
 GID: 00:00:00:00:00:00:00:00:00:00:255:255:192:168:00:01
 local address: LID 0000 QPN 0x0b16 PSN 0x3f2eb7 OUT 0x10 RKey 0x001a9e VAddr 0x007ffb800b1000
 GID: 00:00:00:00:00:00:00:00:00:00:255:255:192:168:00:01
 local address: LID 0000 QPN 0x0b17 PSN 0xdf3798 OUT 0x10 RKey 0x001a9e VAddr 0x007ffb800b2000
 GID: 00:00:00:00:00:00:00:00:00:00:255:255:192:168:00:01
 local address: LID 0000 QPN 0x0b18 PSN 0x9cc076 OUT 0x10 RKey 0x001a9e VAddr 0x007ffb800b3000
 GID: 00:00:00:00:00:00:00:00:00:00:255:255:192:168:00:01
 local address: LID 0000 QPN 0x0b19 PSN 0xb9c602 OUT 0x10 RKey 0x001a9e VAddr 0x007ffb800b4000
 GID: 00:00:00:00:00:00:00:00:00:00:255:255:192:168:00:01
 local address: LID 0000 QPN 0x0b1a PSN 0xfb95ef OUT 0x10 RKey 0x001a9e VAddr 0x007ffb800b5000
 GID: 00:00:00:00:00:00:00:00:00:00:255:255:192:168:00:01
 local address: LID 0000 QPN 0x0b1b PSN 0x8b287d OUT 0x10 RKey 0x001a9e VAddr 0x007ffb800b6000
 GID: 00:00:00:00:00:00:00:00:00:00:255:255:192:168:00:01
 local address: LID 0000 QPN 0x0b1c PSN 0xbfca14 OUT 0x10 RKey 0x001a9e VAddr 0x007ffb800b7000
 GID: 00:00:00:00:00:00:00:00:00:00:255:255:192:168:00:01
 local address: LID 0000 QPN 0x0b1d PSN 0xe96b71 OUT 0x10 RKey 0x001a9e VAddr 0x007ffb800b8000
 GID: 00:00:00:00:00:00:00:00:00:00:255:255:192:168:00:01
 local address: LID 0000 QPN 0x0b1e PSN 0xe09e7e OUT 0x10 RKey 0x001a9e VAddr 0x007ffb800b9000
 GID: 00:00:00:00:00:00:00:00:00:00:255:255:192:168:00:01
 local address: LID 0000 QPN 0x0b1f PSN 0x19ab75 OUT 0x10 RKey 0x001a9e VAddr 0x007ffb800ba000
 GID: 00:00:00:00:00:00:00:00:00:00:255:255:192:168:00:01
 local address: LID 0000 QPN 0x0b20 PSN 0x8a9635 OUT 0x10 RKey 0x001a9e VAddr 0x007ffb800bb000
 GID: 00:00:00:00:00:00:00:00:00:00:255:255:192:168:00:01
 local address: LID 0000 QPN 0x0b21 PSN 0xad4799 OUT 0x10 RKey 0x001a9e VAddr 0x007ffb800bc000
 GID: 00:00:00:00:00:00:00:00:00:00:255:255:192:168:00:01
 local address: LID 0000 QPN 0x0b22 PSN 0xce2326 OUT 0x10 RKey 0x001a9e VAddr 0x007ffb800bd000
 GID: 00:00:00:00:00:00:00:00:00:00:255:255:192:168:00:01
 local address: LID 0000 QPN 0x0b23 PSN 0x204ef9 OUT 0x10 RKey 0x001a9e VAddr 0x007ffb800be000
 GID: 00:00:00:00:00:00:00:00:00:00:255:255:192:168:00:01
 local address: LID 0000 QPN 0x0b24 PSN 0xa14e26 OUT 0x10 RKey 0x001a9e VAddr 0x007ffb800bf000
 GID: 00:00:00:00:00:00:00:00:00:00:255:255:192:168:00:01
 local address: LID 0000 QPN 0x0b25 PSN 0xfa3db0 OUT 0x10 RKey 0x001a9e VAddr 0x007ffb800c0000
 GID: 00:00:00:00:00:00:00:00:00:00:255:255:192:168:00:01
 local address: LID 0000 QPN 0x0b26 PSN 0xa3de0f OUT 0x10 RKey 0x001a9e VAddr 0x007ffb800c1000
 GID: 00:00:00:00:00:00:00:00:00:00:255:255:192:168:00:01
 local address: LID 0000 QPN 0x0b27 PSN 0xab0d65 OUT 0x10 RKey 0x001a9e VAddr 0x007ffb800c2000
 GID: 00:00:00:00:00:00:00:00:00:00:255:255:192:168:00:01
 local address: LID 0000 QPN 0x0b28 PSN 0x108017 OUT 0x10 RKey 0x001a9e VAddr 0x007ffb800c3000
 GID: 00:00:00:00:00:00:00:00:00:00:255:255:192:168:00:01
 local address: LID 0000 QPN 0x0b29 PSN 0x9a5aba OUT 0x10 RKey 0x001a9e VAddr 0x007ffb800c4000
 GID: 00:00:00:00:00:00:00:00:00:00:255:255:192:168:00:01
 local address: LID 0000 QPN 0x0b2a PSN 0x1fba27 OUT 0x10 RKey 0x001a9e VAddr 0x007ffb800c5000
 GID: 00:00:00:00:00:00:00:00:00:00:255:255:192:168:00:01
 local address: LID 0000 QPN 0x0b2b PSN 0xc2331c OUT 0x10 RKey 0x001a9e VAddr 0x007ffb800c6000
 GID: 00:00:00:00:00:00:00:00:00:00:255:255:192:168:00:01
 local address: LID 0000 QPN 0x0b2c PSN 0x6aa792 OUT 0x10 RKey 0x001a9e VAddr 0x007ffb800c7000
 GID: 00:00:00:00:00:00:00:00:00:00:255:255:192:168:00:01
 local address: LID 0000 QPN 0x0b2d PSN 0xd58d80 OUT 0x10 RKey 0x001a9e VAddr 0x007ffb800c8000
 GID: 00:00:00:00:00:00:00:00:00:00:255:255:192:168:00:01
 local address: LID 0000 QPN 0x0b2e PSN 0xf9133 OUT 0x10 RKey 0x001a9e VAddr 0x007ffb800c9000
 GID: 00:00:00:00:00:00:00:00:00:00:255:255:192:168:00:01
 local address: LID 0000 QPN 0x0b2f PSN 0x8d44c9 OUT 0x10 RKey 0x001a9e VAddr 0x007ffb800ca000
 GID: 00:00:00:00:00:00:00:00:00:00:255:255:192:168:00:01
 local address: LID 0000 QPN 0x0b30 PSN 0x5b8398 OUT 0x10 RKey 0x001a9e VAddr 0x007ffb800cb000
 GID: 00:00:00:00:00:00:00:00:00:00:255:255:192:168:00:01
 local address: LID 0000 QPN 0x0b31 PSN 0x80aba0 OUT 0x10 RKey 0x001a9e VAddr 0x007ffb800cc000
 GID: 00:00:00:00:00:00:00:00:00:00:255:255:192:168:00:01
 remote address: LID 0000 QPN 0x0b08 PSN 0x7bcb52 OUT 0x10 RKey 0x001979 VAddr 0x007f8baa6c5000
 GID: 00:00:00:00:00:00:00:00:00:00:255:255:192:168:00:02
 remote address: LID 0000 QPN 0x0b09 PSN 0xc0a7d4 OUT 0x10 RKey 0x001979 VAddr 0x007f8baa6c6000
 GID: 00:00:00:00:00:00:00:00:00:00:255:255:192:168:00:02
 remote address: LID 0000 QPN 0x0b0a PSN 0xb16e8e OUT 0x10 RKey 0x001979 VAddr 0x007f8baa6c7000
 GID: 00:00:00:00:00:00:00:00:00:00:255:255:192:168:00:02
 remote address: LID 0000 QPN 0x0b0b PSN 0xee45c5 OUT 0x10 RKey 0x001979 VAddr 0x007f8baa6c8000
 GID: 00:00:00:00:00:00:00:00:00:00:255:255:192:168:00:02
 remote address: LID 0000 QPN 0x0b0c PSN 0x3068f4 OUT 0x10 RKey 0x001979 VAddr 0x007f8baa6c9000
 GID: 00:00:00:00:00:00:00:00:00:00:255:255:192:168:00:02
 remote address: LID 0000 QPN 0x0b0d PSN 0x703d46 OUT 0x10 RKey 0x001979 VAddr 0x007f8baa6ca000
 GID: 00:00:00:00:00:00:00:00:00:00:255:255:192:168:00:02
 remote address: LID 0000 QPN 0x0b0e PSN 0x48bc2d OUT 0x10 RKey 0x001979 VAddr 0x007f8baa6cb000
 GID: 00:00:00:00:00:00:00:00:00:00:255:255:192:168:00:02
 remote address: LID 0000 QPN 0x0b0f PSN 0x49c922 OUT 0x10 RKey 0x001979 VAddr 0x007f8baa6cc000
 GID: 00:00:00:00:00:00:00:00:00:00:255:255:192:168:00:02
 remote address: LID 0000 QPN 0x0b10 PSN 0x46091e OUT 0x10 RKey 0x001979 VAddr 0x007f8baa6cd000
 GID: 00:00:00:00:00:00:00:00:00:00:255:255:192:168:00:02
 remote address: LID 0000 QPN 0x0b11 PSN 0x715348 OUT 0x10 RKey 0x001979 VAddr 0x007f8baa6ce000
 GID: 00:00:00:00:00:00:00:00:00:00:255:255:192:168:00:02
 remote address: LID 0000 QPN 0x0b12 PSN 0x845b4c OUT 0x10 RKey 0x001979 VAddr 0x007f8baa6cf000
 GID: 00:00:00:00:00:00:00:00:00:00:255:255:192:168:00:02
 remote address: LID 0000 QPN 0x0b13 PSN 0xabe7ef OUT 0x10 RKey 0x001979 VAddr 0x007f8baa6d0000
 GID: 00:00:00:00:00:00:00:00:00:00:255:255:192:168:00:02
 remote address: LID 0000 QPN 0x0b14 PSN 0xef68af OUT 0x10 RKey 0x001979 VAddr 0x007f8baa6d1000
 GID: 00:00:00:00:00:00:00:00:00:00:255:255:192:168:00:02
 remote address: LID 0000 QPN 0x0b15 PSN 0x9cb630 OUT 0x10 RKey 0x001979 VAddr 0x007f8baa6d2000
 GID: 00:00:00:00:00:00:00:00:00:00:255:255:192:168:00:02
 remote address: LID 0000 QPN 0x0b16 PSN 0x28372e OUT 0x10 RKey 0x001979 VAddr 0x007f8baa6d3000
 GID: 00:00:00:00:00:00:00:00:00:00:255:255:192:168:00:02
 remote address: LID 0000 QPN 0x0b17 PSN 0x64a25a OUT 0x10 RKey 0x001979 VAddr 0x007f8baa6d4000
 GID: 00:00:00:00:00:00:00:00:00:00:255:255:192:168:00:02
 remote address: LID 0000 QPN 0x0b18 PSN 0xd27767 OUT 0x10 RKey 0x001979 VAddr 0x007f8baa6d5000
 GID: 00:00:00:00:00:00:00:00:00:00:255:255:192:168:00:02
 remote address: LID 0000 QPN 0x0b19 PSN 0x3af895 OUT 0x10 RKey 0x001979 VAddr 0x007f8baa6d6000
 GID: 00:00:00:00:00:00:00:00:00:00:255:255:192:168:00:02
 remote address: LID 0000 QPN 0x0b1a PSN 0xb0f44c OUT 0x10 RKey 0x001979 VAddr 0x007f8baa6d7000
 GID: 00:00:00:00:00:00:00:00:00:00:255:255:192:168:00:02
 remote address: LID 0000 QPN 0x0b1b PSN 0x26b549 OUT 0x10 RKey 0x001979 VAddr 0x007f8baa6d8000
 GID: 00:00:00:00:00:00:00:00:00:00:255:255:192:168:00:02
 remote address: LID 0000 QPN 0x0b1c PSN 0x711f76 OUT 0x10 RKey 0x001979 VAddr 0x007f8baa6d9000
 GID: 00:00:00:00:00:00:00:00:00:00:255:255:192:168:00:02
 remote address: LID 0000 QPN 0x0b1d PSN 0x1f650d OUT 0x10 RKey 0x001979 VAddr 0x007f8baa6da000
 GID: 00:00:00:00:00:00:00:00:00:00:255:255:192:168:00:02
 remote address: LID 0000 QPN 0x0b1e PSN 0xd92bed OUT 0x10 RKey 0x001979 VAddr 0x007f8baa6db000
 GID: 00:00:00:00:00:00:00:00:00:00:255:255:192:168:00:02
 remote address: LID 0000 QPN 0x0b1f PSN 0x4656f1 OUT 0x10 RKey 0x001979 VAddr 0x007f8baa6dc000
 GID: 00:00:00:00:00:00:00:00:00:00:255:255:192:168:00:02
 remote address: LID 0000 QPN 0x0b20 PSN 0xe2bb9e OUT 0x10 RKey 0x001979 VAddr 0x007f8baa6dd000
 GID: 00:00:00:00:00:00:00:00:00:00:255:255:192:168:00:02
 remote address: LID 0000 QPN 0x0b21 PSN 0x810a11 OUT 0x10 RKey 0x001979 VAddr 0x007f8baa6de000
 GID: 00:00:00:00:00:00:00:00:00:00:255:255:192:168:00:02
 remote address: LID 0000 QPN 0x0b22 PSN 0x8875e OUT 0x10 RKey 0x001979 VAddr 0x007f8baa6df000
 GID: 00:00:00:00:00:00:00:00:00:00:255:255:192:168:00:02
 remote address: LID 0000 QPN 0x0b23 PSN 0xf5ea88 OUT 0x10 RKey 0x001979 VAddr 0x007f8baa6e0000
 GID: 00:00:00:00:00:00:00:00:00:00:255:255:192:168:00:02
 remote address: LID 0000 QPN 0x0b24 PSN 0x368607 OUT 0x10 RKey 0x001979 VAddr 0x007f8baa6e1000
 GID: 00:00:00:00:00:00:00:00:00:00:255:255:192:168:00:02
 remote address: LID 0000 QPN 0x0b25 PSN 0xa561fd OUT 0x10 RKey 0x001979 VAddr 0x007f8baa6e2000
 GID: 00:00:00:00:00:00:00:00:00:00:255:255:192:168:00:02
 remote address: LID 0000 QPN 0x0b26 PSN 0xc714cf OUT 0x10 RKey 0x001979 VAddr 0x007f8baa6e3000
 GID: 00:00:00:00:00:00:00:00:00:00:255:255:192:168:00:02
 remote address: LID 0000 QPN 0x0b27 PSN 0x94fd12 OUT 0x10 RKey 0x001979 VAddr 0x007f8baa6e4000
 GID: 00:00:00:00:00:00:00:00:00:00:255:255:192:168:00:02
 remote address: LID 0000 QPN 0x0b28 PSN 0xd1e99f OUT 0x10 RKey 0x001979 VAddr 0x007f8baa6e5000
 GID: 00:00:00:00:00:00:00:00:00:00:255:255:192:168:00:02
 remote address: LID 0000 QPN 0x0b29 PSN 0xe63934 OUT 0x10 RKey 0x001979 VAddr 0x007f8baa6e6000
 GID: 00:00:00:00:00:00:00:00:00:00:255:255:192:168:00:02
 remote address: LID 0000 QPN 0x0b2a PSN 0x5acfca OUT 0x10 RKey 0x001979 VAddr 0x007f8baa6e7000
 GID: 00:00:00:00:00:00:00:00:00:00:255:255:192:168:00:02
 remote address: LID 0000 QPN 0x0b2b PSN 0xd8fd58 OUT 0x10 RKey 0x001979 VAddr 0x007f8baa6e8000
 GID: 00:00:00:00:00:00:00:00:00:00:255:255:192:168:00:02
 remote address: LID 0000 QPN 0x0b2c PSN 0x22402b OUT 0x10 RKey 0x001979 VAddr 0x007f8baa6e9000
 GID: 00:00:00:00:00:00:00:00:00:00:255:255:192:168:00:02
 remote address: LID 0000 QPN 0x0b2d PSN 0x549461 OUT 0x10 RKey 0x001979 VAddr 0x007f8baa6ea000
 GID: 00:00:00:00:00:00:00:00:00:00:255:255:192:168:00:02
 remote address: LID 0000 QPN 0x0b2e PSN 0xdaf750 OUT 0x10 RKey 0x001979 VAddr 0x007f8baa6eb000
 GID: 00:00:00:00:00:00:00:00:00:00:255:255:192:168:00:02
 remote address: LID 0000 QPN 0x0b2f PSN 0x5c40f8 OUT 0x10 RKey 0x001979 VAddr 0x007f8baa6ec000
 GID: 00:00:00:00:00:00:00:00:00:00:255:255:192:168:00:02
---------------------------------------------------------------------------------------
 #bytes     #iterations    BW peak[MB/sec]    BW average[MB/sec]   MsgRate[Mpps]
 4096       40000            13130.14            13031.42		   3.336043
---------------------------------------------------------------------------------------
