client: (g=0): rw=read, bs=(R) 4096B-4096B, (W) 4096B-4096B, (T) 4096B-4096B, ioengine=librpma_client, iodepth=8
...
fio-3.23-152-g80490
Starting 30 threads

client: (groupid=0, jobs=30): err= 0: pid=84601: Sun Sep 20 23:06:40 2020
  read: IOPS=3376k, BW=12.9GiB/s (13.8GB/s)(386GiB/30000msec)
    slat (nsec): min=104, max=2016.3k, avg=320.00, stdev=478.07
     lat (usec): min=4, max=2099, avg=70.66, stdev=14.54
    lat percentiles (usec):
     | 99.900th=[  135], 99.990th=[  141], 99.999th=[  147]
   bw (  MiB/s): min=13139, max=13265, per=100.00%, avg=13187.35, stdev= 0.76, samples=1770
   iops        : min=3363655, max=3395941, avg=3375959.88, stdev=194.10, samples=1770
  cpu          : usr=17.25%, sys=4.43%, ctx=13419008, majf=0, minf=2914
  IO depths    : 1=0.1%, 2=0.1%, 4=0.1%, 8=100.0%, 16=0.0%, 32=0.0%, >=64=0.0%
     submit    : 0=50.0%, 4=50.0%, 8=0.0%, 16=0.0%, 32=0.0%, 64=0.0%, >=64=0.0%
     complete  : 0=0.0%, 4=100.0%, 8=0.1%, 16=0.0%, 32=0.0%, 64=0.0%, >=64=0.0%
     issued rwts: total=101270477,0,0,0 short=0,0,0,0 dropped=0,0,0,0
     latency   : target=0, window=0, percentile=100.00%, depth=8

Run status group 0 (all jobs):
   READ: bw=12.9GiB/s (13.8GB/s), 12.9GiB/s-12.9GiB/s (13.8GB/s-13.8GB/s), io=386GiB (415GB), run=30000-30000msec
