client: (g=0): rw=read, bs=(R) 4096B-4096B, (W) 4096B-4096B, (T) 4096B-4096B, ioengine=librpma_client, iodepth=8
...
fio-3.23-152-g80490
Starting 18 threads

client: (groupid=0, jobs=18): err= 0: pid=22407: Sun Sep 20 23:02:25 2020
  read: IOPS=3378k, BW=12.9GiB/s (13.8GB/s)(387GiB/30000msec)
    slat (nsec): min=124, max=130681, avg=263.30, stdev=146.31
     lat (usec): min=4, max=771, avg=42.25, stdev= 8.80
    lat percentiles (usec):
     | 99.900th=[   80], 99.990th=[   86], 99.999th=[  101]
   bw (  MiB/s): min=13153, max=13274, per=100.00%, avg=13201.58, stdev= 1.33, samples=1062
   iops        : min=3367200, max=3398320, avg=3379603.02, stdev=340.92, samples=1062
  cpu          : usr=25.36%, sys=6.58%, ctx=13554430, majf=0, minf=2073
  IO depths    : 1=0.1%, 2=0.1%, 4=0.1%, 8=100.0%, 16=0.0%, 32=0.0%, >=64=0.0%
     submit    : 0=50.0%, 4=50.0%, 8=0.0%, 16=0.0%, 32=0.0%, 64=0.0%, >=64=0.0%
     complete  : 0=0.0%, 4=100.0%, 8=0.1%, 16=0.0%, 32=0.0%, 64=0.0%, >=64=0.0%
     issued rwts: total=101336246,0,0,0 short=0,0,0,0 dropped=0,0,0,0
     latency   : target=0, window=0, percentile=100.00%, depth=8

Run status group 0 (all jobs):
   READ: bw=12.9GiB/s (13.8GB/s), 12.9GiB/s-12.9GiB/s (13.8GB/s-13.8GB/s), io=387GiB (415GB), run=30000-30000msec
