client: (g=0): rw=read, bs=(R) 4096B-4096B, (W) 4096B-4096B, (T) 4096B-4096B, ioengine=librpma_client, iodepth=8
...
fio-3.23-152-g80490
Starting 40 threads

client: (groupid=0, jobs=40): err= 0: pid=89997: Sun Sep 20 23:10:13 2020
  read: IOPS=3375k, BW=12.9GiB/s (13.8GB/s)(386GiB/30001msec)
    slat (nsec): min=96, max=1180.2k, avg=330.51, stdev=260.77
     lat (usec): min=3, max=1406, avg=94.38, stdev=21.31
    lat percentiles (usec):
     | 99.900th=[  182], 99.990th=[  192], 99.999th=[  200]
   bw (  MiB/s): min=13107, max=13310, per=100.00%, avg=13183.86, stdev= 0.99, samples=2360
   iops        : min=3355403, max=3407555, avg=3375065.54, stdev=252.39, samples=2360
  cpu          : usr=13.12%, sys=3.46%, ctx=13606934, majf=0, minf=1857
  IO depths    : 1=0.1%, 2=0.1%, 4=0.1%, 8=100.0%, 16=0.0%, 32=0.0%, >=64=0.0%
     submit    : 0=50.0%, 4=50.0%, 8=0.0%, 16=0.0%, 32=0.0%, 64=0.0%, >=64=0.0%
     complete  : 0=0.0%, 4=100.0%, 8=0.1%, 16=0.0%, 32=0.0%, 64=0.0%, >=64=0.0%
     issued rwts: total=101240784,0,0,0 short=0,0,0,0 dropped=0,0,0,0
     latency   : target=0, window=0, percentile=100.00%, depth=8

Run status group 0 (all jobs):
   READ: bw=12.9GiB/s (13.8GB/s), 12.9GiB/s-12.9GiB/s (13.8GB/s-13.8GB/s), io=386GiB (415GB), run=30001-30001msec
