client: (g=0): rw=read, bs=(R) 4096B-4096B, (W) 4096B-4096B, (T) 4096B-4096B, ioengine=librpma_client, iodepth=8
...
fio-3.23-152-g80490
Starting 38 threads

client: (groupid=0, jobs=38): err= 0: pid=88891: Sun Sep 20 23:09:30 2020
  read: IOPS=3376k, BW=12.9GiB/s (13.8GB/s)(386GiB/30001msec)
    slat (nsec): min=89, max=1213.3k, avg=327.74, stdev=338.96
     lat (usec): min=4, max=2548, avg=89.61, stdev=20.00
    lat percentiles (usec):
     | 99.900th=[  174], 99.990th=[  184], 99.999th=[  194]
   bw (  MiB/s): min=13099, max=13332, per=100.00%, avg=13187.28, stdev= 1.21, samples=2242
   iops        : min=3353494, max=3413170, avg=3375942.14, stdev=309.01, samples=2242
  cpu          : usr=13.79%, sys=3.57%, ctx=13570964, majf=0, minf=1888
  IO depths    : 1=0.1%, 2=0.1%, 4=0.1%, 8=100.0%, 16=0.0%, 32=0.0%, >=64=0.0%
     submit    : 0=50.0%, 4=50.0%, 8=0.0%, 16=0.0%, 32=0.0%, 64=0.0%, >=64=0.0%
     complete  : 0=0.0%, 4=100.0%, 8=0.1%, 16=0.0%, 32=0.0%, 64=0.0%, >=64=0.0%
     issued rwts: total=101273433,0,0,0 short=0,0,0,0 dropped=0,0,0,0
     latency   : target=0, window=0, percentile=100.00%, depth=8

Run status group 0 (all jobs):
   READ: bw=12.9GiB/s (13.8GB/s), 12.9GiB/s-12.9GiB/s (13.8GB/s-13.8GB/s), io=386GiB (415GB), run=30001-30001msec
