client: (g=0): rw=read, bs=(R) 4096B-4096B, (W) 4096B-4096B, (T) 4096B-4096B, ioengine=librpma_client, iodepth=8
...
fio-3.23-152-g80490
Starting 6 threads

client: (groupid=0, jobs=6): err= 0: pid=122114: Mon Sep 21 00:18:25 2020
  read: IOPS=3349k, BW=12.8GiB/s (13.7GB/s)(383GiB/30000msec)
    slat (nsec): min=77, max=2438.4k, avg=213.89, stdev=1502.19
     lat (usec): min=3, max=5950, avg=14.00, stdev=16.14
    lat percentiles (usec):
     | 99.900th=[  215], 99.990th=[  644], 99.999th=[ 1237]
   bw (  MiB/s): min= 9625, max=14821, per=100.00%, avg=13100.38, stdev=148.36, samples=354
   iops        : min=2464246, max=3794290, avg=3353696.08, stdev=37979.70, samples=354
  cpu          : usr=54.61%, sys=14.78%, ctx=11251777, majf=0, minf=839
  IO depths    : 1=0.1%, 2=0.1%, 4=0.1%, 8=100.0%, 16=0.0%, 32=0.0%, >=64=0.0%
     submit    : 0=50.0%, 4=50.0%, 8=0.0%, 16=0.0%, 32=0.0%, 64=0.0%, >=64=0.0%
     complete  : 0=0.0%, 4=100.0%, 8=0.1%, 16=0.0%, 32=0.0%, 64=0.0%, >=64=0.0%
     issued rwts: total=100484224,0,0,0 short=0,0,0,0 dropped=0,0,0,0
     latency   : target=0, window=0, percentile=100.00%, depth=8

Run status group 0 (all jobs):
   READ: bw=12.8GiB/s (13.7GB/s), 12.8GiB/s-12.8GiB/s (13.7GB/s-13.7GB/s), io=383GiB (412GB), run=30000-30000msec
