client: (g=0): rw=read, bs=(R) 4096B-4096B, (W) 4096B-4096B, (T) 4096B-4096B, ioengine=librpma_client, iodepth=8
...
fio-3.23-152-g80490
Starting 22 threads

client: (groupid=0, jobs=22): err= 0: pid=55093: Sun Sep 20 23:03:50 2020
  read: IOPS=3376k, BW=12.9GiB/s (13.8GB/s)(386GiB/30000msec)
    slat (nsec): min=91, max=834664, avg=299.60, stdev=220.56
     lat (usec): min=3, max=3081, avg=51.71, stdev=11.09
    lat percentiles (usec):
     | 99.900th=[   98], 99.990th=[  104], 99.999th=[  137]
   bw (  MiB/s): min=12950, max=13398, per=100.00%, avg=13198.82, stdev= 2.90, samples=1298
   iops        : min=3315426, max=3429992, avg=3378897.08, stdev=742.93, samples=1298
  cpu          : usr=21.97%, sys=5.40%, ctx=13156616, majf=0, minf=2272
  IO depths    : 1=0.1%, 2=0.1%, 4=0.1%, 8=100.0%, 16=0.0%, 32=0.0%, >=64=0.0%
     submit    : 0=50.0%, 4=50.0%, 8=0.0%, 16=0.0%, 32=0.0%, 64=0.0%, >=64=0.0%
     complete  : 0=0.0%, 4=100.0%, 8=0.1%, 16=0.0%, 32=0.0%, 64=0.0%, >=64=0.0%
     issued rwts: total=101292194,0,0,0 short=0,0,0,0 dropped=0,0,0,0
     latency   : target=0, window=0, percentile=100.00%, depth=8

Run status group 0 (all jobs):
   READ: bw=12.9GiB/s (13.8GB/s), 12.9GiB/s-12.9GiB/s (13.8GB/s-13.8GB/s), io=386GiB (415GB), run=30000-30000msec
