client: (g=0): rw=read, bs=(R) 4096B-4096B, (W) 4096B-4096B, (T) 4096B-4096B, ioengine=librpma_client, iodepth=8
...
fio-3.23-152-g80490
Starting 16 threads

client: (groupid=0, jobs=16): err= 0: pid=21376: Sun Sep 20 23:01:42 2020
  read: IOPS=3379k, BW=12.9GiB/s (13.8GB/s)(387GiB/30000msec)
    slat (nsec): min=92, max=573288, avg=234.59, stdev=133.99
     lat (usec): min=3, max=703, avg=37.54, stdev= 7.00
    lat percentiles (nsec):
     | 99.900th=[70144], 99.990th=[76288], 99.999th=[84480]
   bw (  MiB/s): min=13170, max=13266, per=100.00%, avg=13206.97, stdev= 1.19, samples=944
   iops        : min=3371763, max=3396179, avg=3380982.37, stdev=305.08, samples=944
  cpu          : usr=26.39%, sys=6.65%, ctx=13203714, majf=0, minf=1640
  IO depths    : 1=0.1%, 2=0.1%, 4=0.1%, 8=100.0%, 16=0.0%, 32=0.0%, >=64=0.0%
     submit    : 0=50.0%, 4=50.0%, 8=0.0%, 16=0.0%, 32=0.0%, 64=0.0%, >=64=0.0%
     complete  : 0=0.0%, 4=100.0%, 8=0.1%, 16=0.0%, 32=0.0%, 64=0.0%, >=64=0.0%
     issued rwts: total=101356664,0,0,0 short=0,0,0,0 dropped=0,0,0,0
     latency   : target=0, window=0, percentile=100.00%, depth=8

Run status group 0 (all jobs):
   READ: bw=12.9GiB/s (13.8GB/s), 12.9GiB/s-12.9GiB/s (13.8GB/s-13.8GB/s), io=387GiB (415GB), run=30000-30000msec
