client: (g=0): rw=read, bs=(R) 4096B-4096B, (W) 4096B-4096B, (T) 4096B-4096B, ioengine=librpma_client, iodepth=8
...
fio-3.23-152-g80490
Starting 12 threads

client: (groupid=0, jobs=12): err= 0: pid=100448: Sun Sep 20 23:21:15 2020
  read: IOPS=3378k, BW=12.9GiB/s (13.8GB/s)(387GiB/30000msec)
    slat (nsec): min=91, max=407731, avg=202.56, stdev=104.43
     lat (usec): min=4, max=460, avg=28.11, stdev= 5.69
    lat percentiles (nsec):
     | 99.900th=[51968], 99.990th=[57088], 99.999th=[74240]
   bw (  MiB/s): min=13150, max=13254, per=100.00%, avg=13203.44, stdev= 1.86, samples=708
   iops        : min=3366448, max=3393272, avg=3380080.29, stdev=476.71, samples=708
  cpu          : usr=32.01%, sys=8.20%, ctx=13430834, majf=0, minf=1251
  IO depths    : 1=0.1%, 2=0.1%, 4=0.1%, 8=100.0%, 16=0.0%, 32=0.0%, >=64=0.0%
     submit    : 0=50.0%, 4=50.0%, 8=0.0%, 16=0.0%, 32=0.0%, 64=0.0%, >=64=0.0%
     complete  : 0=0.0%, 4=100.0%, 8=0.1%, 16=0.0%, 32=0.0%, 64=0.0%, >=64=0.0%
     issued rwts: total=101346214,0,0,0 short=0,0,0,0 dropped=0,0,0,0
     latency   : target=0, window=0, percentile=100.00%, depth=8

Run status group 0 (all jobs):
   READ: bw=12.9GiB/s (13.8GB/s), 12.9GiB/s-12.9GiB/s (13.8GB/s-13.8GB/s), io=387GiB (415GB), run=30000-30000msec
