client: (g=0): rw=read, bs=(R) 4096B-4096B, (W) 4096B-4096B, (T) 4096B-4096B, ioengine=librpma_client, iodepth=8
...
fio-3.23-152-g80490
Starting 20 threads

client: (groupid=0, jobs=20): err= 0: pid=30971: Sun Sep 20 23:03:07 2020
  read: IOPS=3379k, BW=12.9GiB/s (13.8GB/s)(387GiB/30000msec)
    slat (nsec): min=96, max=774988, avg=273.80, stdev=196.95
     lat (usec): min=3, max=939, avg=46.95, stdev= 9.18
    lat percentiles (usec):
     | 99.900th=[   89], 99.990th=[   94], 99.999th=[  109]
   bw (  MiB/s): min=13172, max=13253, per=100.00%, avg=13206.18, stdev= 0.80, samples=1180
   iops        : min=3372064, max=3392980, avg=3380782.25, stdev=204.22, samples=1180
  cpu          : usr=23.41%, sys=5.95%, ctx=13296149, majf=0, minf=1994
  IO depths    : 1=0.1%, 2=0.1%, 4=0.1%, 8=100.0%, 16=0.0%, 32=0.0%, >=64=0.0%
     submit    : 0=50.0%, 4=50.0%, 8=0.0%, 16=0.0%, 32=0.0%, 64=0.0%, >=64=0.0%
     complete  : 0=0.0%, 4=100.0%, 8=0.1%, 16=0.0%, 32=0.0%, 64=0.0%, >=64=0.0%
     issued rwts: total=101383156,0,0,0 short=0,0,0,0 dropped=0,0,0,0
     latency   : target=0, window=0, percentile=100.00%, depth=8

Run status group 0 (all jobs):
   READ: bw=12.9GiB/s (13.8GB/s), 12.9GiB/s-12.9GiB/s (13.8GB/s-13.8GB/s), io=387GiB (415GB), run=30000-30000msec
