client: (g=0): rw=write, bs=(R) 4096B-4096B, (W) 4096B-4096B, (T) 4096B-4096B, ioengine=librpma_client, iodepth=8
...
fio-3.23-168-gb7dc2
Starting 8 threads

fio: terminating on signal 2

client: (groupid=0, jobs=8): err= 0: pid=513422: Tue Dec 15 06:18:06 2020
  write: IOPS=1943k, BW=7592MiB/s (7960MB/s)(7098MiB/935msec); 0 zone resets
     lat (usec): min=2, max=126, avg= 3.93, stdev= 1.18
    lat percentiles (nsec):
     | 99.900th=[11072], 99.990th=[34560], 99.999th=[54016]
   bw (  MiB/s): min= 7214, max= 7214, per=95.03%, avg=7214.61, stdev= 0.00, samples=8
   iops        : min=1846942, max=1846942, avg=1846942.00, stdev= 0.00, samples=8
  cpu          : usr=99.61%, sys=0.00%, ctx=21, majf=0, minf=0
  IO depths    : 1=100.0%, 2=0.0%, 4=0.0%, 8=0.0%, 16=0.0%, 32=0.0%, >=64=0.0%
     submit    : 0=0.0%, 4=0.0%, 8=0.0%, 16=0.0%, 32=0.0%, 64=0.0%, >=64=0.0%
     complete  : 0=0.0%, 4=0.0%, 8=0.0%, 16=0.0%, 32=0.0%, 64=0.0%, >=64=0.0%
     issued rwts: total=0,1817151,0,0 short=0,0,0,0 dropped=0,0,0,0
     latency   : target=0, window=0, percentile=100.00%, depth=8

Run status group 0 (all jobs):
  WRITE: bw=7592MiB/s (7960MB/s), 7592MiB/s-7592MiB/s (7960MB/s-7960MB/s), io=7098MiB (7443MB), run=935-935msec
