client: (g=0): rw=write, bs=(R) 4096B-4096B, (W) 4096B-4096B, (T) 4096B-4096B, ioengine=librpma_client, iodepth=8
...
fio-3.23-168-gb7dc2
Starting 16 threads

fio: terminating on signal 2

client: (groupid=0, jobs=16): err= 0: pid=2804390: Thu Dec 17 05:33:37 2020
  write: IOPS=1735k, BW=6777MiB/s (7106MB/s)(13.1GiB/1980msec); 0 zone resets
     lat (usec): min=2, max=489, avg= 9.00, stdev= 3.01
    lat percentiles (nsec):
     | 99.900th=[20864], 99.990th=[42752], 99.999th=[56064]
   bw (  MiB/s): min= 6778, max= 7261, per=100.00%, avg=7068.88, stdev=13.34, samples=48
   iops        : min=1735173, max=1858982, avg=1809629.33, stdev=3414.48, samples=48
  cpu          : usr=99.74%, sys=0.00%, ctx=59, majf=0, minf=226
  IO depths    : 1=100.0%, 2=0.0%, 4=0.0%, 8=0.0%, 16=0.0%, 32=0.0%, >=64=0.0%
     submit    : 0=0.0%, 4=0.0%, 8=0.0%, 16=0.0%, 32=0.0%, 64=0.0%, >=64=0.0%
     complete  : 0=0.0%, 4=0.0%, 8=0.0%, 16=0.0%, 32=0.0%, 64=0.0%, >=64=0.0%
     issued rwts: total=0,3434934,0,0 short=0,0,0,0 dropped=0,0,0,0
     latency   : target=0, window=0, percentile=100.00%, depth=8

Run status group 0 (all jobs):
  WRITE: bw=6777MiB/s (7106MB/s), 6777MiB/s-6777MiB/s (7106MB/s-7106MB/s), io=13.1GiB (14.1GB), run=1980-1980msec
