
************************************
* Waiting for client to connect... *
************************************
---------------------------------------------------------------------------------------
                    RDMA_Write Latency Test
 Dual-port       : OFF		Device         : mlx5_0
 Number of qps   : 1		Transport type : IB
 Connection type : RC		Using SRQ      : OFF
 PCIe relax order: OFF
 ibv_wr* API     : ON
 Mtu             : 1024[B]
 Link type       : Ethernet
 GID index       : 3
 Max inline data : 220[B]
 rdma_cm QPs	 : OFF
 Data ex. method : Ethernet
---------------------------------------------------------------------------------------
 local address: LID 0000 QPN 0x789a PSN 0x1b8001 RKey 0x02b79d VAddr 0x00000001823000
 GID: 00:00:00:00:00:00:00:00:00:00:255:255:192:168:00:01
 remote address: LID 0000 QPN 0x789c PSN 0x36bf7e RKey 0x02bb9f VAddr 0x000000023ec000
 GID: 00:00:00:00:00:00:00:00:00:00:255:255:192:168:00:02
---------------------------------------------------------------------------------------
 #bytes #iterations    t_min[usec]    t_max[usec]  t_typical[usec]    t_avg[usec]    t_stdev[usec]   99% percentile[usec]   99.9% percentile[usec] 
 4096    1000          1.70           5.91         1.75     	       1.76        	0.12   		1.89    		5.91   
---------------------------------------------------------------------------------------
