---------------------------------------------------------------------------------------
                    RDMA_Read Latency Test
 Dual-port       : OFF		Device         : mlx5_0
 Number of qps   : 1		Transport type : IB
 Connection type : RC		Using SRQ      : OFF
 PCIe relax order: ON
 ibv_wr* API     : ON
 TX depth        : 1
 Mtu             : 1024[B]
 Link type       : Ethernet
 GID index       : 3
 Outstand reads  : 16
 rdma_cm QPs	 : OFF
 Data ex. method : Ethernet
---------------------------------------------------------------------------------------
 local address: LID 0000 QPN 0x77c5 PSN 0xc8b779 OUT 0x10 RKey 0x00194e VAddr 0x00000000792000
 GID: 00:00:00:00:00:00:00:00:00:00:255:255:192:168:00:02
 remote address: LID 0000 QPN 0x77c3 PSN 0x50e50 OUT 0x10 RKey 0x001966 VAddr 0x0000000233d000
 GID: 00:00:00:00:00:00:00:00:00:00:255:255:192:168:00:01
---------------------------------------------------------------------------------------
 #bytes #iterations    t_min[usec]    t_max[usec]  t_typical[usec]    t_avg[usec]    t_stdev[usec]   99% percentile[usec]   99.9% percentile[usec] 
 4096    1000          2.19           4.74         2.29     	       2.30        	0.04   		2.49    		4.74   
---------------------------------------------------------------------------------------
