---------------------------------------------------------------------------------------
                    RDMA_Write BW Test
 Dual-port       : OFF		Device         : mlx5_0
 Number of qps   : 40		Transport type : IB
 Connection type : RC		Using SRQ      : OFF
 PCIe relax order: ON
 ibv_wr* API     : ON
 TX depth        : 128
 CQ Moderation   : 100
 Mtu             : 1024[B]
 Link type       : Ethernet
 GID index       : 3
 Max inline data : 0[B]
 rdma_cm QPs	 : OFF
 Data ex. method : Ethernet
---------------------------------------------------------------------------------------
 local address: LID 0000 QPN 0x0cad PSN 0xb6964a RKey 0x00198e VAddr 0x007f09185fa000
 GID: 00:00:00:00:00:00:00:00:00:00:255:255:192:168:00:02
 local address: LID 0000 QPN 0x0cae PSN 0x3a56a3 RKey 0x00198e VAddr 0x007f09185fb000
 GID: 00:00:00:00:00:00:00:00:00:00:255:255:192:168:00:02
 local address: LID 0000 QPN 0x0caf PSN 0xec637b RKey 0x00198e VAddr 0x007f09185fc000
 GID: 00:00:00:00:00:00:00:00:00:00:255:255:192:168:00:02
 local address: LID 0000 QPN 0x0cb0 PSN 0x1b0977 RKey 0x00198e VAddr 0x007f09185fd000
 GID: 00:00:00:00:00:00:00:00:00:00:255:255:192:168:00:02
 local address: LID 0000 QPN 0x0cb1 PSN 0xa01af5 RKey 0x00198e VAddr 0x007f09185fe000
 GID: 00:00:00:00:00:00:00:00:00:00:255:255:192:168:00:02
 local address: LID 0000 QPN 0x0cb2 PSN 0x617a7d RKey 0x00198e VAddr 0x007f09185ff000
 GID: 00:00:00:00:00:00:00:00:00:00:255:255:192:168:00:02
 local address: LID 0000 QPN 0x0cb3 PSN 0x3cc362 RKey 0x00198e VAddr 0x007f0918600000
 GID: 00:00:00:00:00:00:00:00:00:00:255:255:192:168:00:02
 local address: LID 0000 QPN 0x0cb4 PSN 0x10057d RKey 0x00198e VAddr 0x007f0918601000
 GID: 00:00:00:00:00:00:00:00:00:00:255:255:192:168:00:02
 local address: LID 0000 QPN 0x0cb5 PSN 0x550aa7 RKey 0x00198e VAddr 0x007f0918602000
 GID: 00:00:00:00:00:00:00:00:00:00:255:255:192:168:00:02
 local address: LID 0000 QPN 0x0cb6 PSN 0xb9d66 RKey 0x00198e VAddr 0x007f0918603000
 GID: 00:00:00:00:00:00:00:00:00:00:255:255:192:168:00:02
 local address: LID 0000 QPN 0x0cb7 PSN 0xeb5148 RKey 0x00198e VAddr 0x007f0918604000
 GID: 00:00:00:00:00:00:00:00:00:00:255:255:192:168:00:02
 local address: LID 0000 QPN 0x0cb8 PSN 0x497f72 RKey 0x00198e VAddr 0x007f0918605000
 GID: 00:00:00:00:00:00:00:00:00:00:255:255:192:168:00:02
 local address: LID 0000 QPN 0x0cb9 PSN 0x762a40 RKey 0x00198e VAddr 0x007f0918606000
 GID: 00:00:00:00:00:00:00:00:00:00:255:255:192:168:00:02
 local address: LID 0000 QPN 0x0cba PSN 0x1af3b6 RKey 0x00198e VAddr 0x007f0918607000
 GID: 00:00:00:00:00:00:00:00:00:00:255:255:192:168:00:02
 local address: LID 0000 QPN 0x0cbb PSN 0x2d4072 RKey 0x00198e VAddr 0x007f0918608000
 GID: 00:00:00:00:00:00:00:00:00:00:255:255:192:168:00:02
 local address: LID 0000 QPN 0x0cbc PSN 0x31f84 RKey 0x00198e VAddr 0x007f0918609000
 GID: 00:00:00:00:00:00:00:00:00:00:255:255:192:168:00:02
 local address: LID 0000 QPN 0x0cbd PSN 0xeff180 RKey 0x00198e VAddr 0x007f091860a000
 GID: 00:00:00:00:00:00:00:00:00:00:255:255:192:168:00:02
 local address: LID 0000 QPN 0x0cbe PSN 0xff803 RKey 0x00198e VAddr 0x007f091860b000
 GID: 00:00:00:00:00:00:00:00:00:00:255:255:192:168:00:02
 local address: LID 0000 QPN 0x0cbf PSN 0xbcfd59 RKey 0x00198e VAddr 0x007f091860c000
 GID: 00:00:00:00:00:00:00:00:00:00:255:255:192:168:00:02
 local address: LID 0000 QPN 0x0cc0 PSN 0xedca9b RKey 0x00198e VAddr 0x007f091860d000
 GID: 00:00:00:00:00:00:00:00:00:00:255:255:192:168:00:02
 local address: LID 0000 QPN 0x0cc1 PSN 0x6b5296 RKey 0x00198e VAddr 0x007f091860e000
 GID: 00:00:00:00:00:00:00:00:00:00:255:255:192:168:00:02
 local address: LID 0000 QPN 0x0cc2 PSN 0x8c5ce4 RKey 0x00198e VAddr 0x007f091860f000
 GID: 00:00:00:00:00:00:00:00:00:00:255:255:192:168:00:02
 local address: LID 0000 QPN 0x0cc3 PSN 0xa76942 RKey 0x00198e VAddr 0x007f0918610000
 GID: 00:00:00:00:00:00:00:00:00:00:255:255:192:168:00:02
 local address: LID 0000 QPN 0x0cc4 PSN 0x165eec RKey 0x00198e VAddr 0x007f0918611000
 GID: 00:00:00:00:00:00:00:00:00:00:255:255:192:168:00:02
 local address: LID 0000 QPN 0x0cc5 PSN 0x8f3047 RKey 0x00198e VAddr 0x007f0918612000
 GID: 00:00:00:00:00:00:00:00:00:00:255:255:192:168:00:02
 local address: LID 0000 QPN 0x0cc6 PSN 0x1418d0 RKey 0x00198e VAddr 0x007f0918613000
 GID: 00:00:00:00:00:00:00:00:00:00:255:255:192:168:00:02
 local address: LID 0000 QPN 0x0cc7 PSN 0x82f57b RKey 0x00198e VAddr 0x007f0918614000
 GID: 00:00:00:00:00:00:00:00:00:00:255:255:192:168:00:02
 local address: LID 0000 QPN 0x0cc8 PSN 0x4a67ab RKey 0x00198e VAddr 0x007f0918615000
 GID: 00:00:00:00:00:00:00:00:00:00:255:255:192:168:00:02
 local address: LID 0000 QPN 0x0cc9 PSN 0x6accb7 RKey 0x00198e VAddr 0x007f0918616000
 GID: 00:00:00:00:00:00:00:00:00:00:255:255:192:168:00:02
 local address: LID 0000 QPN 0x0cca PSN 0x200e24 RKey 0x00198e VAddr 0x007f0918617000
 GID: 00:00:00:00:00:00:00:00:00:00:255:255:192:168:00:02
 local address: LID 0000 QPN 0x0ccb PSN 0x2af833 RKey 0x00198e VAddr 0x007f0918618000
 GID: 00:00:00:00:00:00:00:00:00:00:255:255:192:168:00:02
 local address: LID 0000 QPN 0x0ccc PSN 0xf19dd RKey 0x00198e VAddr 0x007f0918619000
 GID: 00:00:00:00:00:00:00:00:00:00:255:255:192:168:00:02
 local address: LID 0000 QPN 0x0ccd PSN 0x5c1ad8 RKey 0x00198e VAddr 0x007f091861a000
 GID: 00:00:00:00:00:00:00:00:00:00:255:255:192:168:00:02
 local address: LID 0000 QPN 0x0cce PSN 0xbf143 RKey 0x00198e VAddr 0x007f091861b000
 GID: 00:00:00:00:00:00:00:00:00:00:255:255:192:168:00:02
 local address: LID 0000 QPN 0x0ccf PSN 0x2534f7 RKey 0x00198e VAddr 0x007f091861c000
 GID: 00:00:00:00:00:00:00:00:00:00:255:255:192:168:00:02
 local address: LID 0000 QPN 0x0cd0 PSN 0xf20c4b RKey 0x00198e VAddr 0x007f091861d000
 GID: 00:00:00:00:00:00:00:00:00:00:255:255:192:168:00:02
 local address: LID 0000 QPN 0x0cd1 PSN 0xc97c6c RKey 0x00198e VAddr 0x007f091861e000
 GID: 00:00:00:00:00:00:00:00:00:00:255:255:192:168:00:02
 local address: LID 0000 QPN 0x0cd2 PSN 0x212ed7 RKey 0x00198e VAddr 0x007f091861f000
 GID: 00:00:00:00:00:00:00:00:00:00:255:255:192:168:00:02
 local address: LID 0000 QPN 0x0cd3 PSN 0xfd32c5 RKey 0x00198e VAddr 0x007f0918620000
 GID: 00:00:00:00:00:00:00:00:00:00:255:255:192:168:00:02
 local address: LID 0000 QPN 0x0cd4 PSN 0xc03c92 RKey 0x00198e VAddr 0x007f0918621000
 GID: 00:00:00:00:00:00:00:00:00:00:255:255:192:168:00:02
 remote address: LID 0000 QPN 0x0caf PSN 0x17cb6b RKey 0x001ab3 VAddr 0x007f632c278000
 GID: 00:00:00:00:00:00:00:00:00:00:255:255:192:168:00:01
 remote address: LID 0000 QPN 0x0cb0 PSN 0x4f2879 RKey 0x001ab3 VAddr 0x007f632c279000
 GID: 00:00:00:00:00:00:00:00:00:00:255:255:192:168:00:01
 remote address: LID 0000 QPN 0x0cb1 PSN 0xe72cf RKey 0x001ab3 VAddr 0x007f632c27a000
 GID: 00:00:00:00:00:00:00:00:00:00:255:255:192:168:00:01
 remote address: LID 0000 QPN 0x0cb2 PSN 0x477b72 RKey 0x001ab3 VAddr 0x007f632c27b000
 GID: 00:00:00:00:00:00:00:00:00:00:255:255:192:168:00:01
 remote address: LID 0000 QPN 0x0cb3 PSN 0xe1b19d RKey 0x001ab3 VAddr 0x007f632c27c000
 GID: 00:00:00:00:00:00:00:00:00:00:255:255:192:168:00:01
 remote address: LID 0000 QPN 0x0cb4 PSN 0x033b RKey 0x001ab3 VAddr 0x007f632c27d000
 GID: 00:00:00:00:00:00:00:00:00:00:255:255:192:168:00:01
 remote address: LID 0000 QPN 0x0cb5 PSN 0x36237e RKey 0x001ab3 VAddr 0x007f632c27e000
 GID: 00:00:00:00:00:00:00:00:00:00:255:255:192:168:00:01
 remote address: LID 0000 QPN 0x0cb6 PSN 0xdd8c9f RKey 0x001ab3 VAddr 0x007f632c27f000
 GID: 00:00:00:00:00:00:00:00:00:00:255:255:192:168:00:01
 remote address: LID 0000 QPN 0x0cb7 PSN 0xe9357 RKey 0x001ab3 VAddr 0x007f632c280000
 GID: 00:00:00:00:00:00:00:00:00:00:255:255:192:168:00:01
 remote address: LID 0000 QPN 0x0cb8 PSN 0x8f638d RKey 0x001ab3 VAddr 0x007f632c281000
 GID: 00:00:00:00:00:00:00:00:00:00:255:255:192:168:00:01
 remote address: LID 0000 QPN 0x0cb9 PSN 0x8b46ad RKey 0x001ab3 VAddr 0x007f632c282000
 GID: 00:00:00:00:00:00:00:00:00:00:255:255:192:168:00:01
 remote address: LID 0000 QPN 0x0cba PSN 0x83463c RKey 0x001ab3 VAddr 0x007f632c283000
 GID: 00:00:00:00:00:00:00:00:00:00:255:255:192:168:00:01
 remote address: LID 0000 QPN 0x0cbb PSN 0x57bd78 RKey 0x001ab3 VAddr 0x007f632c284000
 GID: 00:00:00:00:00:00:00:00:00:00:255:255:192:168:00:01
 remote address: LID 0000 QPN 0x0cbc PSN 0x8165c5 RKey 0x001ab3 VAddr 0x007f632c285000
 GID: 00:00:00:00:00:00:00:00:00:00:255:255:192:168:00:01
 remote address: LID 0000 QPN 0x0cbd PSN 0xa2d79f RKey 0x001ab3 VAddr 0x007f632c286000
 GID: 00:00:00:00:00:00:00:00:00:00:255:255:192:168:00:01
 remote address: LID 0000 QPN 0x0cbe PSN 0xec7877 RKey 0x001ab3 VAddr 0x007f632c287000
 GID: 00:00:00:00:00:00:00:00:00:00:255:255:192:168:00:01
 remote address: LID 0000 QPN 0x0cbf PSN 0xc2afc0 RKey 0x001ab3 VAddr 0x007f632c288000
 GID: 00:00:00:00:00:00:00:00:00:00:255:255:192:168:00:01
 remote address: LID 0000 QPN 0x0cc0 PSN 0x2eec7a RKey 0x001ab3 VAddr 0x007f632c289000
 GID: 00:00:00:00:00:00:00:00:00:00:255:255:192:168:00:01
 remote address: LID 0000 QPN 0x0cc1 PSN 0xcb8acd RKey 0x001ab3 VAddr 0x007f632c28a000
 GID: 00:00:00:00:00:00:00:00:00:00:255:255:192:168:00:01
 remote address: LID 0000 QPN 0x0cc2 PSN 0x9cb036 RKey 0x001ab3 VAddr 0x007f632c28b000
 GID: 00:00:00:00:00:00:00:00:00:00:255:255:192:168:00:01
 remote address: LID 0000 QPN 0x0cc3 PSN 0x99e45f RKey 0x001ab3 VAddr 0x007f632c28c000
 GID: 00:00:00:00:00:00:00:00:00:00:255:255:192:168:00:01
 remote address: LID 0000 QPN 0x0cc4 PSN 0x309242 RKey 0x001ab3 VAddr 0x007f632c28d000
 GID: 00:00:00:00:00:00:00:00:00:00:255:255:192:168:00:01
 remote address: LID 0000 QPN 0x0cc5 PSN 0xa3097e RKey 0x001ab3 VAddr 0x007f632c28e000
 GID: 00:00:00:00:00:00:00:00:00:00:255:255:192:168:00:01
 remote address: LID 0000 QPN 0x0cc6 PSN 0xf5f3ae RKey 0x001ab3 VAddr 0x007f632c28f000
 GID: 00:00:00:00:00:00:00:00:00:00:255:255:192:168:00:01
 remote address: LID 0000 QPN 0x0cc7 PSN 0xb64617 RKey 0x001ab3 VAddr 0x007f632c290000
 GID: 00:00:00:00:00:00:00:00:00:00:255:255:192:168:00:01
 remote address: LID 0000 QPN 0x0cc8 PSN 0x87b596 RKey 0x001ab3 VAddr 0x007f632c291000
 GID: 00:00:00:00:00:00:00:00:00:00:255:255:192:168:00:01
 remote address: LID 0000 QPN 0x0cc9 PSN 0x950cff RKey 0x001ab3 VAddr 0x007f632c292000
 GID: 00:00:00:00:00:00:00:00:00:00:255:255:192:168:00:01
 remote address: LID 0000 QPN 0x0cca PSN 0x457615 RKey 0x001ab3 VAddr 0x007f632c293000
 GID: 00:00:00:00:00:00:00:00:00:00:255:255:192:168:00:01
 remote address: LID 0000 QPN 0x0ccb PSN 0x719f10 RKey 0x001ab3 VAddr 0x007f632c294000
 GID: 00:00:00:00:00:00:00:00:00:00:255:255:192:168:00:01
 remote address: LID 0000 QPN 0x0ccc PSN 0x9920d2 RKey 0x001ab3 VAddr 0x007f632c295000
 GID: 00:00:00:00:00:00:00:00:00:00:255:255:192:168:00:01
 remote address: LID 0000 QPN 0x0ccd PSN 0x5eb380 RKey 0x001ab3 VAddr 0x007f632c296000
 GID: 00:00:00:00:00:00:00:00:00:00:255:255:192:168:00:01
 remote address: LID 0000 QPN 0x0cce PSN 0xe2946f RKey 0x001ab3 VAddr 0x007f632c297000
 GID: 00:00:00:00:00:00:00:00:00:00:255:255:192:168:00:01
 remote address: LID 0000 QPN 0x0ccf PSN 0x94ea38 RKey 0x001ab3 VAddr 0x007f632c298000
 GID: 00:00:00:00:00:00:00:00:00:00:255:255:192:168:00:01
 remote address: LID 0000 QPN 0x0cd0 PSN 0x82f059 RKey 0x001ab3 VAddr 0x007f632c299000
 GID: 00:00:00:00:00:00:00:00:00:00:255:255:192:168:00:01
 remote address: LID 0000 QPN 0x0cd1 PSN 0xbc088b RKey 0x001ab3 VAddr 0x007f632c29a000
 GID: 00:00:00:00:00:00:00:00:00:00:255:255:192:168:00:01
 remote address: LID 0000 QPN 0x0cd2 PSN 0x278d85 RKey 0x001ab3 VAddr 0x007f632c29b000
 GID: 00:00:00:00:00:00:00:00:00:00:255:255:192:168:00:01
 remote address: LID 0000 QPN 0x0cd3 PSN 0x9a1154 RKey 0x001ab3 VAddr 0x007f632c29c000
 GID: 00:00:00:00:00:00:00:00:00:00:255:255:192:168:00:01
 remote address: LID 0000 QPN 0x0cd4 PSN 0xf78d6 RKey 0x001ab3 VAddr 0x007f632c29d000
 GID: 00:00:00:00:00:00:00:00:00:00:255:255:192:168:00:01
 remote address: LID 0000 QPN 0x0cd5 PSN 0x8b5b21 RKey 0x001ab3 VAddr 0x007f632c29e000
 GID: 00:00:00:00:00:00:00:00:00:00:255:255:192:168:00:01
 remote address: LID 0000 QPN 0x0cd6 PSN 0xd086f5 RKey 0x001ab3 VAddr 0x007f632c29f000
 GID: 00:00:00:00:00:00:00:00:00:00:255:255:192:168:00:01
---------------------------------------------------------------------------------------
 #bytes     #iterations    BW peak[MB/sec]    BW average[MB/sec]   MsgRate[Mpps]
 4096       200000           12538.65            12522.46		   3.205749
---------------------------------------------------------------------------------------
