---------------------------------------------------------------------------------------
                    RDMA_Write BW Test
 Dual-port       : OFF		Device         : mlx5_0
 Number of qps   : 24		Transport type : IB
 Connection type : RC		Using SRQ      : OFF
 PCIe relax order: ON
 ibv_wr* API     : ON
 TX depth        : 128
 CQ Moderation   : 100
 Mtu             : 1024[B]
 Link type       : Ethernet
 GID index       : 3
 Max inline data : 0[B]
 rdma_cm QPs	 : OFF
 Data ex. method : Ethernet
---------------------------------------------------------------------------------------
 local address: LID 0000 QPN 0x0bb5 PSN 0xa62560 RKey 0x001986 VAddr 0x007f7e0b4f2000
 GID: 00:00:00:00:00:00:00:00:00:00:255:255:192:168:00:02
 local address: LID 0000 QPN 0x0bb6 PSN 0x9993ca RKey 0x001986 VAddr 0x007f7e0b4f3000
 GID: 00:00:00:00:00:00:00:00:00:00:255:255:192:168:00:02
 local address: LID 0000 QPN 0x0bb7 PSN 0xd4ea4c RKey 0x001986 VAddr 0x007f7e0b4f4000
 GID: 00:00:00:00:00:00:00:00:00:00:255:255:192:168:00:02
 local address: LID 0000 QPN 0x0bb8 PSN 0x5ea9ab RKey 0x001986 VAddr 0x007f7e0b4f5000
 GID: 00:00:00:00:00:00:00:00:00:00:255:255:192:168:00:02
 local address: LID 0000 QPN 0x0bb9 PSN 0xd395e2 RKey 0x001986 VAddr 0x007f7e0b4f6000
 GID: 00:00:00:00:00:00:00:00:00:00:255:255:192:168:00:02
 local address: LID 0000 QPN 0x0bba PSN 0xb0329c RKey 0x001986 VAddr 0x007f7e0b4f7000
 GID: 00:00:00:00:00:00:00:00:00:00:255:255:192:168:00:02
 local address: LID 0000 QPN 0x0bbb PSN 0x3775cb RKey 0x001986 VAddr 0x007f7e0b4f8000
 GID: 00:00:00:00:00:00:00:00:00:00:255:255:192:168:00:02
 local address: LID 0000 QPN 0x0bbc PSN 0x5ac568 RKey 0x001986 VAddr 0x007f7e0b4f9000
 GID: 00:00:00:00:00:00:00:00:00:00:255:255:192:168:00:02
 local address: LID 0000 QPN 0x0bbd PSN 0xb056ec RKey 0x001986 VAddr 0x007f7e0b4fa000
 GID: 00:00:00:00:00:00:00:00:00:00:255:255:192:168:00:02
 local address: LID 0000 QPN 0x0bbe PSN 0x8387fe RKey 0x001986 VAddr 0x007f7e0b4fb000
 GID: 00:00:00:00:00:00:00:00:00:00:255:255:192:168:00:02
 local address: LID 0000 QPN 0x0bbf PSN 0x6850ca RKey 0x001986 VAddr 0x007f7e0b4fc000
 GID: 00:00:00:00:00:00:00:00:00:00:255:255:192:168:00:02
 local address: LID 0000 QPN 0x0bc0 PSN 0x72a295 RKey 0x001986 VAddr 0x007f7e0b4fd000
 GID: 00:00:00:00:00:00:00:00:00:00:255:255:192:168:00:02
 local address: LID 0000 QPN 0x0bc1 PSN 0x46055d RKey 0x001986 VAddr 0x007f7e0b4fe000
 GID: 00:00:00:00:00:00:00:00:00:00:255:255:192:168:00:02
 local address: LID 0000 QPN 0x0bc2 PSN 0xa9c046 RKey 0x001986 VAddr 0x007f7e0b4ff000
 GID: 00:00:00:00:00:00:00:00:00:00:255:255:192:168:00:02
 local address: LID 0000 QPN 0x0bc3 PSN 0xd468c RKey 0x001986 VAddr 0x007f7e0b500000
 GID: 00:00:00:00:00:00:00:00:00:00:255:255:192:168:00:02
 local address: LID 0000 QPN 0x0bc4 PSN 0x62a160 RKey 0x001986 VAddr 0x007f7e0b501000
 GID: 00:00:00:00:00:00:00:00:00:00:255:255:192:168:00:02
 local address: LID 0000 QPN 0x0bc5 PSN 0x9f70f5 RKey 0x001986 VAddr 0x007f7e0b502000
 GID: 00:00:00:00:00:00:00:00:00:00:255:255:192:168:00:02
 local address: LID 0000 QPN 0x0bc6 PSN 0x9ece0b RKey 0x001986 VAddr 0x007f7e0b503000
 GID: 00:00:00:00:00:00:00:00:00:00:255:255:192:168:00:02
 local address: LID 0000 QPN 0x0bc7 PSN 0xc2db8a RKey 0x001986 VAddr 0x007f7e0b504000
 GID: 00:00:00:00:00:00:00:00:00:00:255:255:192:168:00:02
 local address: LID 0000 QPN 0x0bc8 PSN 0xafdeaf RKey 0x001986 VAddr 0x007f7e0b505000
 GID: 00:00:00:00:00:00:00:00:00:00:255:255:192:168:00:02
 local address: LID 0000 QPN 0x0bc9 PSN 0x1163e4 RKey 0x001986 VAddr 0x007f7e0b506000
 GID: 00:00:00:00:00:00:00:00:00:00:255:255:192:168:00:02
 local address: LID 0000 QPN 0x0bca PSN 0x3f5be3 RKey 0x001986 VAddr 0x007f7e0b507000
 GID: 00:00:00:00:00:00:00:00:00:00:255:255:192:168:00:02
 local address: LID 0000 QPN 0x0bcb PSN 0x81890b RKey 0x001986 VAddr 0x007f7e0b508000
 GID: 00:00:00:00:00:00:00:00:00:00:255:255:192:168:00:02
 local address: LID 0000 QPN 0x0bcc PSN 0x46f0b7 RKey 0x001986 VAddr 0x007f7e0b509000
 GID: 00:00:00:00:00:00:00:00:00:00:255:255:192:168:00:02
 remote address: LID 0000 QPN 0x0bb7 PSN 0xfa2bd1 RKey 0x001aab VAddr 0x007f055598c000
 GID: 00:00:00:00:00:00:00:00:00:00:255:255:192:168:00:01
 remote address: LID 0000 QPN 0x0bb8 PSN 0x55d7e7 RKey 0x001aab VAddr 0x007f055598d000
 GID: 00:00:00:00:00:00:00:00:00:00:255:255:192:168:00:01
 remote address: LID 0000 QPN 0x0bb9 PSN 0xebf8a5 RKey 0x001aab VAddr 0x007f055598e000
 GID: 00:00:00:00:00:00:00:00:00:00:255:255:192:168:00:01
 remote address: LID 0000 QPN 0x0bba PSN 0x1fbb90 RKey 0x001aab VAddr 0x007f055598f000
 GID: 00:00:00:00:00:00:00:00:00:00:255:255:192:168:00:01
 remote address: LID 0000 QPN 0x0bbb PSN 0x37f263 RKey 0x001aab VAddr 0x007f0555990000
 GID: 00:00:00:00:00:00:00:00:00:00:255:255:192:168:00:01
 remote address: LID 0000 QPN 0x0bbc PSN 0x737b89 RKey 0x001aab VAddr 0x007f0555991000
 GID: 00:00:00:00:00:00:00:00:00:00:255:255:192:168:00:01
 remote address: LID 0000 QPN 0x0bbd PSN 0x5e70b4 RKey 0x001aab VAddr 0x007f0555992000
 GID: 00:00:00:00:00:00:00:00:00:00:255:255:192:168:00:01
 remote address: LID 0000 QPN 0x0bbe PSN 0x2cf09d RKey 0x001aab VAddr 0x007f0555993000
 GID: 00:00:00:00:00:00:00:00:00:00:255:255:192:168:00:01
 remote address: LID 0000 QPN 0x0bbf PSN 0xda5a7d RKey 0x001aab VAddr 0x007f0555994000
 GID: 00:00:00:00:00:00:00:00:00:00:255:255:192:168:00:01
 remote address: LID 0000 QPN 0x0bc0 PSN 0x4752bb RKey 0x001aab VAddr 0x007f0555995000
 GID: 00:00:00:00:00:00:00:00:00:00:255:255:192:168:00:01
 remote address: LID 0000 QPN 0x0bc1 PSN 0x277143 RKey 0x001aab VAddr 0x007f0555996000
 GID: 00:00:00:00:00:00:00:00:00:00:255:255:192:168:00:01
 remote address: LID 0000 QPN 0x0bc2 PSN 0x8c2c1a RKey 0x001aab VAddr 0x007f0555997000
 GID: 00:00:00:00:00:00:00:00:00:00:255:255:192:168:00:01
 remote address: LID 0000 QPN 0x0bc3 PSN 0x4f10fe RKey 0x001aab VAddr 0x007f0555998000
 GID: 00:00:00:00:00:00:00:00:00:00:255:255:192:168:00:01
 remote address: LID 0000 QPN 0x0bc4 PSN 0x6259d3 RKey 0x001aab VAddr 0x007f0555999000
 GID: 00:00:00:00:00:00:00:00:00:00:255:255:192:168:00:01
 remote address: LID 0000 QPN 0x0bc5 PSN 0x975595 RKey 0x001aab VAddr 0x007f055599a000
 GID: 00:00:00:00:00:00:00:00:00:00:255:255:192:168:00:01
 remote address: LID 0000 QPN 0x0bc6 PSN 0xf91e35 RKey 0x001aab VAddr 0x007f055599b000
 GID: 00:00:00:00:00:00:00:00:00:00:255:255:192:168:00:01
 remote address: LID 0000 QPN 0x0bc7 PSN 0x35f5a6 RKey 0x001aab VAddr 0x007f055599c000
 GID: 00:00:00:00:00:00:00:00:00:00:255:255:192:168:00:01
 remote address: LID 0000 QPN 0x0bc8 PSN 0x185368 RKey 0x001aab VAddr 0x007f055599d000
 GID: 00:00:00:00:00:00:00:00:00:00:255:255:192:168:00:01
 remote address: LID 0000 QPN 0x0bc9 PSN 0xe3223 RKey 0x001aab VAddr 0x007f055599e000
 GID: 00:00:00:00:00:00:00:00:00:00:255:255:192:168:00:01
 remote address: LID 0000 QPN 0x0bca PSN 0x9d33d4 RKey 0x001aab VAddr 0x007f055599f000
 GID: 00:00:00:00:00:00:00:00:00:00:255:255:192:168:00:01
 remote address: LID 0000 QPN 0x0bcb PSN 0xb9e2a5 RKey 0x001aab VAddr 0x007f05559a0000
 GID: 00:00:00:00:00:00:00:00:00:00:255:255:192:168:00:01
 remote address: LID 0000 QPN 0x0bcc PSN 0xcaba10 RKey 0x001aab VAddr 0x007f05559a1000
 GID: 00:00:00:00:00:00:00:00:00:00:255:255:192:168:00:01
 remote address: LID 0000 QPN 0x0bcd PSN 0xf11034 RKey 0x001aab VAddr 0x007f05559a2000
 GID: 00:00:00:00:00:00:00:00:00:00:255:255:192:168:00:01
 remote address: LID 0000 QPN 0x0bce PSN 0xfe532c RKey 0x001aab VAddr 0x007f05559a3000
 GID: 00:00:00:00:00:00:00:00:00:00:255:255:192:168:00:01
---------------------------------------------------------------------------------------
 #bytes     #iterations    BW peak[MB/sec]    BW average[MB/sec]   MsgRate[Mpps]
 4096       120000           12735.30            12698.23		   3.250747
---------------------------------------------------------------------------------------
