---------------------------------------------------------------------------------------
                    RDMA_Write BW Test
 Dual-port       : OFF		Device         : mlx5_0
 Number of qps   : 32		Transport type : IB
 Connection type : RC		Using SRQ      : OFF
 PCIe relax order: ON
 ibv_wr* API     : ON
 TX depth        : 128
 CQ Moderation   : 100
 Mtu             : 1024[B]
 Link type       : Ethernet
 GID index       : 3
 Max inline data : 0[B]
 rdma_cm QPs	 : OFF
 Data ex. method : Ethernet
---------------------------------------------------------------------------------------
 local address: LID 0000 QPN 0x0c21 PSN 0xa7bfd7 RKey 0x00198a VAddr 0x007f739fa83000
 GID: 00:00:00:00:00:00:00:00:00:00:255:255:192:168:00:02
 local address: LID 0000 QPN 0x0c22 PSN 0xc34275 RKey 0x00198a VAddr 0x007f739fa84000
 GID: 00:00:00:00:00:00:00:00:00:00:255:255:192:168:00:02
 local address: LID 0000 QPN 0x0c23 PSN 0x25eb1b RKey 0x00198a VAddr 0x007f739fa85000
 GID: 00:00:00:00:00:00:00:00:00:00:255:255:192:168:00:02
 local address: LID 0000 QPN 0x0c24 PSN 0x69fbce RKey 0x00198a VAddr 0x007f739fa86000
 GID: 00:00:00:00:00:00:00:00:00:00:255:255:192:168:00:02
 local address: LID 0000 QPN 0x0c25 PSN 0xb500c9 RKey 0x00198a VAddr 0x007f739fa87000
 GID: 00:00:00:00:00:00:00:00:00:00:255:255:192:168:00:02
 local address: LID 0000 QPN 0x0c26 PSN 0xaa40f7 RKey 0x00198a VAddr 0x007f739fa88000
 GID: 00:00:00:00:00:00:00:00:00:00:255:255:192:168:00:02
 local address: LID 0000 QPN 0x0c27 PSN 0x79548a RKey 0x00198a VAddr 0x007f739fa89000
 GID: 00:00:00:00:00:00:00:00:00:00:255:255:192:168:00:02
 local address: LID 0000 QPN 0x0c28 PSN 0x9a36bb RKey 0x00198a VAddr 0x007f739fa8a000
 GID: 00:00:00:00:00:00:00:00:00:00:255:255:192:168:00:02
 local address: LID 0000 QPN 0x0c29 PSN 0x82943 RKey 0x00198a VAddr 0x007f739fa8b000
 GID: 00:00:00:00:00:00:00:00:00:00:255:255:192:168:00:02
 local address: LID 0000 QPN 0x0c2a PSN 0x164109 RKey 0x00198a VAddr 0x007f739fa8c000
 GID: 00:00:00:00:00:00:00:00:00:00:255:255:192:168:00:02
 local address: LID 0000 QPN 0x0c2b PSN 0x44fc79 RKey 0x00198a VAddr 0x007f739fa8d000
 GID: 00:00:00:00:00:00:00:00:00:00:255:255:192:168:00:02
 local address: LID 0000 QPN 0x0c2c PSN 0xfaf618 RKey 0x00198a VAddr 0x007f739fa8e000
 GID: 00:00:00:00:00:00:00:00:00:00:255:255:192:168:00:02
 local address: LID 0000 QPN 0x0c2d PSN 0x1d4624 RKey 0x00198a VAddr 0x007f739fa8f000
 GID: 00:00:00:00:00:00:00:00:00:00:255:255:192:168:00:02
 local address: LID 0000 QPN 0x0c2e PSN 0xf71f01 RKey 0x00198a VAddr 0x007f739fa90000
 GID: 00:00:00:00:00:00:00:00:00:00:255:255:192:168:00:02
 local address: LID 0000 QPN 0x0c2f PSN 0x7e9e2b RKey 0x00198a VAddr 0x007f739fa91000
 GID: 00:00:00:00:00:00:00:00:00:00:255:255:192:168:00:02
 local address: LID 0000 QPN 0x0c30 PSN 0xf1ca13 RKey 0x00198a VAddr 0x007f739fa92000
 GID: 00:00:00:00:00:00:00:00:00:00:255:255:192:168:00:02
 local address: LID 0000 QPN 0x0c31 PSN 0x28972c RKey 0x00198a VAddr 0x007f739fa93000
 GID: 00:00:00:00:00:00:00:00:00:00:255:255:192:168:00:02
 local address: LID 0000 QPN 0x0c32 PSN 0xd7d76 RKey 0x00198a VAddr 0x007f739fa94000
 GID: 00:00:00:00:00:00:00:00:00:00:255:255:192:168:00:02
 local address: LID 0000 QPN 0x0c33 PSN 0x21ae19 RKey 0x00198a VAddr 0x007f739fa95000
 GID: 00:00:00:00:00:00:00:00:00:00:255:255:192:168:00:02
 local address: LID 0000 QPN 0x0c34 PSN 0xfff92 RKey 0x00198a VAddr 0x007f739fa96000
 GID: 00:00:00:00:00:00:00:00:00:00:255:255:192:168:00:02
 local address: LID 0000 QPN 0x0c35 PSN 0xcf568b RKey 0x00198a VAddr 0x007f739fa97000
 GID: 00:00:00:00:00:00:00:00:00:00:255:255:192:168:00:02
 local address: LID 0000 QPN 0x0c36 PSN 0x15b6fe RKey 0x00198a VAddr 0x007f739fa98000
 GID: 00:00:00:00:00:00:00:00:00:00:255:255:192:168:00:02
 local address: LID 0000 QPN 0x0c37 PSN 0x84958a RKey 0x00198a VAddr 0x007f739fa99000
 GID: 00:00:00:00:00:00:00:00:00:00:255:255:192:168:00:02
 local address: LID 0000 QPN 0x0c38 PSN 0xe15cca RKey 0x00198a VAddr 0x007f739fa9a000
 GID: 00:00:00:00:00:00:00:00:00:00:255:255:192:168:00:02
 local address: LID 0000 QPN 0x0c39 PSN 0x312f03 RKey 0x00198a VAddr 0x007f739fa9b000
 GID: 00:00:00:00:00:00:00:00:00:00:255:255:192:168:00:02
 local address: LID 0000 QPN 0x0c3a PSN 0xb0ea12 RKey 0x00198a VAddr 0x007f739fa9c000
 GID: 00:00:00:00:00:00:00:00:00:00:255:255:192:168:00:02
 local address: LID 0000 QPN 0x0c3b PSN 0x97cdcb RKey 0x00198a VAddr 0x007f739fa9d000
 GID: 00:00:00:00:00:00:00:00:00:00:255:255:192:168:00:02
 local address: LID 0000 QPN 0x0c3c PSN 0xb8d4f1 RKey 0x00198a VAddr 0x007f739fa9e000
 GID: 00:00:00:00:00:00:00:00:00:00:255:255:192:168:00:02
 local address: LID 0000 QPN 0x0c3d PSN 0x9aaabc RKey 0x00198a VAddr 0x007f739fa9f000
 GID: 00:00:00:00:00:00:00:00:00:00:255:255:192:168:00:02
 local address: LID 0000 QPN 0x0c3e PSN 0x1fa10e RKey 0x00198a VAddr 0x007f739faa0000
 GID: 00:00:00:00:00:00:00:00:00:00:255:255:192:168:00:02
 local address: LID 0000 QPN 0x0c3f PSN 0x29350c RKey 0x00198a VAddr 0x007f739faa1000
 GID: 00:00:00:00:00:00:00:00:00:00:255:255:192:168:00:02
 local address: LID 0000 QPN 0x0c40 PSN 0x8f850b RKey 0x00198a VAddr 0x007f739faa2000
 GID: 00:00:00:00:00:00:00:00:00:00:255:255:192:168:00:02
 remote address: LID 0000 QPN 0x0c23 PSN 0x4130a0 RKey 0x001aaf VAddr 0x007f4491575000
 GID: 00:00:00:00:00:00:00:00:00:00:255:255:192:168:00:01
 remote address: LID 0000 QPN 0x0c24 PSN 0xb8de0a RKey 0x001aaf VAddr 0x007f4491576000
 GID: 00:00:00:00:00:00:00:00:00:00:255:255:192:168:00:01
 remote address: LID 0000 QPN 0x0c25 PSN 0xdd078c RKey 0x001aaf VAddr 0x007f4491577000
 GID: 00:00:00:00:00:00:00:00:00:00:255:255:192:168:00:01
 remote address: LID 0000 QPN 0x0c26 PSN 0x1a9deb RKey 0x001aaf VAddr 0x007f4491578000
 GID: 00:00:00:00:00:00:00:00:00:00:255:255:192:168:00:01
 remote address: LID 0000 QPN 0x0c27 PSN 0x4c1522 RKey 0x001aaf VAddr 0x007f4491579000
 GID: 00:00:00:00:00:00:00:00:00:00:255:255:192:168:00:01
 remote address: LID 0000 QPN 0x0c28 PSN 0x51e0dc RKey 0x001aaf VAddr 0x007f449157a000
 GID: 00:00:00:00:00:00:00:00:00:00:255:255:192:168:00:01
 remote address: LID 0000 QPN 0x0c29 PSN 0x9c270b RKey 0x001aaf VAddr 0x007f449157b000
 GID: 00:00:00:00:00:00:00:00:00:00:255:255:192:168:00:01
 remote address: LID 0000 QPN 0x0c2a PSN 0x79bda8 RKey 0x001aaf VAddr 0x007f449157c000
 GID: 00:00:00:00:00:00:00:00:00:00:255:255:192:168:00:01
 remote address: LID 0000 QPN 0x0c2b PSN 0xe98a2c RKey 0x001aaf VAddr 0x007f449157d000
 GID: 00:00:00:00:00:00:00:00:00:00:255:255:192:168:00:01
 remote address: LID 0000 QPN 0x0c2c PSN 0xe9da3e RKey 0x001aaf VAddr 0x007f449157e000
 GID: 00:00:00:00:00:00:00:00:00:00:255:255:192:168:00:01
 remote address: LID 0000 QPN 0x0c2d PSN 0xded60a RKey 0x001aaf VAddr 0x007f449157f000
 GID: 00:00:00:00:00:00:00:00:00:00:255:255:192:168:00:01
 remote address: LID 0000 QPN 0x0c2e PSN 0xa0ded5 RKey 0x001aaf VAddr 0x007f4491580000
 GID: 00:00:00:00:00:00:00:00:00:00:255:255:192:168:00:01
 remote address: LID 0000 QPN 0x0c2f PSN 0x172c9d RKey 0x001aaf VAddr 0x007f4491581000
 GID: 00:00:00:00:00:00:00:00:00:00:255:255:192:168:00:01
 remote address: LID 0000 QPN 0x0c30 PSN 0xfaf686 RKey 0x001aaf VAddr 0x007f4491582000
 GID: 00:00:00:00:00:00:00:00:00:00:255:255:192:168:00:01
 remote address: LID 0000 QPN 0x0c31 PSN 0x5edfcc RKey 0x001aaf VAddr 0x007f4491583000
 GID: 00:00:00:00:00:00:00:00:00:00:255:255:192:168:00:01
 remote address: LID 0000 QPN 0x0c32 PSN 0xd061a0 RKey 0x001aaf VAddr 0x007f4491584000
 GID: 00:00:00:00:00:00:00:00:00:00:255:255:192:168:00:01
 remote address: LID 0000 QPN 0x0c33 PSN 0x13cc35 RKey 0x001aaf VAddr 0x007f4491585000
 GID: 00:00:00:00:00:00:00:00:00:00:255:255:192:168:00:01
 remote address: LID 0000 QPN 0x0c34 PSN 0x25284b RKey 0x001aaf VAddr 0x007f4491586000
 GID: 00:00:00:00:00:00:00:00:00:00:255:255:192:168:00:01
 remote address: LID 0000 QPN 0x0c35 PSN 0xcc8ca RKey 0x001aaf VAddr 0x007f4491587000
 GID: 00:00:00:00:00:00:00:00:00:00:255:255:192:168:00:01
 remote address: LID 0000 QPN 0x0c36 PSN 0x5162ef RKey 0x001aaf VAddr 0x007f4491588000
 GID: 00:00:00:00:00:00:00:00:00:00:255:255:192:168:00:01
 remote address: LID 0000 QPN 0x0c37 PSN 0xa83324 RKey 0x001aaf VAddr 0x007f4491589000
 GID: 00:00:00:00:00:00:00:00:00:00:255:255:192:168:00:01
 remote address: LID 0000 QPN 0x0c38 PSN 0xa91a23 RKey 0x001aaf VAddr 0x007f449158a000
 GID: 00:00:00:00:00:00:00:00:00:00:255:255:192:168:00:01
 remote address: LID 0000 QPN 0x0c39 PSN 0x750a4b RKey 0x001aaf VAddr 0x007f449158b000
 GID: 00:00:00:00:00:00:00:00:00:00:255:255:192:168:00:01
 remote address: LID 0000 QPN 0x0c3a PSN 0x1478f7 RKey 0x001aaf VAddr 0x007f449158c000
 GID: 00:00:00:00:00:00:00:00:00:00:255:255:192:168:00:01
 remote address: LID 0000 QPN 0x0c3b PSN 0xc09c2c RKey 0x001aaf VAddr 0x007f449158d000
 GID: 00:00:00:00:00:00:00:00:00:00:255:255:192:168:00:01
 remote address: LID 0000 QPN 0x0c3c PSN 0xa13a87 RKey 0x001aaf VAddr 0x007f449158e000
 GID: 00:00:00:00:00:00:00:00:00:00:255:255:192:168:00:01
 remote address: LID 0000 QPN 0x0c3d PSN 0xf2d9c RKey 0x001aaf VAddr 0x007f449158f000
 GID: 00:00:00:00:00:00:00:00:00:00:255:255:192:168:00:01
 remote address: LID 0000 QPN 0x0c3e PSN 0x4e66ee RKey 0x001aaf VAddr 0x007f4491590000
 GID: 00:00:00:00:00:00:00:00:00:00:255:255:192:168:00:01
 remote address: LID 0000 QPN 0x0c3f PSN 0xaf2175 RKey 0x001aaf VAddr 0x007f4491591000
 GID: 00:00:00:00:00:00:00:00:00:00:255:255:192:168:00:01
 remote address: LID 0000 QPN 0x0c40 PSN 0xc63d3 RKey 0x001aaf VAddr 0x007f4491592000
 GID: 00:00:00:00:00:00:00:00:00:00:255:255:192:168:00:01
 remote address: LID 0000 QPN 0x0c41 PSN 0x9120ed RKey 0x001aaf VAddr 0x007f4491593000
 GID: 00:00:00:00:00:00:00:00:00:00:255:255:192:168:00:01
 remote address: LID 0000 QPN 0x0c42 PSN 0x2719d8 RKey 0x001aaf VAddr 0x007f4491594000
 GID: 00:00:00:00:00:00:00:00:00:00:255:255:192:168:00:01
---------------------------------------------------------------------------------------
 #bytes     #iterations    BW peak[MB/sec]    BW average[MB/sec]   MsgRate[Mpps]
 4096       160000           12735.31            12646.65		   3.237542
---------------------------------------------------------------------------------------
