---------------------------------------------------------------------------------------
                    RDMA_Write BW Test
 Dual-port       : OFF		Device         : mlx5_0
 Number of qps   : 30		Transport type : IB
 Connection type : RC		Using SRQ      : OFF
 PCIe relax order: ON
 ibv_wr* API     : ON
 TX depth        : 128
 CQ Moderation   : 100
 Mtu             : 1024[B]
 Link type       : Ethernet
 GID index       : 3
 Max inline data : 0[B]
 rdma_cm QPs	 : OFF
 Data ex. method : Ethernet
---------------------------------------------------------------------------------------
 local address: LID 0000 QPN 0x0c03 PSN 0x7ff7dc RKey 0x001989 VAddr 0x007f7cb5d1c000
 GID: 00:00:00:00:00:00:00:00:00:00:255:255:192:168:00:02
 local address: LID 0000 QPN 0x0c04 PSN 0xc39a96 RKey 0x001989 VAddr 0x007f7cb5d1d000
 GID: 00:00:00:00:00:00:00:00:00:00:255:255:192:168:00:02
 local address: LID 0000 QPN 0x0c05 PSN 0xe51728 RKey 0x001989 VAddr 0x007f7cb5d1e000
 GID: 00:00:00:00:00:00:00:00:00:00:255:255:192:168:00:02
 local address: LID 0000 QPN 0x0c06 PSN 0x5f6b57 RKey 0x001989 VAddr 0x007f7cb5d1f000
 GID: 00:00:00:00:00:00:00:00:00:00:255:255:192:168:00:02
 local address: LID 0000 QPN 0x0c07 PSN 0xb6941e RKey 0x001989 VAddr 0x007f7cb5d20000
 GID: 00:00:00:00:00:00:00:00:00:00:255:255:192:168:00:02
 local address: LID 0000 QPN 0x0c08 PSN 0x105a28 RKey 0x001989 VAddr 0x007f7cb5d21000
 GID: 00:00:00:00:00:00:00:00:00:00:255:255:192:168:00:02
 local address: LID 0000 QPN 0x0c09 PSN 0xc01467 RKey 0x001989 VAddr 0x007f7cb5d22000
 GID: 00:00:00:00:00:00:00:00:00:00:255:255:192:168:00:02
 local address: LID 0000 QPN 0x0c0a PSN 0xd675d4 RKey 0x001989 VAddr 0x007f7cb5d23000
 GID: 00:00:00:00:00:00:00:00:00:00:255:255:192:168:00:02
 local address: LID 0000 QPN 0x0c0b PSN 0x6b7ce8 RKey 0x001989 VAddr 0x007f7cb5d24000
 GID: 00:00:00:00:00:00:00:00:00:00:255:255:192:168:00:02
 local address: LID 0000 QPN 0x0c0c PSN 0xa31c4a RKey 0x001989 VAddr 0x007f7cb5d25000
 GID: 00:00:00:00:00:00:00:00:00:00:255:255:192:168:00:02
 local address: LID 0000 QPN 0x0c0d PSN 0x26bd26 RKey 0x001989 VAddr 0x007f7cb5d26000
 GID: 00:00:00:00:00:00:00:00:00:00:255:255:192:168:00:02
 local address: LID 0000 QPN 0x0c0e PSN 0xb16dc1 RKey 0x001989 VAddr 0x007f7cb5d27000
 GID: 00:00:00:00:00:00:00:00:00:00:255:255:192:168:00:02
 local address: LID 0000 QPN 0x0c0f PSN 0x1c0f19 RKey 0x001989 VAddr 0x007f7cb5d28000
 GID: 00:00:00:00:00:00:00:00:00:00:255:255:192:168:00:02
 local address: LID 0000 QPN 0x0c10 PSN 0xdacd52 RKey 0x001989 VAddr 0x007f7cb5d29000
 GID: 00:00:00:00:00:00:00:00:00:00:255:255:192:168:00:02
 local address: LID 0000 QPN 0x0c11 PSN 0xb89ca8 RKey 0x001989 VAddr 0x007f7cb5d2a000
 GID: 00:00:00:00:00:00:00:00:00:00:255:255:192:168:00:02
 local address: LID 0000 QPN 0x0c12 PSN 0x83734c RKey 0x001989 VAddr 0x007f7cb5d2b000
 GID: 00:00:00:00:00:00:00:00:00:00:255:255:192:168:00:02
 local address: LID 0000 QPN 0x0c13 PSN 0xc2da71 RKey 0x001989 VAddr 0x007f7cb5d2c000
 GID: 00:00:00:00:00:00:00:00:00:00:255:255:192:168:00:02
 local address: LID 0000 QPN 0x0c14 PSN 0xc81fd7 RKey 0x001989 VAddr 0x007f7cb5d2d000
 GID: 00:00:00:00:00:00:00:00:00:00:255:255:192:168:00:02
 local address: LID 0000 QPN 0x0c15 PSN 0xe7f766 RKey 0x001989 VAddr 0x007f7cb5d2e000
 GID: 00:00:00:00:00:00:00:00:00:00:255:255:192:168:00:02
 local address: LID 0000 QPN 0x0c16 PSN 0x54635b RKey 0x001989 VAddr 0x007f7cb5d2f000
 GID: 00:00:00:00:00:00:00:00:00:00:255:255:192:168:00:02
 local address: LID 0000 QPN 0x0c17 PSN 0xe06920 RKey 0x001989 VAddr 0x007f7cb5d30000
 GID: 00:00:00:00:00:00:00:00:00:00:255:255:192:168:00:02
 local address: LID 0000 QPN 0x0c18 PSN 0x687e6f RKey 0x001989 VAddr 0x007f7cb5d31000
 GID: 00:00:00:00:00:00:00:00:00:00:255:255:192:168:00:02
 local address: LID 0000 QPN 0x0c19 PSN 0x1f06a7 RKey 0x001989 VAddr 0x007f7cb5d32000
 GID: 00:00:00:00:00:00:00:00:00:00:255:255:192:168:00:02
 local address: LID 0000 QPN 0x0c1a PSN 0xff9423 RKey 0x001989 VAddr 0x007f7cb5d33000
 GID: 00:00:00:00:00:00:00:00:00:00:255:255:192:168:00:02
 local address: LID 0000 QPN 0x0c1b PSN 0xd4b5e8 RKey 0x001989 VAddr 0x007f7cb5d34000
 GID: 00:00:00:00:00:00:00:00:00:00:255:255:192:168:00:02
 local address: LID 0000 QPN 0x0c1c PSN 0x9f1793 RKey 0x001989 VAddr 0x007f7cb5d35000
 GID: 00:00:00:00:00:00:00:00:00:00:255:255:192:168:00:02
 local address: LID 0000 QPN 0x0c1d PSN 0xcf13b8 RKey 0x001989 VAddr 0x007f7cb5d36000
 GID: 00:00:00:00:00:00:00:00:00:00:255:255:192:168:00:02
 local address: LID 0000 QPN 0x0c1e PSN 0x9088da RKey 0x001989 VAddr 0x007f7cb5d37000
 GID: 00:00:00:00:00:00:00:00:00:00:255:255:192:168:00:02
 local address: LID 0000 QPN 0x0c1f PSN 0xe19af1 RKey 0x001989 VAddr 0x007f7cb5d38000
 GID: 00:00:00:00:00:00:00:00:00:00:255:255:192:168:00:02
 local address: LID 0000 QPN 0x0c20 PSN 0xff859f RKey 0x001989 VAddr 0x007f7cb5d39000
 GID: 00:00:00:00:00:00:00:00:00:00:255:255:192:168:00:02
 remote address: LID 0000 QPN 0x0c05 PSN 0xd6b1e1 RKey 0x001aae VAddr 0x007f2772764000
 GID: 00:00:00:00:00:00:00:00:00:00:255:255:192:168:00:01
 remote address: LID 0000 QPN 0x0c06 PSN 0x6d4cb7 RKey 0x001aae VAddr 0x007f2772765000
 GID: 00:00:00:00:00:00:00:00:00:00:255:255:192:168:00:01
 remote address: LID 0000 QPN 0x0c07 PSN 0x9b9535 RKey 0x001aae VAddr 0x007f2772766000
 GID: 00:00:00:00:00:00:00:00:00:00:255:255:192:168:00:01
 remote address: LID 0000 QPN 0x0c08 PSN 0x4ec4e0 RKey 0x001aae VAddr 0x007f2772767000
 GID: 00:00:00:00:00:00:00:00:00:00:255:255:192:168:00:01
 remote address: LID 0000 QPN 0x0c09 PSN 0x5cc973 RKey 0x001aae VAddr 0x007f2772768000
 GID: 00:00:00:00:00:00:00:00:00:00:255:255:192:168:00:01
 remote address: LID 0000 QPN 0x0c0a PSN 0x1b6d59 RKey 0x001aae VAddr 0x007f2772769000
 GID: 00:00:00:00:00:00:00:00:00:00:255:255:192:168:00:01
 remote address: LID 0000 QPN 0x0c0b PSN 0xe14644 RKey 0x001aae VAddr 0x007f277276a000
 GID: 00:00:00:00:00:00:00:00:00:00:255:255:192:168:00:01
 remote address: LID 0000 QPN 0x0c0c PSN 0x813eed RKey 0x001aae VAddr 0x007f277276b000
 GID: 00:00:00:00:00:00:00:00:00:00:255:255:192:168:00:01
 remote address: LID 0000 QPN 0x0c0d PSN 0xdb928d RKey 0x001aae VAddr 0x007f277276c000
 GID: 00:00:00:00:00:00:00:00:00:00:255:255:192:168:00:01
 remote address: LID 0000 QPN 0x0c0e PSN 0xea918b RKey 0x001aae VAddr 0x007f277276d000
 GID: 00:00:00:00:00:00:00:00:00:00:255:255:192:168:00:01
 remote address: LID 0000 QPN 0x0c0f PSN 0xd80fd3 RKey 0x001aae VAddr 0x007f277276e000
 GID: 00:00:00:00:00:00:00:00:00:00:255:255:192:168:00:01
 remote address: LID 0000 QPN 0x0c10 PSN 0xf50f6a RKey 0x001aae VAddr 0x007f277276f000
 GID: 00:00:00:00:00:00:00:00:00:00:255:255:192:168:00:01
 remote address: LID 0000 QPN 0x0c11 PSN 0xf1ba0e RKey 0x001aae VAddr 0x007f2772770000
 GID: 00:00:00:00:00:00:00:00:00:00:255:255:192:168:00:01
 remote address: LID 0000 QPN 0x0c12 PSN 0x48b5a3 RKey 0x001aae VAddr 0x007f2772771000
 GID: 00:00:00:00:00:00:00:00:00:00:255:255:192:168:00:01
 remote address: LID 0000 QPN 0x0c13 PSN 0xe94d25 RKey 0x001aae VAddr 0x007f2772772000
 GID: 00:00:00:00:00:00:00:00:00:00:255:255:192:168:00:01
 remote address: LID 0000 QPN 0x0c14 PSN 0xae685 RKey 0x001aae VAddr 0x007f2772773000
 GID: 00:00:00:00:00:00:00:00:00:00:255:255:192:168:00:01
 remote address: LID 0000 QPN 0x0c15 PSN 0x801fb6 RKey 0x001aae VAddr 0x007f2772774000
 GID: 00:00:00:00:00:00:00:00:00:00:255:255:192:168:00:01
 remote address: LID 0000 QPN 0x0c16 PSN 0x369c38 RKey 0x001aae VAddr 0x007f2772775000
 GID: 00:00:00:00:00:00:00:00:00:00:255:255:192:168:00:01
 remote address: LID 0000 QPN 0x0c17 PSN 0x1e12b3 RKey 0x001aae VAddr 0x007f2772776000
 GID: 00:00:00:00:00:00:00:00:00:00:255:255:192:168:00:01
 remote address: LID 0000 QPN 0x0c18 PSN 0xe13124 RKey 0x001aae VAddr 0x007f2772777000
 GID: 00:00:00:00:00:00:00:00:00:00:255:255:192:168:00:01
 remote address: LID 0000 QPN 0x0c19 PSN 0x29db5 RKey 0x001aae VAddr 0x007f2772778000
 GID: 00:00:00:00:00:00:00:00:00:00:255:255:192:168:00:01
 remote address: LID 0000 QPN 0x0c1a PSN 0x92bfe0 RKey 0x001aae VAddr 0x007f2772779000
 GID: 00:00:00:00:00:00:00:00:00:00:255:255:192:168:00:01
 remote address: LID 0000 QPN 0x0c1b PSN 0x1469c4 RKey 0x001aae VAddr 0x007f277277a000
 GID: 00:00:00:00:00:00:00:00:00:00:255:255:192:168:00:01
 remote address: LID 0000 QPN 0x0c1c PSN 0x42d57c RKey 0x001aae VAddr 0x007f277277b000
 GID: 00:00:00:00:00:00:00:00:00:00:255:255:192:168:00:01
 remote address: LID 0000 QPN 0x0c1d PSN 0x397ecd RKey 0x001aae VAddr 0x007f277277c000
 GID: 00:00:00:00:00:00:00:00:00:00:255:255:192:168:00:01
 remote address: LID 0000 QPN 0x0c1e PSN 0x225f14 RKey 0x001aae VAddr 0x007f277277d000
 GID: 00:00:00:00:00:00:00:00:00:00:255:255:192:168:00:01
 remote address: LID 0000 QPN 0x0c1f PSN 0xde6ba5 RKey 0x001aae VAddr 0x007f277277e000
 GID: 00:00:00:00:00:00:00:00:00:00:255:255:192:168:00:01
 remote address: LID 0000 QPN 0x0c20 PSN 0x93e6c3 RKey 0x001aae VAddr 0x007f277277f000
 GID: 00:00:00:00:00:00:00:00:00:00:255:255:192:168:00:01
 remote address: LID 0000 QPN 0x0c21 PSN 0x7bed26 RKey 0x001aae VAddr 0x007f2772780000
 GID: 00:00:00:00:00:00:00:00:00:00:255:255:192:168:00:01
 remote address: LID 0000 QPN 0x0c22 PSN 0x6c2430 RKey 0x001aae VAddr 0x007f2772781000
 GID: 00:00:00:00:00:00:00:00:00:00:255:255:192:168:00:01
---------------------------------------------------------------------------------------
 #bytes     #iterations    BW peak[MB/sec]    BW average[MB/sec]   MsgRate[Mpps]
 4096       150000           12735.45            12724.84		   3.257559
---------------------------------------------------------------------------------------
