---------------------------------------------------------------------------------------
                    RDMA_Write BW Test
 Dual-port       : OFF		Device         : mlx5_0
 Number of qps   : 34		Transport type : IB
 Connection type : RC		Using SRQ      : OFF
 PCIe relax order: ON
 ibv_wr* API     : ON
 TX depth        : 128
 CQ Moderation   : 100
 Mtu             : 1024[B]
 Link type       : Ethernet
 GID index       : 3
 Max inline data : 0[B]
 rdma_cm QPs	 : OFF
 Data ex. method : Ethernet
---------------------------------------------------------------------------------------
 local address: LID 0000 QPN 0x0c41 PSN 0xe708bd RKey 0x00198b VAddr 0x007f1bbad06000
 GID: 00:00:00:00:00:00:00:00:00:00:255:255:192:168:00:02
 local address: LID 0000 QPN 0x0c42 PSN 0xb2639a RKey 0x00198b VAddr 0x007f1bbad07000
 GID: 00:00:00:00:00:00:00:00:00:00:255:255:192:168:00:02
 local address: LID 0000 QPN 0x0c43 PSN 0x63d2a6 RKey 0x00198b VAddr 0x007f1bbad08000
 GID: 00:00:00:00:00:00:00:00:00:00:255:255:192:168:00:02
 local address: LID 0000 QPN 0x0c44 PSN 0x7a00c6 RKey 0x00198b VAddr 0x007f1bbad09000
 GID: 00:00:00:00:00:00:00:00:00:00:255:255:192:168:00:02
 local address: LID 0000 QPN 0x0c45 PSN 0x146198 RKey 0x00198b VAddr 0x007f1bbad0a000
 GID: 00:00:00:00:00:00:00:00:00:00:255:255:192:168:00:02
 local address: LID 0000 QPN 0x0c46 PSN 0x9dffe4 RKey 0x00198b VAddr 0x007f1bbad0b000
 GID: 00:00:00:00:00:00:00:00:00:00:255:255:192:168:00:02
 local address: LID 0000 QPN 0x0c47 PSN 0xd01a3d RKey 0x00198b VAddr 0x007f1bbad0c000
 GID: 00:00:00:00:00:00:00:00:00:00:255:255:192:168:00:02
 local address: LID 0000 QPN 0x0c48 PSN 0xb8c2bc RKey 0x00198b VAddr 0x007f1bbad0d000
 GID: 00:00:00:00:00:00:00:00:00:00:255:255:192:168:00:02
 local address: LID 0000 QPN 0x0c49 PSN 0x48387a RKey 0x00198b VAddr 0x007f1bbad0e000
 GID: 00:00:00:00:00:00:00:00:00:00:255:255:192:168:00:02
 local address: LID 0000 QPN 0x0c4a PSN 0x45b23d RKey 0x00198b VAddr 0x007f1bbad0f000
 GID: 00:00:00:00:00:00:00:00:00:00:255:255:192:168:00:02
 local address: LID 0000 QPN 0x0c4b PSN 0x935ad3 RKey 0x00198b VAddr 0x007f1bbad10000
 GID: 00:00:00:00:00:00:00:00:00:00:255:255:192:168:00:02
 local address: LID 0000 QPN 0x0c4c PSN 0x8c71a1 RKey 0x00198b VAddr 0x007f1bbad11000
 GID: 00:00:00:00:00:00:00:00:00:00:255:255:192:168:00:02
 local address: LID 0000 QPN 0x0c4d PSN 0xe18243 RKey 0x00198b VAddr 0x007f1bbad12000
 GID: 00:00:00:00:00:00:00:00:00:00:255:255:192:168:00:02
 local address: LID 0000 QPN 0x0c4e PSN 0xa61efd RKey 0x00198b VAddr 0x007f1bbad13000
 GID: 00:00:00:00:00:00:00:00:00:00:255:255:192:168:00:02
 local address: LID 0000 QPN 0x0c4f PSN 0xc477ad RKey 0x00198b VAddr 0x007f1bbad14000
 GID: 00:00:00:00:00:00:00:00:00:00:255:255:192:168:00:02
 local address: LID 0000 QPN 0x0c50 PSN 0x68a5a3 RKey 0x00198b VAddr 0x007f1bbad15000
 GID: 00:00:00:00:00:00:00:00:00:00:255:255:192:168:00:02
 local address: LID 0000 QPN 0x0c51 PSN 0x3de6b3 RKey 0x00198b VAddr 0x007f1bbad16000
 GID: 00:00:00:00:00:00:00:00:00:00:255:255:192:168:00:02
 local address: LID 0000 QPN 0x0c52 PSN 0x9130ba RKey 0x00198b VAddr 0x007f1bbad17000
 GID: 00:00:00:00:00:00:00:00:00:00:255:255:192:168:00:02
 local address: LID 0000 QPN 0x0c53 PSN 0x6a8d44 RKey 0x00198b VAddr 0x007f1bbad18000
 GID: 00:00:00:00:00:00:00:00:00:00:255:255:192:168:00:02
 local address: LID 0000 QPN 0x0c54 PSN 0xc533aa RKey 0x00198b VAddr 0x007f1bbad19000
 GID: 00:00:00:00:00:00:00:00:00:00:255:255:192:168:00:02
 local address: LID 0000 QPN 0x0c55 PSN 0x5a87f9 RKey 0x00198b VAddr 0x007f1bbad1a000
 GID: 00:00:00:00:00:00:00:00:00:00:255:255:192:168:00:02
 local address: LID 0000 QPN 0x0c56 PSN 0xa10a0b RKey 0x00198b VAddr 0x007f1bbad1b000
 GID: 00:00:00:00:00:00:00:00:00:00:255:255:192:168:00:02
 local address: LID 0000 QPN 0x0c57 PSN 0xfa2cdd RKey 0x00198b VAddr 0x007f1bbad1c000
 GID: 00:00:00:00:00:00:00:00:00:00:255:255:192:168:00:02
 local address: LID 0000 QPN 0x0c58 PSN 0xf4e9eb RKey 0x00198b VAddr 0x007f1bbad1d000
 GID: 00:00:00:00:00:00:00:00:00:00:255:255:192:168:00:02
 local address: LID 0000 QPN 0x0c59 PSN 0x4578da RKey 0x00198b VAddr 0x007f1bbad1e000
 GID: 00:00:00:00:00:00:00:00:00:00:255:255:192:168:00:02
 local address: LID 0000 QPN 0x0c5a PSN 0x691167 RKey 0x00198b VAddr 0x007f1bbad1f000
 GID: 00:00:00:00:00:00:00:00:00:00:255:255:192:168:00:02
 local address: LID 0000 QPN 0x0c5b PSN 0x3c77c6 RKey 0x00198b VAddr 0x007f1bbad20000
 GID: 00:00:00:00:00:00:00:00:00:00:255:255:192:168:00:02
 local address: LID 0000 QPN 0x0c5c PSN 0x7a439a RKey 0x00198b VAddr 0x007f1bbad21000
 GID: 00:00:00:00:00:00:00:00:00:00:255:255:192:168:00:02
 local address: LID 0000 QPN 0x0c5d PSN 0xb82b7a RKey 0x00198b VAddr 0x007f1bbad22000
 GID: 00:00:00:00:00:00:00:00:00:00:255:255:192:168:00:02
 local address: LID 0000 QPN 0x0c5e PSN 0xf8992b RKey 0x00198b VAddr 0x007f1bbad23000
 GID: 00:00:00:00:00:00:00:00:00:00:255:255:192:168:00:02
 local address: LID 0000 QPN 0x0c5f PSN 0xba742e RKey 0x00198b VAddr 0x007f1bbad24000
 GID: 00:00:00:00:00:00:00:00:00:00:255:255:192:168:00:02
 local address: LID 0000 QPN 0x0c60 PSN 0xee65bc RKey 0x00198b VAddr 0x007f1bbad25000
 GID: 00:00:00:00:00:00:00:00:00:00:255:255:192:168:00:02
 local address: LID 0000 QPN 0x0c61 PSN 0x2dc2cb RKey 0x00198b VAddr 0x007f1bbad26000
 GID: 00:00:00:00:00:00:00:00:00:00:255:255:192:168:00:02
 local address: LID 0000 QPN 0x0c62 PSN 0x38c5ba RKey 0x00198b VAddr 0x007f1bbad27000
 GID: 00:00:00:00:00:00:00:00:00:00:255:255:192:168:00:02
 remote address: LID 0000 QPN 0x0c43 PSN 0x25758 RKey 0x001ab0 VAddr 0x007f399ff26000
 GID: 00:00:00:00:00:00:00:00:00:00:255:255:192:168:00:01
 remote address: LID 0000 QPN 0x0c44 PSN 0xd61d99 RKey 0x001ab0 VAddr 0x007f399ff27000
 GID: 00:00:00:00:00:00:00:00:00:00:255:255:192:168:00:01
 remote address: LID 0000 QPN 0x0c45 PSN 0xc91e39 RKey 0x001ab0 VAddr 0x007f399ff28000
 GID: 00:00:00:00:00:00:00:00:00:00:255:255:192:168:00:01
 remote address: LID 0000 QPN 0x0c46 PSN 0x5405d RKey 0x001ab0 VAddr 0x007f399ff29000
 GID: 00:00:00:00:00:00:00:00:00:00:255:255:192:168:00:01
 remote address: LID 0000 QPN 0x0c47 PSN 0xb41ee3 RKey 0x001ab0 VAddr 0x007f399ff2a000
 GID: 00:00:00:00:00:00:00:00:00:00:255:255:192:168:00:01
 remote address: LID 0000 QPN 0x0c48 PSN 0xd6fad3 RKey 0x001ab0 VAddr 0x007f399ff2b000
 GID: 00:00:00:00:00:00:00:00:00:00:255:255:192:168:00:01
 remote address: LID 0000 QPN 0x0c49 PSN 0xd9ac00 RKey 0x001ab0 VAddr 0x007f399ff2c000
 GID: 00:00:00:00:00:00:00:00:00:00:255:255:192:168:00:01
 remote address: LID 0000 QPN 0x0c4a PSN 0x8504c3 RKey 0x001ab0 VAddr 0x007f399ff2d000
 GID: 00:00:00:00:00:00:00:00:00:00:255:255:192:168:00:01
 remote address: LID 0000 QPN 0x0c4b PSN 0x69f75 RKey 0x001ab0 VAddr 0x007f399ff2e000
 GID: 00:00:00:00:00:00:00:00:00:00:255:255:192:168:00:01
 remote address: LID 0000 QPN 0x0c4c PSN 0x410d1c RKey 0x001ab0 VAddr 0x007f399ff2f000
 GID: 00:00:00:00:00:00:00:00:00:00:255:255:192:168:00:01
 remote address: LID 0000 QPN 0x0c4d PSN 0xd165c6 RKey 0x001ab0 VAddr 0x007f399ff30000
 GID: 00:00:00:00:00:00:00:00:00:00:255:255:192:168:00:01
 remote address: LID 0000 QPN 0x0c4e PSN 0xd16d18 RKey 0x001ab0 VAddr 0x007f399ff31000
 GID: 00:00:00:00:00:00:00:00:00:00:255:255:192:168:00:01
 remote address: LID 0000 QPN 0x0c4f PSN 0xe17dee RKey 0x001ab0 VAddr 0x007f399ff32000
 GID: 00:00:00:00:00:00:00:00:00:00:255:255:192:168:00:01
 remote address: LID 0000 QPN 0x0c50 PSN 0x63e8cc RKey 0x001ab0 VAddr 0x007f399ff33000
 GID: 00:00:00:00:00:00:00:00:00:00:255:255:192:168:00:01
 remote address: LID 0000 QPN 0x0c51 PSN 0xb75ed0 RKey 0x001ab0 VAddr 0x007f399ff34000
 GID: 00:00:00:00:00:00:00:00:00:00:255:255:192:168:00:01
 remote address: LID 0000 QPN 0x0c52 PSN 0xc2818a RKey 0x001ab0 VAddr 0x007f399ff35000
 GID: 00:00:00:00:00:00:00:00:00:00:255:255:192:168:00:01
 remote address: LID 0000 QPN 0x0c53 PSN 0x6120e RKey 0x001ab0 VAddr 0x007f399ff36000
 GID: 00:00:00:00:00:00:00:00:00:00:255:255:192:168:00:01
 remote address: LID 0000 QPN 0x0c54 PSN 0xa36879 RKey 0x001ab0 VAddr 0x007f399ff37000
 GID: 00:00:00:00:00:00:00:00:00:00:255:255:192:168:00:01
 remote address: LID 0000 QPN 0x0c55 PSN 0x55e397 RKey 0x001ab0 VAddr 0x007f399ff38000
 GID: 00:00:00:00:00:00:00:00:00:00:255:255:192:168:00:01
 remote address: LID 0000 QPN 0x0c56 PSN 0xb8701 RKey 0x001ab0 VAddr 0x007f399ff39000
 GID: 00:00:00:00:00:00:00:00:00:00:255:255:192:168:00:01
 remote address: LID 0000 QPN 0x0c57 PSN 0x602e04 RKey 0x001ab0 VAddr 0x007f399ff3a000
 GID: 00:00:00:00:00:00:00:00:00:00:255:255:192:168:00:01
 remote address: LID 0000 QPN 0x0c58 PSN 0x5a9eba RKey 0x001ab0 VAddr 0x007f399ff3b000
 GID: 00:00:00:00:00:00:00:00:00:00:255:255:192:168:00:01
 remote address: LID 0000 QPN 0x0c59 PSN 0xe7b560 RKey 0x001ab0 VAddr 0x007f399ff3c000
 GID: 00:00:00:00:00:00:00:00:00:00:255:255:192:168:00:01
 remote address: LID 0000 QPN 0x0c5a PSN 0x81bbb2 RKey 0x001ab0 VAddr 0x007f399ff3d000
 GID: 00:00:00:00:00:00:00:00:00:00:255:255:192:168:00:01
 remote address: LID 0000 QPN 0x0c5b PSN 0x279495 RKey 0x001ab0 VAddr 0x007f399ff3e000
 GID: 00:00:00:00:00:00:00:00:00:00:255:255:192:168:00:01
 remote address: LID 0000 QPN 0x0c5c PSN 0xfce206 RKey 0x001ab0 VAddr 0x007f399ff3f000
 GID: 00:00:00:00:00:00:00:00:00:00:255:255:192:168:00:01
 remote address: LID 0000 QPN 0x0c5d PSN 0x2f2579 RKey 0x001ab0 VAddr 0x007f399ff40000
 GID: 00:00:00:00:00:00:00:00:00:00:255:255:192:168:00:01
 remote address: LID 0000 QPN 0x0c5e PSN 0xe10ad1 RKey 0x001ab0 VAddr 0x007f399ff41000
 GID: 00:00:00:00:00:00:00:00:00:00:255:255:192:168:00:01
 remote address: LID 0000 QPN 0x0c5f PSN 0x2a67e5 RKey 0x001ab0 VAddr 0x007f399ff42000
 GID: 00:00:00:00:00:00:00:00:00:00:255:255:192:168:00:01
 remote address: LID 0000 QPN 0x0c60 PSN 0x8874ba RKey 0x001ab0 VAddr 0x007f399ff43000
 GID: 00:00:00:00:00:00:00:00:00:00:255:255:192:168:00:01
 remote address: LID 0000 QPN 0x0c61 PSN 0x116a11 RKey 0x001ab0 VAddr 0x007f399ff44000
 GID: 00:00:00:00:00:00:00:00:00:00:255:255:192:168:00:01
 remote address: LID 0000 QPN 0x0c62 PSN 0x230963 RKey 0x001ab0 VAddr 0x007f399ff45000
 GID: 00:00:00:00:00:00:00:00:00:00:255:255:192:168:00:01
 remote address: LID 0000 QPN 0x0c63 PSN 0x937ae6 RKey 0x001ab0 VAddr 0x007f399ff46000
 GID: 00:00:00:00:00:00:00:00:00:00:255:255:192:168:00:01
 remote address: LID 0000 QPN 0x0c64 PSN 0xd46b39 RKey 0x001ab0 VAddr 0x007f399ff47000
 GID: 00:00:00:00:00:00:00:00:00:00:255:255:192:168:00:01
---------------------------------------------------------------------------------------
 #bytes     #iterations    BW peak[MB/sec]    BW average[MB/sec]   MsgRate[Mpps]
 4096       170000           12603.47            12549.98		   3.212796
---------------------------------------------------------------------------------------
