---------------------------------------------------------------------------------------
                    RDMA_Write BW Test
 Dual-port       : OFF		Device         : mlx5_0
 Number of qps   : 36		Transport type : IB
 Connection type : RC		Using SRQ      : OFF
 PCIe relax order: ON
 ibv_wr* API     : ON
 TX depth        : 128
 CQ Moderation   : 100
 Mtu             : 1024[B]
 Link type       : Ethernet
 GID index       : 3
 Max inline data : 0[B]
 rdma_cm QPs	 : OFF
 Data ex. method : Ethernet
---------------------------------------------------------------------------------------
 local address: LID 0000 QPN 0x0c63 PSN 0x77d2a5 RKey 0x00198c VAddr 0x007fe74f246000
 GID: 00:00:00:00:00:00:00:00:00:00:255:255:192:168:00:02
 local address: LID 0000 QPN 0x0c64 PSN 0x28582b RKey 0x00198c VAddr 0x007fe74f247000
 GID: 00:00:00:00:00:00:00:00:00:00:255:255:192:168:00:02
 local address: LID 0000 QPN 0x0c65 PSN 0x79ad99 RKey 0x00198c VAddr 0x007fe74f248000
 GID: 00:00:00:00:00:00:00:00:00:00:255:255:192:168:00:02
 local address: LID 0000 QPN 0x0c66 PSN 0xf8ff74 RKey 0x00198c VAddr 0x007fe74f249000
 GID: 00:00:00:00:00:00:00:00:00:00:255:255:192:168:00:02
 local address: LID 0000 QPN 0x0c67 PSN 0xe8b277 RKey 0x00198c VAddr 0x007fe74f24a000
 GID: 00:00:00:00:00:00:00:00:00:00:255:255:192:168:00:02
 local address: LID 0000 QPN 0x0c68 PSN 0xb73c0d RKey 0x00198c VAddr 0x007fe74f24b000
 GID: 00:00:00:00:00:00:00:00:00:00:255:255:192:168:00:02
 local address: LID 0000 QPN 0x0c69 PSN 0xde00e8 RKey 0x00198c VAddr 0x007fe74f24c000
 GID: 00:00:00:00:00:00:00:00:00:00:255:255:192:168:00:02
 local address: LID 0000 QPN 0x0c6a PSN 0xfc0ec1 RKey 0x00198c VAddr 0x007fe74f24d000
 GID: 00:00:00:00:00:00:00:00:00:00:255:255:192:168:00:02
 local address: LID 0000 QPN 0x0c6b PSN 0x4e87d1 RKey 0x00198c VAddr 0x007fe74f24e000
 GID: 00:00:00:00:00:00:00:00:00:00:255:255:192:168:00:02
 local address: LID 0000 QPN 0x0c6c PSN 0xe8177f RKey 0x00198c VAddr 0x007fe74f24f000
 GID: 00:00:00:00:00:00:00:00:00:00:255:255:192:168:00:02
 local address: LID 0000 QPN 0x0c6d PSN 0x1350b7 RKey 0x00198c VAddr 0x007fe74f250000
 GID: 00:00:00:00:00:00:00:00:00:00:255:255:192:168:00:02
 local address: LID 0000 QPN 0x0c6e PSN 0xac887e RKey 0x00198c VAddr 0x007fe74f251000
 GID: 00:00:00:00:00:00:00:00:00:00:255:255:192:168:00:02
 local address: LID 0000 QPN 0x0c6f PSN 0x483f92 RKey 0x00198c VAddr 0x007fe74f252000
 GID: 00:00:00:00:00:00:00:00:00:00:255:255:192:168:00:02
 local address: LID 0000 QPN 0x0c70 PSN 0xc426d7 RKey 0x00198c VAddr 0x007fe74f253000
 GID: 00:00:00:00:00:00:00:00:00:00:255:255:192:168:00:02
 local address: LID 0000 QPN 0x0c71 PSN 0x1d3849 RKey 0x00198c VAddr 0x007fe74f254000
 GID: 00:00:00:00:00:00:00:00:00:00:255:255:192:168:00:02
 local address: LID 0000 QPN 0x0c72 PSN 0x985cd9 RKey 0x00198c VAddr 0x007fe74f255000
 GID: 00:00:00:00:00:00:00:00:00:00:255:255:192:168:00:02
 local address: LID 0000 QPN 0x0c73 PSN 0x7af97a RKey 0x00198c VAddr 0x007fe74f256000
 GID: 00:00:00:00:00:00:00:00:00:00:255:255:192:168:00:02
 local address: LID 0000 QPN 0x0c74 PSN 0x5b6cac RKey 0x00198c VAddr 0x007fe74f257000
 GID: 00:00:00:00:00:00:00:00:00:00:255:255:192:168:00:02
 local address: LID 0000 QPN 0x0c75 PSN 0x30c17 RKey 0x00198c VAddr 0x007fe74f258000
 GID: 00:00:00:00:00:00:00:00:00:00:255:255:192:168:00:02
 local address: LID 0000 QPN 0x0c76 PSN 0x9f38b8 RKey 0x00198c VAddr 0x007fe74f259000
 GID: 00:00:00:00:00:00:00:00:00:00:255:255:192:168:00:02
 local address: LID 0000 QPN 0x0c77 PSN 0x2acfb9 RKey 0x00198c VAddr 0x007fe74f25a000
 GID: 00:00:00:00:00:00:00:00:00:00:255:255:192:168:00:02
 local address: LID 0000 QPN 0x0c78 PSN 0x4fa394 RKey 0x00198c VAddr 0x007fe74f25b000
 GID: 00:00:00:00:00:00:00:00:00:00:255:255:192:168:00:02
 local address: LID 0000 QPN 0x0c79 PSN 0x51568 RKey 0x00198c VAddr 0x007fe74f25c000
 GID: 00:00:00:00:00:00:00:00:00:00:255:255:192:168:00:02
 local address: LID 0000 QPN 0x0c7a PSN 0x214250 RKey 0x00198c VAddr 0x007fe74f25d000
 GID: 00:00:00:00:00:00:00:00:00:00:255:255:192:168:00:02
 local address: LID 0000 QPN 0x0c7b PSN 0x244d11 RKey 0x00198c VAddr 0x007fe74f25e000
 GID: 00:00:00:00:00:00:00:00:00:00:255:255:192:168:00:02
 local address: LID 0000 QPN 0x0c7c PSN 0x1d4a08 RKey 0x00198c VAddr 0x007fe74f25f000
 GID: 00:00:00:00:00:00:00:00:00:00:255:255:192:168:00:02
 local address: LID 0000 QPN 0x0c7d PSN 0xbbad89 RKey 0x00198c VAddr 0x007fe74f260000
 GID: 00:00:00:00:00:00:00:00:00:00:255:255:192:168:00:02
 local address: LID 0000 QPN 0x0c7e PSN 0x2bccd7 RKey 0x00198c VAddr 0x007fe74f261000
 GID: 00:00:00:00:00:00:00:00:00:00:255:255:192:168:00:02
 local address: LID 0000 QPN 0x0c7f PSN 0x4edbaa RKey 0x00198c VAddr 0x007fe74f262000
 GID: 00:00:00:00:00:00:00:00:00:00:255:255:192:168:00:02
 local address: LID 0000 QPN 0x0c80 PSN 0x364a64 RKey 0x00198c VAddr 0x007fe74f263000
 GID: 00:00:00:00:00:00:00:00:00:00:255:255:192:168:00:02
 local address: LID 0000 QPN 0x0c81 PSN 0x3a92aa RKey 0x00198c VAddr 0x007fe74f264000
 GID: 00:00:00:00:00:00:00:00:00:00:255:255:192:168:00:02
 local address: LID 0000 QPN 0x0c82 PSN 0xb85551 RKey 0x00198c VAddr 0x007fe74f265000
 GID: 00:00:00:00:00:00:00:00:00:00:255:255:192:168:00:02
 local address: LID 0000 QPN 0x0c83 PSN 0x3b1672 RKey 0x00198c VAddr 0x007fe74f266000
 GID: 00:00:00:00:00:00:00:00:00:00:255:255:192:168:00:02
 local address: LID 0000 QPN 0x0c84 PSN 0x77e10b RKey 0x00198c VAddr 0x007fe74f267000
 GID: 00:00:00:00:00:00:00:00:00:00:255:255:192:168:00:02
 local address: LID 0000 QPN 0x0c85 PSN 0x5e7055 RKey 0x00198c VAddr 0x007fe74f268000
 GID: 00:00:00:00:00:00:00:00:00:00:255:255:192:168:00:02
 local address: LID 0000 QPN 0x0c86 PSN 0xc53a87 RKey 0x00198c VAddr 0x007fe74f269000
 GID: 00:00:00:00:00:00:00:00:00:00:255:255:192:168:00:02
 remote address: LID 0000 QPN 0x0c65 PSN 0x936ebb RKey 0x001ab1 VAddr 0x007fab4d6a0000
 GID: 00:00:00:00:00:00:00:00:00:00:255:255:192:168:00:01
 remote address: LID 0000 QPN 0x0c66 PSN 0x6d9189 RKey 0x001ab1 VAddr 0x007fab4d6a1000
 GID: 00:00:00:00:00:00:00:00:00:00:255:255:192:168:00:01
 remote address: LID 0000 QPN 0x0c67 PSN 0x258e9f RKey 0x001ab1 VAddr 0x007fab4d6a2000
 GID: 00:00:00:00:00:00:00:00:00:00:255:255:192:168:00:01
 remote address: LID 0000 QPN 0x0c68 PSN 0xdb3302 RKey 0x001ab1 VAddr 0x007fab4d6a3000
 GID: 00:00:00:00:00:00:00:00:00:00:255:255:192:168:00:01
 remote address: LID 0000 QPN 0x0c69 PSN 0x7239ed RKey 0x001ab1 VAddr 0x007fab4d6a4000
 GID: 00:00:00:00:00:00:00:00:00:00:255:255:192:168:00:01
 remote address: LID 0000 QPN 0x0c6a PSN 0xc1ed4b RKey 0x001ab1 VAddr 0x007fab4d6a5000
 GID: 00:00:00:00:00:00:00:00:00:00:255:255:192:168:00:01
 remote address: LID 0000 QPN 0x0c6b PSN 0xd12c4e RKey 0x001ab1 VAddr 0x007fab4d6a6000
 GID: 00:00:00:00:00:00:00:00:00:00:255:255:192:168:00:01
 remote address: LID 0000 QPN 0x0c6c PSN 0x8b2d2f RKey 0x001ab1 VAddr 0x007fab4d6a7000
 GID: 00:00:00:00:00:00:00:00:00:00:255:255:192:168:00:01
 remote address: LID 0000 QPN 0x0c6d PSN 0xfd50a7 RKey 0x001ab1 VAddr 0x007fab4d6a8000
 GID: 00:00:00:00:00:00:00:00:00:00:255:255:192:168:00:01
 remote address: LID 0000 QPN 0x0c6e PSN 0xbde9d RKey 0x001ab1 VAddr 0x007fab4d6a9000
 GID: 00:00:00:00:00:00:00:00:00:00:255:255:192:168:00:01
 remote address: LID 0000 QPN 0x0c6f PSN 0xdc0c7d RKey 0x001ab1 VAddr 0x007fab4d6aa000
 GID: 00:00:00:00:00:00:00:00:00:00:255:255:192:168:00:01
 remote address: LID 0000 QPN 0x0c70 PSN 0x605fcc RKey 0x001ab1 VAddr 0x007fab4d6ab000
 GID: 00:00:00:00:00:00:00:00:00:00:255:255:192:168:00:01
 remote address: LID 0000 QPN 0x0c71 PSN 0x32ffc8 RKey 0x001ab1 VAddr 0x007fab4d6ac000
 GID: 00:00:00:00:00:00:00:00:00:00:255:255:192:168:00:01
 remote address: LID 0000 QPN 0x0c72 PSN 0x3081d5 RKey 0x001ab1 VAddr 0x007fab4d6ad000
 GID: 00:00:00:00:00:00:00:00:00:00:255:255:192:168:00:01
 remote address: LID 0000 QPN 0x0c73 PSN 0x282a6f RKey 0x001ab1 VAddr 0x007fab4d6ae000
 GID: 00:00:00:00:00:00:00:00:00:00:255:255:192:168:00:01
 remote address: LID 0000 QPN 0x0c74 PSN 0xd79b07 RKey 0x001ab1 VAddr 0x007fab4d6af000
 GID: 00:00:00:00:00:00:00:00:00:00:255:255:192:168:00:01
 remote address: LID 0000 QPN 0x0c75 PSN 0xadc710 RKey 0x001ab1 VAddr 0x007fab4d6b0000
 GID: 00:00:00:00:00:00:00:00:00:00:255:255:192:168:00:01
 remote address: LID 0000 QPN 0x0c76 PSN 0xf9b98a RKey 0x001ab1 VAddr 0x007fab4d6b1000
 GID: 00:00:00:00:00:00:00:00:00:00:255:255:192:168:00:01
 remote address: LID 0000 QPN 0x0c77 PSN 0x213a9d RKey 0x001ab1 VAddr 0x007fab4d6b2000
 GID: 00:00:00:00:00:00:00:00:00:00:255:255:192:168:00:01
 remote address: LID 0000 QPN 0x0c78 PSN 0xcd6bc6 RKey 0x001ab1 VAddr 0x007fab4d6b3000
 GID: 00:00:00:00:00:00:00:00:00:00:255:255:192:168:00:01
 remote address: LID 0000 QPN 0x0c79 PSN 0x9d20af RKey 0x001ab1 VAddr 0x007fab4d6b4000
 GID: 00:00:00:00:00:00:00:00:00:00:255:255:192:168:00:01
 remote address: LID 0000 QPN 0x0c7a PSN 0x812052 RKey 0x001ab1 VAddr 0x007fab4d6b5000
 GID: 00:00:00:00:00:00:00:00:00:00:255:255:192:168:00:01
 remote address: LID 0000 QPN 0x0c7b PSN 0x51e64e RKey 0x001ab1 VAddr 0x007fab4d6b6000
 GID: 00:00:00:00:00:00:00:00:00:00:255:255:192:168:00:01
 remote address: LID 0000 QPN 0x0c7c PSN 0x8cd83e RKey 0x001ab1 VAddr 0x007fab4d6b7000
 GID: 00:00:00:00:00:00:00:00:00:00:255:255:192:168:00:01
 remote address: LID 0000 QPN 0x0c7d PSN 0xef767 RKey 0x001ab1 VAddr 0x007fab4d6b8000
 GID: 00:00:00:00:00:00:00:00:00:00:255:255:192:168:00:01
 remote address: LID 0000 QPN 0x0c7e PSN 0x5914a6 RKey 0x001ab1 VAddr 0x007fab4d6b9000
 GID: 00:00:00:00:00:00:00:00:00:00:255:255:192:168:00:01
 remote address: LID 0000 QPN 0x0c7f PSN 0xe2e6cf RKey 0x001ab1 VAddr 0x007fab4d6ba000
 GID: 00:00:00:00:00:00:00:00:00:00:255:255:192:168:00:01
 remote address: LID 0000 QPN 0x0c80 PSN 0xdc13a5 RKey 0x001ab1 VAddr 0x007fab4d6bb000
 GID: 00:00:00:00:00:00:00:00:00:00:255:255:192:168:00:01
 remote address: LID 0000 QPN 0x0c81 PSN 0xe21560 RKey 0x001ab1 VAddr 0x007fab4d6bc000
 GID: 00:00:00:00:00:00:00:00:00:00:255:255:192:168:00:01
 remote address: LID 0000 QPN 0x0c82 PSN 0x8760e2 RKey 0x001ab1 VAddr 0x007fab4d6bd000
 GID: 00:00:00:00:00:00:00:00:00:00:255:255:192:168:00:01
 remote address: LID 0000 QPN 0x0c83 PSN 0x1e5a50 RKey 0x001ab1 VAddr 0x007fab4d6be000
 GID: 00:00:00:00:00:00:00:00:00:00:255:255:192:168:00:01
 remote address: LID 0000 QPN 0x0c84 PSN 0x1b7aff RKey 0x001ab1 VAddr 0x007fab4d6bf000
 GID: 00:00:00:00:00:00:00:00:00:00:255:255:192:168:00:01
 remote address: LID 0000 QPN 0x0c85 PSN 0xb47588 RKey 0x001ab1 VAddr 0x007fab4d6c0000
 GID: 00:00:00:00:00:00:00:00:00:00:255:255:192:168:00:01
 remote address: LID 0000 QPN 0x0c86 PSN 0xdb2169 RKey 0x001ab1 VAddr 0x007fab4d6c1000
 GID: 00:00:00:00:00:00:00:00:00:00:255:255:192:168:00:01
 remote address: LID 0000 QPN 0x0c87 PSN 0x1d4c5b RKey 0x001ab1 VAddr 0x007fab4d6c2000
 GID: 00:00:00:00:00:00:00:00:00:00:255:255:192:168:00:01
 remote address: LID 0000 QPN 0x0c88 PSN 0x3e4d15 RKey 0x001ab1 VAddr 0x007fab4d6c3000
 GID: 00:00:00:00:00:00:00:00:00:00:255:255:192:168:00:01
---------------------------------------------------------------------------------------
 #bytes     #iterations    BW peak[MB/sec]    BW average[MB/sec]   MsgRate[Mpps]
 4096       180000           12587.19            12542.60		   3.210905
---------------------------------------------------------------------------------------
