
************************************
* Waiting for client to connect... *
************************************
---------------------------------------------------------------------------------------
                    RDMA_Write BW Test
 Dual-port       : OFF		Device         : mlx5_0
 Number of qps   : 38		Transport type : IB
 Connection type : RC		Using SRQ      : OFF
 PCIe relax order: ON
 ibv_wr* API     : ON
 CQ Moderation   : 100
 Mtu             : 1024[B]
 Link type       : Ethernet
 GID index       : 3
 Max inline data : 0[B]
 rdma_cm QPs	 : OFF
 Data ex. method : Ethernet
---------------------------------------------------------------------------------------
 local address: LID 0000 QPN 0x0c89 PSN 0x44b46a RKey 0x001ab2 VAddr 0x007f42ea57a000
 GID: 00:00:00:00:00:00:00:00:00:00:255:255:192:168:00:01
 local address: LID 0000 QPN 0x0c8a PSN 0xd7770c RKey 0x001ab2 VAddr 0x007f42ea57b000
 GID: 00:00:00:00:00:00:00:00:00:00:255:255:192:168:00:01
 local address: LID 0000 QPN 0x0c8b PSN 0x33f966 RKey 0x001ab2 VAddr 0x007f42ea57c000
 GID: 00:00:00:00:00:00:00:00:00:00:255:255:192:168:00:01
 local address: LID 0000 QPN 0x0c8c PSN 0x6173bd RKey 0x001ab2 VAddr 0x007f42ea57d000
 GID: 00:00:00:00:00:00:00:00:00:00:255:255:192:168:00:01
 local address: LID 0000 QPN 0x0c8d PSN 0x27cb8c RKey 0x001ab2 VAddr 0x007f42ea57e000
 GID: 00:00:00:00:00:00:00:00:00:00:255:255:192:168:00:01
 local address: LID 0000 QPN 0x0c8e PSN 0x79c7fe RKey 0x001ab2 VAddr 0x007f42ea57f000
 GID: 00:00:00:00:00:00:00:00:00:00:255:255:192:168:00:01
 local address: LID 0000 QPN 0x0c8f PSN 0x9a1c85 RKey 0x001ab2 VAddr 0x007f42ea580000
 GID: 00:00:00:00:00:00:00:00:00:00:255:255:192:168:00:01
 local address: LID 0000 QPN 0x0c90 PSN 0x9ede9a RKey 0x001ab2 VAddr 0x007f42ea581000
 GID: 00:00:00:00:00:00:00:00:00:00:255:255:192:168:00:01
 local address: LID 0000 QPN 0x0c91 PSN 0x69fd36 RKey 0x001ab2 VAddr 0x007f42ea582000
 GID: 00:00:00:00:00:00:00:00:00:00:255:255:192:168:00:01
 local address: LID 0000 QPN 0x0c92 PSN 0x2dd180 RKey 0x001ab2 VAddr 0x007f42ea583000
 GID: 00:00:00:00:00:00:00:00:00:00:255:255:192:168:00:01
 local address: LID 0000 QPN 0x0c93 PSN 0xcc6924 RKey 0x001ab2 VAddr 0x007f42ea584000
 GID: 00:00:00:00:00:00:00:00:00:00:255:255:192:168:00:01
 local address: LID 0000 QPN 0x0c94 PSN 0xe9dce7 RKey 0x001ab2 VAddr 0x007f42ea585000
 GID: 00:00:00:00:00:00:00:00:00:00:255:255:192:168:00:01
 local address: LID 0000 QPN 0x0c95 PSN 0x78647 RKey 0x001ab2 VAddr 0x007f42ea586000
 GID: 00:00:00:00:00:00:00:00:00:00:255:255:192:168:00:01
 local address: LID 0000 QPN 0x0c96 PSN 0x97dfe8 RKey 0x001ab2 VAddr 0x007f42ea587000
 GID: 00:00:00:00:00:00:00:00:00:00:255:255:192:168:00:01
 local address: LID 0000 QPN 0x0c97 PSN 0x344a86 RKey 0x001ab2 VAddr 0x007f42ea588000
 GID: 00:00:00:00:00:00:00:00:00:00:255:255:192:168:00:01
 local address: LID 0000 QPN 0x0c98 PSN 0x9eed2 RKey 0x001ab2 VAddr 0x007f42ea589000
 GID: 00:00:00:00:00:00:00:00:00:00:255:255:192:168:00:01
 local address: LID 0000 QPN 0x0c99 PSN 0x87d67f RKey 0x001ab2 VAddr 0x007f42ea58a000
 GID: 00:00:00:00:00:00:00:00:00:00:255:255:192:168:00:01
 local address: LID 0000 QPN 0x0c9a PSN 0x405cd RKey 0x001ab2 VAddr 0x007f42ea58b000
 GID: 00:00:00:00:00:00:00:00:00:00:255:255:192:168:00:01
 local address: LID 0000 QPN 0x0c9b PSN 0xcbe524 RKey 0x001ab2 VAddr 0x007f42ea58c000
 GID: 00:00:00:00:00:00:00:00:00:00:255:255:192:168:00:01
 local address: LID 0000 QPN 0x0c9c PSN 0x215141 RKey 0x001ab2 VAddr 0x007f42ea58d000
 GID: 00:00:00:00:00:00:00:00:00:00:255:255:192:168:00:01
 local address: LID 0000 QPN 0x0c9d PSN 0xe6580e RKey 0x001ab2 VAddr 0x007f42ea58e000
 GID: 00:00:00:00:00:00:00:00:00:00:255:255:192:168:00:01
 local address: LID 0000 QPN 0x0c9e PSN 0x10dc5 RKey 0x001ab2 VAddr 0x007f42ea58f000
 GID: 00:00:00:00:00:00:00:00:00:00:255:255:192:168:00:01
 local address: LID 0000 QPN 0x0c9f PSN 0x235245 RKey 0x001ab2 VAddr 0x007f42ea590000
 GID: 00:00:00:00:00:00:00:00:00:00:255:255:192:168:00:01
 local address: LID 0000 QPN 0x0ca0 PSN 0x6bba69 RKey 0x001ab2 VAddr 0x007f42ea591000
 GID: 00:00:00:00:00:00:00:00:00:00:255:255:192:168:00:01
 local address: LID 0000 QPN 0x0ca1 PSN 0xcbe5b6 RKey 0x001ab2 VAddr 0x007f42ea592000
 GID: 00:00:00:00:00:00:00:00:00:00:255:255:192:168:00:01
 local address: LID 0000 QPN 0x0ca2 PSN 0xb98649 RKey 0x001ab2 VAddr 0x007f42ea593000
 GID: 00:00:00:00:00:00:00:00:00:00:255:255:192:168:00:01
 local address: LID 0000 QPN 0x0ca3 PSN 0x4fbb36 RKey 0x001ab2 VAddr 0x007f42ea594000
 GID: 00:00:00:00:00:00:00:00:00:00:255:255:192:168:00:01
 local address: LID 0000 QPN 0x0ca4 PSN 0xfb0d80 RKey 0x001ab2 VAddr 0x007f42ea595000
 GID: 00:00:00:00:00:00:00:00:00:00:255:255:192:168:00:01
 local address: LID 0000 QPN 0x0ca5 PSN 0x71399f RKey 0x001ab2 VAddr 0x007f42ea596000
 GID: 00:00:00:00:00:00:00:00:00:00:255:255:192:168:00:01
 local address: LID 0000 QPN 0x0ca6 PSN 0x1e69b5 RKey 0x001ab2 VAddr 0x007f42ea597000
 GID: 00:00:00:00:00:00:00:00:00:00:255:255:192:168:00:01
 local address: LID 0000 QPN 0x0ca7 PSN 0xdeae27 RKey 0x001ab2 VAddr 0x007f42ea598000
 GID: 00:00:00:00:00:00:00:00:00:00:255:255:192:168:00:01
 local address: LID 0000 QPN 0x0ca8 PSN 0x86578a RKey 0x001ab2 VAddr 0x007f42ea599000
 GID: 00:00:00:00:00:00:00:00:00:00:255:255:192:168:00:01
 local address: LID 0000 QPN 0x0ca9 PSN 0x7d3eb7 RKey 0x001ab2 VAddr 0x007f42ea59a000
 GID: 00:00:00:00:00:00:00:00:00:00:255:255:192:168:00:01
 local address: LID 0000 QPN 0x0caa PSN 0x6d046c RKey 0x001ab2 VAddr 0x007f42ea59b000
 GID: 00:00:00:00:00:00:00:00:00:00:255:255:192:168:00:01
 local address: LID 0000 QPN 0x0cab PSN 0xf3a6a2 RKey 0x001ab2 VAddr 0x007f42ea59c000
 GID: 00:00:00:00:00:00:00:00:00:00:255:255:192:168:00:01
 local address: LID 0000 QPN 0x0cac PSN 0x128750 RKey 0x001ab2 VAddr 0x007f42ea59d000
 GID: 00:00:00:00:00:00:00:00:00:00:255:255:192:168:00:01
 local address: LID 0000 QPN 0x0cad PSN 0x36cec3 RKey 0x001ab2 VAddr 0x007f42ea59e000
 GID: 00:00:00:00:00:00:00:00:00:00:255:255:192:168:00:01
 local address: LID 0000 QPN 0x0cae PSN 0x51db19 RKey 0x001ab2 VAddr 0x007f42ea59f000
 GID: 00:00:00:00:00:00:00:00:00:00:255:255:192:168:00:01
 remote address: LID 0000 QPN 0x0c87 PSN 0x251eca RKey 0x00198d VAddr 0x007fe6d894b000
 GID: 00:00:00:00:00:00:00:00:00:00:255:255:192:168:00:02
 remote address: LID 0000 QPN 0x0c88 PSN 0x7701ec RKey 0x00198d VAddr 0x007fe6d894c000
 GID: 00:00:00:00:00:00:00:00:00:00:255:255:192:168:00:02
 remote address: LID 0000 QPN 0x0c89 PSN 0x675ac6 RKey 0x00198d VAddr 0x007fe6d894d000
 GID: 00:00:00:00:00:00:00:00:00:00:255:255:192:168:00:02
 remote address: LID 0000 QPN 0x0c8a PSN 0x3e299d RKey 0x00198d VAddr 0x007fe6d894e000
 GID: 00:00:00:00:00:00:00:00:00:00:255:255:192:168:00:02
 remote address: LID 0000 QPN 0x0c8b PSN 0x87bec RKey 0x00198d VAddr 0x007fe6d894f000
 GID: 00:00:00:00:00:00:00:00:00:00:255:255:192:168:00:02
 remote address: LID 0000 QPN 0x0c8c PSN 0x1b20de RKey 0x00198d VAddr 0x007fe6d8950000
 GID: 00:00:00:00:00:00:00:00:00:00:255:255:192:168:00:02
 remote address: LID 0000 QPN 0x0c8d PSN 0xa633e5 RKey 0x00198d VAddr 0x007fe6d8951000
 GID: 00:00:00:00:00:00:00:00:00:00:255:255:192:168:00:02
 remote address: LID 0000 QPN 0x0c8e PSN 0x45127a RKey 0x00198d VAddr 0x007fe6d8952000
 GID: 00:00:00:00:00:00:00:00:00:00:255:255:192:168:00:02
 remote address: LID 0000 QPN 0x0c8f PSN 0x495396 RKey 0x00198d VAddr 0x007fe6d8953000
 GID: 00:00:00:00:00:00:00:00:00:00:255:255:192:168:00:02
 remote address: LID 0000 QPN 0x0c90 PSN 0x5fd860 RKey 0x00198d VAddr 0x007fe6d8954000
 GID: 00:00:00:00:00:00:00:00:00:00:255:255:192:168:00:02
 remote address: LID 0000 QPN 0x0c91 PSN 0xc69684 RKey 0x00198d VAddr 0x007fe6d8955000
 GID: 00:00:00:00:00:00:00:00:00:00:255:255:192:168:00:02
 remote address: LID 0000 QPN 0x0c92 PSN 0xb36ec7 RKey 0x00198d VAddr 0x007fe6d8956000
 GID: 00:00:00:00:00:00:00:00:00:00:255:255:192:168:00:02
 remote address: LID 0000 QPN 0x0c93 PSN 0x69e2a7 RKey 0x00198d VAddr 0x007fe6d8957000
 GID: 00:00:00:00:00:00:00:00:00:00:255:255:192:168:00:02
 remote address: LID 0000 QPN 0x0c94 PSN 0xf774c8 RKey 0x00198d VAddr 0x007fe6d8958000
 GID: 00:00:00:00:00:00:00:00:00:00:255:255:192:168:00:02
 remote address: LID 0000 QPN 0x0c95 PSN 0x27ede6 RKey 0x00198d VAddr 0x007fe6d8959000
 GID: 00:00:00:00:00:00:00:00:00:00:255:255:192:168:00:02
 remote address: LID 0000 QPN 0x0c96 PSN 0xebeb2 RKey 0x00198d VAddr 0x007fe6d895a000
 GID: 00:00:00:00:00:00:00:00:00:00:255:255:192:168:00:02
 remote address: LID 0000 QPN 0x0c97 PSN 0xd798df RKey 0x00198d VAddr 0x007fe6d895b000
 GID: 00:00:00:00:00:00:00:00:00:00:255:255:192:168:00:02
 remote address: LID 0000 QPN 0x0c98 PSN 0x1c08ad RKey 0x00198d VAddr 0x007fe6d895c000
 GID: 00:00:00:00:00:00:00:00:00:00:255:255:192:168:00:02
 remote address: LID 0000 QPN 0x0c99 PSN 0x1a5e84 RKey 0x00198d VAddr 0x007fe6d895d000
 GID: 00:00:00:00:00:00:00:00:00:00:255:255:192:168:00:02
 remote address: LID 0000 QPN 0x0c9a PSN 0x173f21 RKey 0x00198d VAddr 0x007fe6d895e000
 GID: 00:00:00:00:00:00:00:00:00:00:255:255:192:168:00:02
 remote address: LID 0000 QPN 0x0c9b PSN 0xd3e06e RKey 0x00198d VAddr 0x007fe6d895f000
 GID: 00:00:00:00:00:00:00:00:00:00:255:255:192:168:00:02
 remote address: LID 0000 QPN 0x0c9c PSN 0x2a5ea5 RKey 0x00198d VAddr 0x007fe6d8960000
 GID: 00:00:00:00:00:00:00:00:00:00:255:255:192:168:00:02
 remote address: LID 0000 QPN 0x0c9d PSN 0xe401a5 RKey 0x00198d VAddr 0x007fe6d8961000
 GID: 00:00:00:00:00:00:00:00:00:00:255:255:192:168:00:02
 remote address: LID 0000 QPN 0x0c9e PSN 0x86a649 RKey 0x00198d VAddr 0x007fe6d8962000
 GID: 00:00:00:00:00:00:00:00:00:00:255:255:192:168:00:02
 remote address: LID 0000 QPN 0x0c9f PSN 0xad9416 RKey 0x00198d VAddr 0x007fe6d8963000
 GID: 00:00:00:00:00:00:00:00:00:00:255:255:192:168:00:02
 remote address: LID 0000 QPN 0x0ca0 PSN 0xfb0529 RKey 0x00198d VAddr 0x007fe6d8964000
 GID: 00:00:00:00:00:00:00:00:00:00:255:255:192:168:00:02
 remote address: LID 0000 QPN 0x0ca1 PSN 0xb00096 RKey 0x00198d VAddr 0x007fe6d8965000
 GID: 00:00:00:00:00:00:00:00:00:00:255:255:192:168:00:02
 remote address: LID 0000 QPN 0x0ca2 PSN 0xccd760 RKey 0x00198d VAddr 0x007fe6d8966000
 GID: 00:00:00:00:00:00:00:00:00:00:255:255:192:168:00:02
 remote address: LID 0000 QPN 0x0ca3 PSN 0xa36dff RKey 0x00198d VAddr 0x007fe6d8967000
 GID: 00:00:00:00:00:00:00:00:00:00:255:255:192:168:00:02
 remote address: LID 0000 QPN 0x0ca4 PSN 0xcf695 RKey 0x00198d VAddr 0x007fe6d8968000
 GID: 00:00:00:00:00:00:00:00:00:00:255:255:192:168:00:02
 remote address: LID 0000 QPN 0x0ca5 PSN 0x81e987 RKey 0x00198d VAddr 0x007fe6d8969000
 GID: 00:00:00:00:00:00:00:00:00:00:255:255:192:168:00:02
 remote address: LID 0000 QPN 0x0ca6 PSN 0xdedf6a RKey 0x00198d VAddr 0x007fe6d896a000
 GID: 00:00:00:00:00:00:00:00:00:00:255:255:192:168:00:02
 remote address: LID 0000 QPN 0x0ca7 PSN 0xc25917 RKey 0x00198d VAddr 0x007fe6d896b000
 GID: 00:00:00:00:00:00:00:00:00:00:255:255:192:168:00:02
 remote address: LID 0000 QPN 0x0ca8 PSN 0xb7f4c RKey 0x00198d VAddr 0x007fe6d896c000
 GID: 00:00:00:00:00:00:00:00:00:00:255:255:192:168:00:02
 remote address: LID 0000 QPN 0x0ca9 PSN 0x533802 RKey 0x00198d VAddr 0x007fe6d896d000
 GID: 00:00:00:00:00:00:00:00:00:00:255:255:192:168:00:02
 remote address: LID 0000 QPN 0x0caa PSN 0xdfad30 RKey 0x00198d VAddr 0x007fe6d896e000
 GID: 00:00:00:00:00:00:00:00:00:00:255:255:192:168:00:02
 remote address: LID 0000 QPN 0x0cab PSN 0x172f23 RKey 0x00198d VAddr 0x007fe6d896f000
 GID: 00:00:00:00:00:00:00:00:00:00:255:255:192:168:00:02
 remote address: LID 0000 QPN 0x0cac PSN 0xf123f9 RKey 0x00198d VAddr 0x007fe6d8970000
 GID: 00:00:00:00:00:00:00:00:00:00:255:255:192:168:00:02
---------------------------------------------------------------------------------------
 #bytes     #iterations    BW peak[MB/sec]    BW average[MB/sec]   MsgRate[Mpps]
 4096       190000           12587.20            12489.31		   3.197264
---------------------------------------------------------------------------------------
